2002.06.20 16:03 B C:\Mes documents\WebSilex\images\AnimSilex.gif --> www.uga.cernet.fr /WebSilex/images AnimSilex.gif
2002.06.20 16:03 B C:\Mes documents\WebSilex\images\ban43.gif --> www.uga.cernet.fr /WebSilex/images ban43.gif
2002.06.20 16:03 B C:\Mes documents\WebSilex\images\bandorange.jpg --> www.uga.cernet.fr /WebSilex/images bandorange.jpg
2002.06.20 16:03 B C:\Mes documents\WebSilex\images\CarteSilex.jpg --> www.uga.cernet.fr /WebSilex/images CarteSilex.jpg
2002.06.20 16:03 B C:\Mes documents\WebSilex\images\disquette.gif --> www.uga.cernet.fr /WebSilex/images disquette.gif
2002.06.20 16:03 B C:\Mes documents\WebSilex\images\fleche08.gif --> www.uga.cernet.fr /WebSilex/images fleche08.gif
2002.06.20 16:03 B C:\Mes documents\WebSilex\images\fond1.jpg --> www.uga.cernet.fr /WebSilex/images fond1.jpg
2002.06.20 16:03 B C:\Mes documents\WebSilex\images\mcer43h.gif --> www.uga.cernet.fr /WebSilex/images mcer43h.gif
2002.06.20 16:03 B C:\Mes documents\WebSilex\images\millus.jpg --> www.uga.cernet.fr /WebSilex/images millus.jpg
2002.06.20 16:03 B C:\Mes documents\WebSilex\images\ongletSilex1.gif --> www.uga.cernet.fr /WebSilex/images ongletSilex1.gif
2002.06.20 16:03 B C:\Mes documents\WebSilex\images\ongletSilex2.gif --> www.uga.cernet.fr /WebSilex/images ongletSilex2.gif
2002.06.20 16:03 B C:\Mes documents\WebSilex\images\ongletSilex3.gif --> www.uga.cernet.fr /WebSilex/images ongletSilex3.gif
2002.06.20 16:03 B C:\Mes documents\WebSilex\images\ongletSilex4.gif --> www.uga.cernet.fr /WebSilex/images ongletSilex4.gif
2002.06.20 16:03 B C:\Mes documents\WebSilex\images\ongletSilex5.gif --> www.uga.cernet.fr /WebSilex/images ongletSilex5.gif
2002.06.20 16:03 B C:\Mes documents\WebSilex\images\puce.gif --> www.uga.cernet.fr /WebSilex/images puce.gif
2002.06.20 16:35 B C:\Mes documents\WebSilex\images\AnimSilex.gif --> www.uga.cernet.fr /WebSilex/images AnimSilex.gif
2002.06.20 16:35 B C:\Mes documents\WebSilex\images\ban43.gif --> www.uga.cernet.fr /WebSilex/images ban43.gif
2002.06.20 16:35 B C:\Mes documents\WebSilex\images\bandorange.jpg --> www.uga.cernet.fr /WebSilex/images bandorange.jpg
2002.06.20 16:35 B C:\Mes documents\WebSilex\images\CarteSilex.jpg --> www.uga.cernet.fr /WebSilex/images CarteSilex.jpg
2002.06.20 16:35 B C:\Mes documents\WebSilex\images\disquette.gif --> www.uga.cernet.fr /WebSilex/images disquette.gif
2002.06.20 16:35 B C:\Mes documents\WebSilex\images\fleche08.gif --> www.uga.cernet.fr /WebSilex/images fleche08.gif
2002.06.20 16:35 B C:\Mes documents\WebSilex\images\fond1.jpg --> www.uga.cernet.fr /WebSilex/images fond1.jpg
2002.06.20 16:35 B C:\Mes documents\WebSilex\images\mcer43h.gif --> www.uga.cernet.fr /WebSilex/images mcer43h.gif
2002.06.20 16:35 B C:\Mes documents\WebSilex\images\millus.jpg --> www.uga.cernet.fr /WebSilex/images millus.jpg
2002.06.20 16:35 B C:\Mes documents\WebSilex\images\ongletSilex1.gif --> www.uga.cernet.fr /WebSilex/images ongletSilex1.gif
2002.06.20 16:35 B C:\Mes documents\WebSilex\images\ongletSilex2.gif --> www.uga.cernet.fr /WebSilex/images ongletSilex2.gif
2002.06.20 16:35 B C:\Mes documents\WebSilex\images\ongletSilex3.gif --> www.uga.cernet.fr /WebSilex/images ongletSilex3.gif
2002.06.20 16:35 B C:\Mes documents\WebSilex\images\ongletSilex4.gif --> www.uga.cernet.fr /WebSilex/images ongletSilex4.gif
2002.06.20 16:35 B C:\Mes documents\WebSilex\images\ongletSilex5.gif --> www.uga.cernet.fr /WebSilex/images ongletSilex5.gif
2002.06.20 16:35 B C:\Mes documents\WebSilex\images\puce.gif --> www.uga.cernet.fr /WebSilex/images puce.gif
2002.06.20 16:35 B C:\Mes documents\WebSilex\images\WS_FTP.LOG --> www.uga.cernet.fr /WebSilex/images WS_FTP.LOG
2002.06.20 17:21 B C:\Mes documents\WebSilex\images\AnimSilex.gif --> www.uga.cernet.fr /WebSilex/images AnimSilex.gif
2002.06.20 17:21 B C:\Mes documents\WebSilex\images\ban43.gif --> www.uga.cernet.fr /WebSilex/images ban43.gif
2002.06.20 17:21 B C:\Mes documents\WebSilex\images\bandorange.jpg --> www.uga.cernet.fr /WebSilex/images bandorange.jpg
2002.06.20 17:21 B C:\Mes documents\WebSilex\images\CarteSilex.jpg --> www.uga.cernet.fr /WebSilex/images CarteSilex.jpg
2002.06.20 17:21 B C:\Mes documents\WebSilex\images\disquette.gif --> www.uga.cernet.fr /WebSilex/images disquette.gif
2002.06.20 17:21 B C:\Mes documents\WebSilex\images\fleche08.gif --> www.uga.cernet.fr /WebSilex/images fleche08.gif
2002.06.20 17:21 B C:\Mes documents\WebSilex\images\fond1.jpg --> www.uga.cernet.fr /WebSilex/images fond1.jpg
2002.06.20 17:21 B C:\Mes documents\WebSilex\images\LogocolorSilex.gif --> www.uga.cernet.fr /WebSilex/images LogocolorSilex.gif
2002.06.20 17:21 B C:\Mes documents\WebSilex\images\LogodispSilex.gif --> www.uga.cernet.fr /WebSilex/images LogodispSilex.gif
2002.06.20 17:21 B C:\Mes documents\WebSilex\images\LogoFlouSilex.gif --> www.uga.cernet.fr /WebSilex/images LogoFlouSilex.gif
2002.06.20 17:21 B C:\Mes documents\WebSilex\images\mcer43h.gif --> www.uga.cernet.fr /WebSilex/images mcer43h.gif
2002.06.20 17:21 B C:\Mes documents\WebSilex\images\millus.jpg --> www.uga.cernet.fr /WebSilex/images millus.jpg
2002.06.20 17:21 B C:\Mes documents\WebSilex\images\ongletSilex1.gif --> www.uga.cernet.fr /WebSilex/images ongletSilex1.gif
2002.06.20 17:21 B C:\Mes documents\WebSilex\images\ongletSilex2.gif --> www.uga.cernet.fr /WebSilex/images ongletSilex2.gif
2002.06.20 17:21 B C:\Mes documents\WebSilex\images\ongletSilex3.gif --> www.uga.cernet.fr /WebSilex/images ongletSilex3.gif
2002.06.20 17:21 B C:\Mes documents\WebSilex\images\ongletSilex4.gif --> www.uga.cernet.fr /WebSilex/images ongletSilex4.gif
2002.06.20 17:21 B C:\Mes documents\WebSilex\images\ongletSilex5.gif --> www.uga.cernet.fr /WebSilex/images ongletSilex5.gif
2002.06.20 17:21 B C:\Mes documents\WebSilex\images\puce.gif --> www.uga.cernet.fr /WebSilex/images puce.gif
2002.06.21 10:03 B C:\Mes documents\SITESILEX\images\WS_FTP.LOG <-- www.uga.cernet.fr /WebSilex/images WS_FTP.LOG
2002.06.21 17:03 B C:\Mes documents\SITESILEX\images\Animlogosilex2.gif --> www.uga.cernet.fr /WebSilex/images Animlogosilex2.gif
2002.06.21 17:03 B C:\Mes documents\SITESILEX\images\ban43.gif --> www.uga.cernet.fr /WebSilex/images ban43.gif
2002.06.21 17:03 B C:\Mes documents\SITESILEX\images\bandorange.jpg --> www.uga.cernet.fr /WebSilex/images bandorange.jpg
2002.06.21 17:03 B C:\Mes documents\SITESILEX\images\CartDepartementWinsilex.gif --> www.uga.cernet.fr /WebSilex/images CartDepartementWinsilex.gif
2002.06.21 17:03 B C:\Mes documents\SITESILEX\images\Carte2Silex.jpg --> www.uga.cernet.fr /WebSilex/images Carte2Silex.jpg
2002.06.21 17:03 B C:\Mes documents\SITESILEX\images\carteSilex.gif --> www.uga.cernet.fr /WebSilex/images carteSilex.gif
2002.06.21 17:03 B C:\Mes documents\SITESILEX\images\CarteSilex.jpg --> www.uga.cernet.fr /WebSilex/images CarteSilex.jpg
2002.06.21 17:03 B C:\Mes documents\SITESILEX\images\CartWinsilex.gif --> www.uga.cernet.fr /WebSilex/images CartWinsilex.gif
2002.06.21 17:03 B C:\Mes documents\SITESILEX\images\Copie de Carte2Silex.jpg --> www.uga.cernet.fr /WebSilex/images Copie de Carte2Silex.jpg
2002.06.21 17:03 B C:\Mes documents\SITESILEX\images\disquette 1.gif --> www.uga.cernet.fr /WebSilex/images disquette 1.gif
2002.06.21 17:03 B C:\Mes documents\SITESILEX\images\disquette.gif --> www.uga.cernet.fr /WebSilex/images disquette.gif
2002.06.21 17:03 B C:\Mes documents\SITESILEX\images\fleche08.gif --> www.uga.cernet.fr /WebSilex/images fleche08.gif
2002.06.21 17:03 B C:\Mes documents\SITESILEX\images\fond1.jpg --> www.uga.cernet.fr /WebSilex/images fond1.jpg
2002.06.21 17:03 B C:\Mes documents\SITESILEX\images\LogocolorSilex.gif --> www.uga.cernet.fr /WebSilex/images LogocolorSilex.gif
2002.06.21 17:03 B C:\Mes documents\SITESILEX\images\LogodispSilex.gif --> www.uga.cernet.fr /WebSilex/images LogodispSilex.gif
2002.06.21 17:03 B C:\Mes documents\SITESILEX\images\LogoFlouSilex.gif --> www.uga.cernet.fr /WebSilex/images LogoFlouSilex.gif
2002.06.21 17:03 B C:\Mes documents\SITESILEX\images\mcer43h.gif --> www.uga.cernet.fr /WebSilex/images mcer43h.gif
2002.06.21 17:03 B C:\Mes documents\SITESILEX\images\millus.jpg --> www.uga.cernet.fr /WebSilex/images millus.jpg
2002.06.21 17:03 B C:\Mes documents\SITESILEX\images\ongletSilex1.gif --> www.uga.cernet.fr /WebSilex/images ongletSilex1.gif
2002.06.21 17:03 B C:\Mes documents\SITESILEX\images\ongletSilex2.gif --> www.uga.cernet.fr /WebSilex/images ongletSilex2.gif
2002.06.21 17:03 B C:\Mes documents\SITESILEX\images\ongletSilex3.gif --> www.uga.cernet.fr /WebSilex/images ongletSilex3.gif
2002.06.21 17:03 B C:\Mes documents\SITESILEX\images\ongletSilex4.gif --> www.uga.cernet.fr /WebSilex/images ongletSilex4.gif
2002.06.21 17:03 B C:\Mes documents\SITESILEX\images\ongletSilex5.gif --> www.uga.cernet.fr /WebSilex/images ongletSilex5.gif
2002.06.21 17:03 B C:\Mes documents\SITESILEX\images\puce.gif --> www.uga.cernet.fr /WebSilex/images puce.gif
2002.06.21 17:03 B C:\Mes documents\SITESILEX\images\WS_FTP.LOG --> www.uga.cernet.fr /WebSilex/images WS_FTP.LOG
2002.06.21 17:38 B C:\Mes documents\SITESILEX\images\Animlogosilex2.gif --> www.uga.cernet.fr /WebSilex/images Animlogosilex2.gif
2002.06.21 17:38 B C:\Mes documents\SITESILEX\images\ban43.gif --> www.uga.cernet.fr /WebSilex/images ban43.gif
2002.06.21 17:38 B C:\Mes documents\SITESILEX\images\bandorange.jpg --> www.uga.cernet.fr /WebSilex/images bandorange.jpg
2002.06.21 17:38 B C:\Mes documents\SITESILEX\images\CartDepartementWinsilex.gif --> www.uga.cernet.fr /WebSilex/images CartDepartementWinsilex.gif
2002.06.21 17:38 B C:\Mes documents\SITESILEX\images\Carte2Silex.jpg --> www.uga.cernet.fr /WebSilex/images Carte2Silex.jpg
2002.06.21 17:38 B C:\Mes documents\SITESILEX\images\carteSilex.gif --> www.uga.cernet.fr /WebSilex/images carteSilex.gif
2002.06.21 17:38 B C:\Mes documents\SITESILEX\images\CarteSilex.jpg --> www.uga.cernet.fr /WebSilex/images CarteSilex.jpg
2002.06.21 17:38 B C:\Mes documents\SITESILEX\images\CartReferenceWinsilex.gif --> www.uga.cernet.fr /WebSilex/images CartReferenceWinsilex.gif
2002.06.21 17:38 B C:\Mes documents\SITESILEX\images\CartWinsilex.gif --> www.uga.cernet.fr /WebSilex/images CartWinsilex.gif
2002.06.21 17:38 B C:\Mes documents\SITESILEX\images\Copie de Carte2Silex.jpg --> www.uga.cernet.fr /WebSilex/images Copie de Carte2Silex.jpg
2002.06.21 17:38 B C:\Mes documents\SITESILEX\images\disquette 1.gif --> www.uga.cernet.fr /WebSilex/images disquette 1.gif
2002.06.21 17:38 B C:\Mes documents\SITESILEX\images\disquette.gif --> www.uga.cernet.fr /WebSilex/images disquette.gif
2002.06.21 17:38 B C:\Mes documents\SITESILEX\images\fleche08.gif --> www.uga.cernet.fr /WebSilex/images fleche08.gif
2002.06.21 17:38 B C:\Mes documents\SITESILEX\images\fond1.jpg --> www.uga.cernet.fr /WebSilex/images fond1.jpg
2002.06.21 17:38 B C:\Mes documents\SITESILEX\images\LogocolorSilex.gif --> www.uga.cernet.fr /WebSilex/images LogocolorSilex.gif
2002.06.21 17:38 B C:\Mes documents\SITESILEX\images\LogodispSilex.gif --> www.uga.cernet.fr /WebSilex/images LogodispSilex.gif
2002.06.21 17:38 B C:\Mes documents\SITESILEX\images\LogoFlouSilex.gif --> www.uga.cernet.fr /WebSilex/images LogoFlouSilex.gif
2002.06.21 17:38 B C:\Mes documents\SITESILEX\images\mcer43h.gif --> www.uga.cernet.fr /WebSilex/images mcer43h.gif
2002.06.21 17:38 B C:\Mes documents\SITESILEX\images\millus.jpg --> www.uga.cernet.fr /WebSilex/images millus.jpg
2002.06.21 17:38 B C:\Mes documents\SITESILEX\images\ongletSilex1.gif --> www.uga.cernet.fr /WebSilex/images ongletSilex1.gif
2002.06.21 17:38 B C:\Mes documents\SITESILEX\images\ongletSilex2.gif --> www.uga.cernet.fr /WebSilex/images ongletSilex2.gif
2002.06.21 17:38 B C:\Mes documents\SITESILEX\images\ongletSilex3.gif --> www.uga.cernet.fr /WebSilex/images ongletSilex3.gif
2002.06.21 17:38 B C:\Mes documents\SITESILEX\images\ongletSilex4.gif --> www.uga.cernet.fr /WebSilex/images ongletSilex4.gif
2002.06.21 17:38 B C:\Mes documents\SITESILEX\images\ongletSilex5.gif --> www.uga.cernet.fr /WebSilex/images ongletSilex5.gif
2002.06.21 17:38 B C:\Mes documents\SITESILEX\images\puce.gif --> www.uga.cernet.fr /WebSilex/images puce.gif
2002.06.21 17:38 B C:\Mes documents\SITESILEX\images\WS_FTP.LOG --> www.uga.cernet.fr /WebSilex/images WS_FTP.LOG
2002.06.21 18:02 B C:\Mes documents\SITESILEX\images\Animlogosilex2.gif --> www.uga.cernet.fr /WebSilex/images Animlogosilex2.gif
2002.06.21 18:02 B C:\Mes documents\SITESILEX\images\ban43.gif --> www.uga.cernet.fr /WebSilex/images ban43.gif
2002.06.21 18:02 B C:\Mes documents\SITESILEX\images\bandorange.jpg --> www.uga.cernet.fr /WebSilex/images bandorange.jpg
2002.06.21 18:02 B C:\Mes documents\SITESILEX\images\CartanimeReferenceWinsilex.gif --> www.uga.cernet.fr /WebSilex/images CartanimeReferenceWinsilex.gif
2002.06.21 18:02 B C:\Mes documents\SITESILEX\images\CartDepartementWinsilex.gif --> www.uga.cernet.fr /WebSilex/images CartDepartementWinsilex.gif
2002.06.21 18:02 B C:\Mes documents\SITESILEX\images\Carte2Silex.jpg --> www.uga.cernet.fr /WebSilex/images Carte2Silex.jpg
2002.06.21 18:02 B C:\Mes documents\SITESILEX\images\carteSilex.gif --> www.uga.cernet.fr /WebSilex/images carteSilex.gif
2002.06.21 18:02 B C:\Mes documents\SITESILEX\images\CarteSilex.jpg --> www.uga.cernet.fr /WebSilex/images CarteSilex.jpg
2002.06.21 18:02 B C:\Mes documents\SITESILEX\images\CartReferenceWinsilex.gif --> www.uga.cernet.fr /WebSilex/images CartReferenceWinsilex.gif
2002.06.21 18:02 B C:\Mes documents\SITESILEX\images\CartWinsilex.gif --> www.uga.cernet.fr /WebSilex/images CartWinsilex.gif
2002.06.21 18:02 B C:\Mes documents\SITESILEX\images\Copie de Carte2Silex.jpg --> www.uga.cernet.fr /WebSilex/images Copie de Carte2Silex.jpg
2002.06.21 18:02 B C:\Mes documents\SITESILEX\images\disquette 1.gif --> www.uga.cernet.fr /WebSilex/images disquette 1.gif
2002.06.21 18:02 B C:\Mes documents\SITESILEX\images\disquette.gif --> www.uga.cernet.fr /WebSilex/images disquette.gif
2002.06.21 18:02 B C:\Mes documents\SITESILEX\images\fleche08.gif --> www.uga.cernet.fr /WebSilex/images fleche08.gif
2002.06.21 18:02 B C:\Mes documents\SITESILEX\images\fond1.jpg --> www.uga.cernet.fr /WebSilex/images fond1.jpg
2002.06.21 18:02 B C:\Mes documents\SITESILEX\images\LogocolorSilex.gif --> www.uga.cernet.fr /WebSilex/images LogocolorSilex.gif
2002.06.21 18:02 B C:\Mes documents\SITESILEX\images\LogodispSilex.gif --> www.uga.cernet.fr /WebSilex/images LogodispSilex.gif
2002.06.21 18:02 B C:\Mes documents\SITESILEX\images\LogoFlouSilex.gif --> www.uga.cernet.fr /WebSilex/images LogoFlouSilex.gif
2002.06.21 18:02 B C:\Mes documents\SITESILEX\images\mcer43h.gif --> www.uga.cernet.fr /WebSilex/images mcer43h.gif
2002.06.21 18:02 B C:\Mes documents\SITESILEX\images\millus.jpg --> www.uga.cernet.fr /WebSilex/images millus.jpg
2002.06.21 18:02 B C:\Mes documents\SITESILEX\images\ongletSilex1.gif --> www.uga.cernet.fr /WebSilex/images ongletSilex1.gif
2002.06.21 18:02 B C:\Mes documents\SITESILEX\images\ongletSilex2.gif --> www.uga.cernet.fr /WebSilex/images ongletSilex2.gif
2002.06.21 18:02 B C:\Mes documents\SITESILEX\images\ongletSilex3.gif --> www.uga.cernet.fr /WebSilex/images ongletSilex3.gif
2002.06.21 18:02 B C:\Mes documents\SITESILEX\images\ongletSilex4.gif --> www.uga.cernet.fr /WebSilex/images ongletSilex4.gif
2002.06.21 18:02 B C:\Mes documents\SITESILEX\images\ongletSilex5.gif --> www.uga.cernet.fr /WebSilex/images ongletSilex5.gif
2002.06.21 18:02 B C:\Mes documents\SITESILEX\images\puce.gif --> www.uga.cernet.fr /WebSilex/images puce.gif
2002.06.21 18:02 B C:\Mes documents\SITESILEX\images\WS_FTP.LOG --> www.uga.cernet.fr /WebSilex/images WS_FTP.LOG
2002.06.24 14:46 B C:\Mes documents\SITESILEX\images\Animlogosilex2.gif --> www.uga.cernet.fr /WebSilex/images Animlogosilex2.gif
2002.06.24 14:46 B C:\Mes documents\SITESILEX\images\ban43.gif --> www.uga.cernet.fr /WebSilex/images ban43.gif
2002.06.24 14:46 B C:\Mes documents\SITESILEX\images\bandorange.jpg --> www.uga.cernet.fr /WebSilex/images bandorange.jpg
2002.06.24 14:46 B C:\Mes documents\SITESILEX\images\CartanimeReferenceWinsilex.gif --> www.uga.cernet.fr /WebSilex/images CartanimeReferenceWinsilex.gif
2002.06.24 14:46 B C:\Mes documents\SITESILEX\images\CartDepartementWinsilex.gif --> www.uga.cernet.fr /WebSilex/images CartDepartementWinsilex.gif
2002.06.24 14:46 B C:\Mes documents\SITESILEX\images\Carte2Silex.jpg --> www.uga.cernet.fr /WebSilex/images Carte2Silex.jpg
2002.06.24 14:46 B C:\Mes documents\SITESILEX\images\CartReferenceWinsilex.gif --> www.uga.cernet.fr /WebSilex/images CartReferenceWinsilex.gif
2002.06.24 14:46 B C:\Mes documents\SITESILEX\images\CartReferenceWinsilex2.gif --> www.uga.cernet.fr /WebSilex/images CartReferenceWinsilex2.gif
2002.06.24 14:46 B C:\Mes documents\SITESILEX\images\CartWinsilex.gif --> www.uga.cernet.fr /WebSilex/images CartWinsilex.gif
2002.06.24 14:46 B C:\Mes documents\SITESILEX\images\Copie de Carte2Silex.jpg --> www.uga.cernet.fr /WebSilex/images Copie de Carte2Silex.jpg
2002.06.24 14:46 B C:\Mes documents\SITESILEX\images\disquette 1.gif --> www.uga.cernet.fr /WebSilex/images disquette 1.gif
2002.06.24 14:46 B C:\Mes documents\SITESILEX\images\disquette.gif --> www.uga.cernet.fr /WebSilex/images disquette.gif
2002.06.24 14:46 B C:\Mes documents\SITESILEX\images\fleche08.gif --> www.uga.cernet.fr /WebSilex/images fleche08.gif
2002.06.24 14:46 B C:\Mes documents\SITESILEX\images\fond1.jpg --> www.uga.cernet.fr /WebSilex/images fond1.jpg
2002.06.24 14:46 B C:\Mes documents\SITESILEX\images\LogocolorSilex.gif --> www.uga.cernet.fr /WebSilex/images LogocolorSilex.gif
2002.06.24 14:46 B C:\Mes documents\SITESILEX\images\LogodispSilex.gif --> www.uga.cernet.fr /WebSilex/images LogodispSilex.gif
2002.06.24 14:46 B C:\Mes documents\SITESILEX\images\LogoFlouSilex.gif --> www.uga.cernet.fr /WebSilex/images LogoFlouSilex.gif
2002.06.24 14:46 B C:\Mes documents\SITESILEX\images\mcer43h.gif --> www.uga.cernet.fr /WebSilex/images mcer43h.gif
2002.06.24 14:46 B C:\Mes documents\SITESILEX\images\millus.jpg --> www.uga.cernet.fr /WebSilex/images millus.jpg
2002.06.24 14:46 B C:\Mes documents\SITESILEX\images\ongletSilex1.gif --> www.uga.cernet.fr /WebSilex/images ongletSilex1.gif
2002.06.24 14:46 B C:\Mes documents\SITESILEX\images\ongletSilex2.gif --> www.uga.cernet.fr /WebSilex/images ongletSilex2.gif
2002.06.24 14:46 B C:\Mes documents\SITESILEX\images\ongletSilex3.gif --> www.uga.cernet.fr /WebSilex/images ongletSilex3.gif
2002.06.24 14:46 B C:\Mes documents\SITESILEX\images\ongletSilex4.gif --> www.uga.cernet.fr /WebSilex/images ongletSilex4.gif
2002.06.24 14:46 B C:\Mes documents\SITESILEX\images\ongletSilex5.gif --> www.uga.cernet.fr /WebSilex/images ongletSilex5.gif
2002.06.24 14:46 B C:\Mes documents\SITESILEX\images\puce.gif --> www.uga.cernet.fr /WebSilex/images puce.gif
2002.06.24 14:46 B C:\Mes documents\SITESILEX\images\WS_FTP.LOG --> www.uga.cernet.fr /WebSilex/images WS_FTP.LOG
2002.06.24 15:15 B C:\Mes documents\SITESILEX\images\Animlogosilex2.gif --> www.uga.cernet.fr /WebSilex/images Animlogosilex2.gif
2002.06.24 15:15 B C:\Mes documents\SITESILEX\images\ban43.gif --> www.uga.cernet.fr /WebSilex/images ban43.gif
2002.06.24 15:15 B C:\Mes documents\SITESILEX\images\bandorange.jpg --> www.uga.cernet.fr /WebSilex/images bandorange.jpg
2002.06.24 15:16 B C:\Mes documents\SITESILEX\images\CartanimeReferenceWinsilex.gif --> www.uga.cernet.fr /WebSilex/images CartanimeReferenceWinsilex.gif
2002.06.24 15:16 B C:\Mes documents\SITESILEX\images\CartDepartementWinsilex.gif --> www.uga.cernet.fr /WebSilex/images CartDepartementWinsilex.gif
2002.06.24 15:16 B C:\Mes documents\SITESILEX\images\Carte2Silex.jpg --> www.uga.cernet.fr /WebSilex/images Carte2Silex.jpg
2002.06.24 15:16 B C:\Mes documents\SITESILEX\images\CartReferenceWinsilex.gif --> www.uga.cernet.fr /WebSilex/images CartReferenceWinsilex.gif
2002.06.24 15:16 B C:\Mes documents\SITESILEX\images\CartReferenceWinsilex2.gif --> www.uga.cernet.fr /WebSilex/images CartReferenceWinsilex2.gif
2002.06.24 15:16 B C:\Mes documents\SITESILEX\images\CartWinsilex.gif --> www.uga.cernet.fr /WebSilex/images CartWinsilex.gif
2002.06.24 15:16 B C:\Mes documents\SITESILEX\images\Copie de Carte2Silex.jpg --> www.uga.cernet.fr /WebSilex/images Copie de Carte2Silex.jpg
2002.06.24 15:16 B C:\Mes documents\SITESILEX\images\disquette 1.gif --> www.uga.cernet.fr /WebSilex/images disquette 1.gif
2002.06.24 15:16 B C:\Mes documents\SITESILEX\images\disquette.gif --> www.uga.cernet.fr /WebSilex/images disquette.gif
2002.06.24 15:16 B C:\Mes documents\SITESILEX\images\fleche08.gif --> www.uga.cernet.fr /WebSilex/images fleche08.gif
2002.06.24 15:16 B C:\Mes documents\SITESILEX\images\fond1.jpg --> www.uga.cernet.fr /WebSilex/images fond1.jpg
2002.06.24 15:16 B C:\Mes documents\SITESILEX\images\LogocolorSilex.gif --> www.uga.cernet.fr /WebSilex/images LogocolorSilex.gif
2002.06.24 15:16 B C:\Mes documents\SITESILEX\images\LogodispSilex.gif --> www.uga.cernet.fr /WebSilex/images LogodispSilex.gif
2002.06.24 15:16 B C:\Mes documents\SITESILEX\images\LogoFlouSilex.gif --> www.uga.cernet.fr /WebSilex/images LogoFlouSilex.gif
2002.06.24 15:16 B C:\Mes documents\SITESILEX\images\mcer43h.gif --> www.uga.cernet.fr /WebSilex/images mcer43h.gif
2002.06.24 15:16 B C:\Mes documents\SITESILEX\images\millus.jpg --> www.uga.cernet.fr /WebSilex/images millus.jpg
2002.06.24 15:16 B C:\Mes documents\SITESILEX\images\ongletSilex1.gif --> www.uga.cernet.fr /WebSilex/images ongletSilex1.gif
2002.06.24 15:16 B C:\Mes documents\SITESILEX\images\ongletSilex2.gif --> www.uga.cernet.fr /WebSilex/images ongletSilex2.gif
2002.06.24 15:16 B C:\Mes documents\SITESILEX\images\ongletSilex3.gif --> www.uga.cernet.fr /WebSilex/images ongletSilex3.gif
2002.06.24 15:16 B C:\Mes documents\SITESILEX\images\ongletSilex4.gif --> www.uga.cernet.fr /WebSilex/images ongletSilex4.gif
2002.06.24 15:16 B C:\Mes documents\SITESILEX\images\ongletSilex5.gif --> www.uga.cernet.fr /WebSilex/images ongletSilex5.gif
2002.06.24 15:16 B C:\Mes documents\SITESILEX\images\puce.gif --> www.uga.cernet.fr /WebSilex/images puce.gif
2002.06.24 15:16 B C:\Mes documents\SITESILEX\images\WS_FTP.LOG --> www.uga.cernet.fr /WebSilex/images WS_FTP.LOG
2002.06.24 15:45 B C:\Mes documents\SITESILEX\images\Animlogosilex2.gif --> www.uga.cernet.fr /WebSilex/images Animlogosilex2.gif
2002.06.24 15:45 B C:\Mes documents\SITESILEX\images\ban43.gif --> www.uga.cernet.fr /WebSilex/images ban43.gif
2002.06.24 15:45 B C:\Mes documents\SITESILEX\images\bandorange.jpg --> www.uga.cernet.fr /WebSilex/images bandorange.jpg
2002.06.24 15:45 B C:\Mes documents\SITESILEX\images\CartDepartementWinsilex.gif --> www.uga.cernet.fr /WebSilex/images CartDepartementWinsilex.gif
2002.06.24 15:45 B C:\Mes documents\SITESILEX\images\Carte2Silex.jpg --> www.uga.cernet.fr /WebSilex/images Carte2Silex.jpg
2002.06.24 15:45 B C:\Mes documents\SITESILEX\images\CartReferenceWinsilex.gif --> www.uga.cernet.fr /WebSilex/images CartReferenceWinsilex.gif
2002.06.24 15:45 B C:\Mes documents\SITESILEX\images\CartReferenceWinsilex3.gif --> www.uga.cernet.fr /WebSilex/images CartReferenceWinsilex3.gif
2002.06.24 15:45 B C:\Mes documents\SITESILEX\images\CartWinsilex.gif --> www.uga.cernet.fr /WebSilex/images CartWinsilex.gif
2002.06.24 15:46 B C:\Mes documents\SITESILEX\images\Copie de Carte2Silex.jpg --> www.uga.cernet.fr /WebSilex/images Copie de Carte2Silex.jpg
2002.06.24 15:46 B C:\Mes documents\SITESILEX\images\disquette 1.gif --> www.uga.cernet.fr /WebSilex/images disquette 1.gif
2002.06.24 15:46 B C:\Mes documents\SITESILEX\images\disquette.gif --> www.uga.cernet.fr /WebSilex/images disquette.gif
2002.06.24 15:46 B C:\Mes documents\SITESILEX\images\fleche08.gif --> www.uga.cernet.fr /WebSilex/images fleche08.gif
2002.06.24 15:46 B C:\Mes documents\SITESILEX\images\fond1.jpg --> www.uga.cernet.fr /WebSilex/images fond1.jpg
2002.06.24 15:46 B C:\Mes documents\SITESILEX\images\LogocolorSilex.gif --> www.uga.cernet.fr /WebSilex/images LogocolorSilex.gif
2002.06.24 15:46 B C:\Mes documents\SITESILEX\images\LogodispSilex.gif --> www.uga.cernet.fr /WebSilex/images LogodispSilex.gif
2002.06.24 15:46 B C:\Mes documents\SITESILEX\images\LogoFlouSilex.gif --> www.uga.cernet.fr /WebSilex/images LogoFlouSilex.gif
2002.06.24 15:46 B C:\Mes documents\SITESILEX\images\mcer43h.gif --> www.uga.cernet.fr /WebSilex/images mcer43h.gif
2002.06.24 15:46 B C:\Mes documents\SITESILEX\images\millus.jpg --> www.uga.cernet.fr /WebSilex/images millus.jpg
2002.06.24 15:46 B C:\Mes documents\SITESILEX\images\ongletSilex1.gif --> www.uga.cernet.fr /WebSilex/images ongletSilex1.gif
2002.06.24 15:46 B C:\Mes documents\SITESILEX\images\ongletSilex2.gif --> www.uga.cernet.fr /WebSilex/images ongletSilex2.gif
2002.06.24 15:46 B C:\Mes documents\SITESILEX\images\ongletSilex3.gif --> www.uga.cernet.fr /WebSilex/images ongletSilex3.gif
2002.06.24 15:46 B C:\Mes documents\SITESILEX\images\ongletSilex4.gif --> www.uga.cernet.fr /WebSilex/images ongletSilex4.gif
2002.06.24 15:46 B C:\Mes documents\SITESILEX\images\ongletSilex5.gif --> www.uga.cernet.fr /WebSilex/images ongletSilex5.gif
2002.06.24 15:46 B C:\Mes documents\SITESILEX\images\puce.gif --> www.uga.cernet.fr /WebSilex/images puce.gif
2002.06.24 15:46 B C:\Mes documents\SITESILEX\images\WS_FTP.LOG --> www.uga.cernet.fr /WebSilex/images WS_FTP.LOG
2002.06.24 16:18 B C:\Mes documents\SITESILEX\images\Animlogosilex2.gif --> www.uga.cernet.fr /WebSilex/images Animlogosilex2.gif
2002.06.24 16:18 B C:\Mes documents\SITESILEX\images\ban43.gif --> www.uga.cernet.fr /WebSilex/images ban43.gif
2002.06.24 16:18 B C:\Mes documents\SITESILEX\images\bandorange.jpg --> www.uga.cernet.fr /WebSilex/images bandorange.jpg
2002.06.24 16:18 B C:\Mes documents\SITESILEX\images\CartDepartementWinsilex.gif --> www.uga.cernet.fr /WebSilex/images CartDepartementWinsilex.gif
2002.06.24 16:18 B C:\Mes documents\SITESILEX\images\Carte2Silex.jpg --> www.uga.cernet.fr /WebSilex/images Carte2Silex.jpg
2002.06.24 16:18 B C:\Mes documents\SITESILEX\images\CartReferenceWinsilex.gif --> www.uga.cernet.fr /WebSilex/images CartReferenceWinsilex.gif
2002.06.24 16:18 B C:\Mes documents\SITESILEX\images\CartReferenceWinsilex3.gif --> www.uga.cernet.fr /WebSilex/images CartReferenceWinsilex3.gif
2002.06.24 16:18 B C:\Mes documents\SITESILEX\images\CartWinsilex.gif --> www.uga.cernet.fr /WebSilex/images CartWinsilex.gif
2002.06.24 16:18 B C:\Mes documents\SITESILEX\images\Copie de Carte2Silex.jpg --> www.uga.cernet.fr /WebSilex/images Copie de Carte2Silex.jpg
2002.06.24 16:18 B C:\Mes documents\SITESILEX\images\disquette 1.gif --> www.uga.cernet.fr /WebSilex/images disquette 1.gif
2002.06.24 16:19 B C:\Mes documents\SITESILEX\images\disquette.gif --> www.uga.cernet.fr /WebSilex/images disquette.gif
2002.06.24 16:19 B C:\Mes documents\SITESILEX\images\fleche08.gif --> www.uga.cernet.fr /WebSilex/images fleche08.gif
2002.06.24 16:19 B C:\Mes documents\SITESILEX\images\fond1.jpg --> www.uga.cernet.fr /WebSilex/images fond1.jpg
2002.06.24 16:19 B C:\Mes documents\SITESILEX\images\LogocolorSilex.gif --> www.uga.cernet.fr /WebSilex/images LogocolorSilex.gif
2002.06.24 16:19 B C:\Mes documents\SITESILEX\images\LogodispSilex.gif --> www.uga.cernet.fr /WebSilex/images LogodispSilex.gif
2002.06.24 16:19 B C:\Mes documents\SITESILEX\images\LogoFlouSilex.gif --> www.uga.cernet.fr /WebSilex/images LogoFlouSilex.gif
2002.06.24 16:19 B C:\Mes documents\SITESILEX\images\mcer43h.gif --> www.uga.cernet.fr /WebSilex/images mcer43h.gif
2002.06.24 16:19 B C:\Mes documents\SITESILEX\images\millus.jpg --> www.uga.cernet.fr /WebSilex/images millus.jpg
2002.06.24 16:19 B C:\Mes documents\SITESILEX\images\ongletSilex1.gif --> www.uga.cernet.fr /WebSilex/images ongletSilex1.gif
2002.06.24 16:19 B C:\Mes documents\SITESILEX\images\ongletSilex2.gif --> www.uga.cernet.fr /WebSilex/images ongletSilex2.gif
2002.06.24 16:19 B C:\Mes documents\SITESILEX\images\ongletSilex3.gif --> www.uga.cernet.fr /WebSilex/images ongletSilex3.gif
2002.06.24 16:19 B C:\Mes documents\SITESILEX\images\ongletSilex4.gif --> www.uga.cernet.fr /WebSilex/images ongletSilex4.gif
2002.06.24 16:19 B C:\Mes documents\SITESILEX\images\ongletSilex5.gif --> www.uga.cernet.fr /WebSilex/images ongletSilex5.gif
2002.06.24 16:19 B C:\Mes documents\SITESILEX\images\puce.gif --> www.uga.cernet.fr /WebSilex/images puce.gif
2002.06.24 16:19 B C:\Mes documents\SITESILEX\images\WS_FTP.LOG --> www.uga.cernet.fr /WebSilex/images WS_FTP.LOG
2002.06.24 16:49 B C:\Mes documents\SITESILEX\images\Animlogosilex2.gif --> www.uga.cernet.fr /WebSilex/images Animlogosilex2.gif
2002.06.24 16:49 B C:\Mes documents\SITESILEX\images\ban43.gif --> www.uga.cernet.fr /WebSilex/images ban43.gif
2002.06.24 16:49 B C:\Mes documents\SITESILEX\images\bandorange.jpg --> www.uga.cernet.fr /WebSilex/images bandorange.jpg
2002.06.24 16:49 B C:\Mes documents\SITESILEX\images\CartDepartementWinsilex.gif --> www.uga.cernet.fr /WebSilex/images CartDepartementWinsilex.gif
2002.06.24 16:49 B C:\Mes documents\SITESILEX\images\Carte2Silex.jpg --> www.uga.cernet.fr /WebSilex/images Carte2Silex.jpg
2002.06.24 16:49 B C:\Mes documents\SITESILEX\images\CartReferenceWinsilex.gif --> www.uga.cernet.fr /WebSilex/images CartReferenceWinsilex.gif
2002.06.24 16:49 B C:\Mes documents\SITESILEX\images\CartReferenceWinsilex3.gif --> www.uga.cernet.fr /WebSilex/images CartReferenceWinsilex3.gif
2002.06.24 16:49 B C:\Mes documents\SITESILEX\images\CartWinsilex.gif --> www.uga.cernet.fr /WebSilex/images CartWinsilex.gif
2002.06.24 16:49 B C:\Mes documents\SITESILEX\images\Copie de Carte2Silex.jpg --> www.uga.cernet.fr /WebSilex/images Copie de Carte2Silex.jpg
2002.06.24 16:49 B C:\Mes documents\SITESILEX\images\disquette 1.gif --> www.uga.cernet.fr /WebSilex/images disquette 1.gif
2002.06.24 16:49 B C:\Mes documents\SITESILEX\images\disquette.gif --> www.uga.cernet.fr /WebSilex/images disquette.gif
2002.06.24 16:49 B C:\Mes documents\SITESILEX\images\fleche08.gif --> www.uga.cernet.fr /WebSilex/images fleche08.gif
2002.06.24 16:49 B C:\Mes documents\SITESILEX\images\fond1.jpg --> www.uga.cernet.fr /WebSilex/images fond1.jpg
2002.06.24 16:49 B C:\Mes documents\SITESILEX\images\LogocolorSilex.gif --> www.uga.cernet.fr /WebSilex/images LogocolorSilex.gif
2002.06.24 16:49 B C:\Mes documents\SITESILEX\images\LogodispSilex.gif --> www.uga.cernet.fr /WebSilex/images LogodispSilex.gif
2002.06.24 16:49 B C:\Mes documents\SITESILEX\images\LogoFlouSilex.gif --> www.uga.cernet.fr /WebSilex/images LogoFlouSilex.gif
2002.06.24 16:49 B C:\Mes documents\SITESILEX\images\mcer43h.gif --> www.uga.cernet.fr /WebSilex/images mcer43h.gif
2002.06.24 16:49 B C:\Mes documents\SITESILEX\images\millus.jpg --> www.uga.cernet.fr /WebSilex/images millus.jpg
2002.06.24 16:49 B C:\Mes documents\SITESILEX\images\ongletSilex1.gif --> www.uga.cernet.fr /WebSilex/images ongletSilex1.gif
2002.06.24 16:49 B C:\Mes documents\SITESILEX\images\ongletSilex2.gif --> www.uga.cernet.fr /WebSilex/images ongletSilex2.gif
2002.06.24 16:49 B C:\Mes documents\SITESILEX\images\ongletSilex3.gif --> www.uga.cernet.fr /WebSilex/images ongletSilex3.gif
2002.06.24 16:49 B C:\Mes documents\SITESILEX\images\ongletSilex4.gif --> www.uga.cernet.fr /WebSilex/images ongletSilex4.gif
2002.06.24 16:49 B C:\Mes documents\SITESILEX\images\ongletSilex5.gif --> www.uga.cernet.fr /WebSilex/images ongletSilex5.gif
2002.06.24 16:49 B C:\Mes documents\SITESILEX\images\puce.gif --> www.uga.cernet.fr /WebSilex/images puce.gif
2002.06.24 16:49 B C:\Mes documents\SITESILEX\images\WS_FTP.LOG --> www.uga.cernet.fr /WebSilex/images WS_FTP.LOG
2002.06.25 10:20 B C:\Mes documents\SITESILEX\images\Animlogosilex2.gif --> www.uga.cernet.fr /WebSilex/images Animlogosilex2.gif
2002.06.25 10:20 B C:\Mes documents\SITESILEX\images\ban43.gif --> www.uga.cernet.fr /WebSilex/images ban43.gif
2002.06.25 10:20 B C:\Mes documents\SITESILEX\images\bandorange.jpg --> www.uga.cernet.fr /WebSilex/images bandorange.jpg
2002.06.25 10:20 B C:\Mes documents\SITESILEX\images\CartDepartementWinsilex.gif --> www.uga.cernet.fr /WebSilex/images CartDepartementWinsilex.gif
2002.06.25 10:20 B C:\Mes documents\SITESILEX\images\Carte2Silex.jpg --> www.uga.cernet.fr /WebSilex/images Carte2Silex.jpg
2002.06.25 10:20 B C:\Mes documents\SITESILEX\images\carteSilex1.gif --> www.uga.cernet.fr /WebSilex/images carteSilex1.gif
2002.06.25 10:20 B C:\Mes documents\SITESILEX\images\CarteSilex2.gif --> www.uga.cernet.fr /WebSilex/images CarteSilex2.gif
2002.06.25 10:20 B C:\Mes documents\SITESILEX\images\carteSilex3.gif --> www.uga.cernet.fr /WebSilex/images carteSilex3.gif
2002.06.25 10:20 B C:\Mes documents\SITESILEX\images\CartReferenceWinsilex.gif --> www.uga.cernet.fr /WebSilex/images CartReferenceWinsilex.gif
2002.06.25 10:20 B C:\Mes documents\SITESILEX\images\CartWinsilex.gif --> www.uga.cernet.fr /WebSilex/images CartWinsilex.gif
2002.06.25 10:20 B C:\Mes documents\SITESILEX\images\disquette 1.gif --> www.uga.cernet.fr /WebSilex/images disquette 1.gif
2002.06.25 10:20 B C:\Mes documents\SITESILEX\images\disquette.gif --> www.uga.cernet.fr /WebSilex/images disquette.gif
2002.06.25 10:20 B C:\Mes documents\SITESILEX\images\fleche08.gif --> www.uga.cernet.fr /WebSilex/images fleche08.gif
2002.06.25 10:20 B C:\Mes documents\SITESILEX\images\fond1.jpg --> www.uga.cernet.fr /WebSilex/images fond1.jpg
2002.06.25 10:20 B C:\Mes documents\SITESILEX\images\LogocolorSilex.gif --> www.uga.cernet.fr /WebSilex/images LogocolorSilex.gif
2002.06.25 10:20 B C:\Mes documents\SITESILEX\images\mcer43h.gif --> www.uga.cernet.fr /WebSilex/images mcer43h.gif
2002.06.25 10:20 B C:\Mes documents\SITESILEX\images\millus.jpg --> www.uga.cernet.fr /WebSilex/images millus.jpg
2002.06.25 10:20 B C:\Mes documents\SITESILEX\images\ongletSilex1.gif --> www.uga.cernet.fr /WebSilex/images ongletSilex1.gif
2002.06.25 10:20 B C:\Mes documents\SITESILEX\images\ongletSilex2.gif --> www.uga.cernet.fr /WebSilex/images ongletSilex2.gif
2002.06.25 10:20 B C:\Mes documents\SITESILEX\images\ongletSilex3.gif --> www.uga.cernet.fr /WebSilex/images ongletSilex3.gif
2002.06.25 10:20 B C:\Mes documents\SITESILEX\images\ongletSilex4.gif --> www.uga.cernet.fr /WebSilex/images ongletSilex4.gif
2002.06.25 10:20 B C:\Mes documents\SITESILEX\images\ongletSilex5.gif --> www.uga.cernet.fr /WebSilex/images ongletSilex5.gif
2002.06.25 10:20 B C:\Mes documents\SITESILEX\images\puce.gif --> www.uga.cernet.fr /WebSilex/images puce.gif
2002.06.25 10:20 B C:\Mes documents\SITESILEX\images\WS_FTP.LOG --> www.uga.cernet.fr /WebSilex/images WS_FTP.LOG
2002.06.25 11:21 B C:\Mes documents\SITESILEX\images\Animlogosilex2.gif --> www.uga.cernet.fr /WebSilex/images Animlogosilex2.gif
2002.06.25 11:21 B C:\Mes documents\SITESILEX\images\ban43.gif --> www.uga.cernet.fr /WebSilex/images ban43.gif
2002.06.25 11:21 B C:\Mes documents\SITESILEX\images\bandorange.jpg --> www.uga.cernet.fr /WebSilex/images bandorange.jpg
2002.06.25 11:21 B C:\Mes documents\SITESILEX\images\CartDepartementWinsilex.gif --> www.uga.cernet.fr /WebSilex/images CartDepartementWinsilex.gif
2002.06.25 11:21 B C:\Mes documents\SITESILEX\images\Carte2Silex.jpg --> www.uga.cernet.fr /WebSilex/images Carte2Silex.jpg
2002.06.25 11:21 B C:\Mes documents\SITESILEX\images\carteSilex1.gif --> www.uga.cernet.fr /WebSilex/images carteSilex1.gif
2002.06.25 11:21 B C:\Mes documents\SITESILEX\images\CarteSilex2.gif --> www.uga.cernet.fr /WebSilex/images CarteSilex2.gif
2002.06.25 11:21 B C:\Mes documents\SITESILEX\images\carteSilex3.gif --> www.uga.cernet.fr /WebSilex/images carteSilex3.gif
2002.06.25 11:21 B C:\Mes documents\SITESILEX\images\CartReferenceWinsilex.gif --> www.uga.cernet.fr /WebSilex/images CartReferenceWinsilex.gif
2002.06.25 11:21 B C:\Mes documents\SITESILEX\images\CartWinsilex.gif --> www.uga.cernet.fr /WebSilex/images CartWinsilex.gif
2002.06.25 11:21 B C:\Mes documents\SITESILEX\images\disquette 1.gif --> www.uga.cernet.fr /WebSilex/images disquette 1.gif
2002.06.25 11:21 B C:\Mes documents\SITESILEX\images\disquette.gif --> www.uga.cernet.fr /WebSilex/images disquette.gif
2002.06.25 11:21 B C:\Mes documents\SITESILEX\images\fleche08.gif --> www.uga.cernet.fr /WebSilex/images fleche08.gif
2002.06.25 11:21 B C:\Mes documents\SITESILEX\images\fond1.jpg --> www.uga.cernet.fr /WebSilex/images fond1.jpg
2002.06.25 11:21 B C:\Mes documents\SITESILEX\images\LogocolorSilex.gif --> www.uga.cernet.fr /WebSilex/images LogocolorSilex.gif
2002.06.25 11:21 B C:\Mes documents\SITESILEX\images\mcer43h.gif --> www.uga.cernet.fr /WebSilex/images mcer43h.gif
2002.06.25 11:21 B C:\Mes documents\SITESILEX\images\millus.jpg --> www.uga.cernet.fr /WebSilex/images millus.jpg
2002.06.25 11:21 B C:\Mes documents\SITESILEX\images\ongletSilex1.gif --> www.uga.cernet.fr /WebSilex/images ongletSilex1.gif
2002.06.25 11:21 B C:\Mes documents\SITESILEX\images\ongletSilex2.gif --> www.uga.cernet.fr /WebSilex/images ongletSilex2.gif
2002.06.25 11:21 B C:\Mes documents\SITESILEX\images\ongletSilex3.gif --> www.uga.cernet.fr /WebSilex/images ongletSilex3.gif
2002.06.25 11:21 B C:\Mes documents\SITESILEX\images\ongletSilex4.gif --> www.uga.cernet.fr /WebSilex/images ongletSilex4.gif
2002.06.25 11:21 B C:\Mes documents\SITESILEX\images\ongletSilex5.gif --> www.uga.cernet.fr /WebSilex/images ongletSilex5.gif
2002.06.25 11:21 B C:\Mes documents\SITESILEX\images\puce.gif --> www.uga.cernet.fr /WebSilex/images puce.gif
2002.06.25 11:21 B C:\Mes documents\SITESILEX\images\WS_FTP.LOG --> www.uga.cernet.fr /WebSilex/images WS_FTP.LOG
2002.06.25 11:41 B C:\Mes documents\SITESILEX\images\WS_FTP.LOG --> www.uga.cernet.fr /WebSilex/images WS_FTP.LOG
2002.06.25 11:45 B C:\Mes documents\SITESILEX\images\Animlogosilex2.gif --> www.uga.cernet.fr /WebSilex/images Animlogosilex2.gif
2002.06.25 11:45 B C:\Mes documents\SITESILEX\images\ban43.gif --> www.uga.cernet.fr /WebSilex/images ban43.gif
2002.06.25 11:45 B C:\Mes documents\SITESILEX\images\bandorange.jpg --> www.uga.cernet.fr /WebSilex/images bandorange.jpg
2002.06.25 11:45 B C:\Mes documents\SITESILEX\images\CartDepartementWinsilex.gif --> www.uga.cernet.fr /WebSilex/images CartDepartementWinsilex.gif
2002.06.25 11:45 B C:\Mes documents\SITESILEX\images\Carte2Silex.jpg --> www.uga.cernet.fr /WebSilex/images Carte2Silex.jpg
2002.06.25 11:45 B C:\Mes documents\SITESILEX\images\carteSilex1.gif --> www.uga.cernet.fr /WebSilex/images carteSilex1.gif
2002.06.25 11:45 B C:\Mes documents\SITESILEX\images\CarteSilex2.gif --> www.uga.cernet.fr /WebSilex/images CarteSilex2.gif
2002.06.25 11:45 B C:\Mes documents\SITESILEX\images\carteSilex3.gif --> www.uga.cernet.fr /WebSilex/images carteSilex3.gif
2002.06.25 11:45 B C:\Mes documents\SITESILEX\images\CartReferenceWinsilex.gif --> www.uga.cernet.fr /WebSilex/images CartReferenceWinsilex.gif
2002.06.25 11:45 B C:\Mes documents\SITESILEX\images\CartWinsilex.gif --> www.uga.cernet.fr /WebSilex/images CartWinsilex.gif
2002.06.25 11:45 B C:\Mes documents\SITESILEX\images\disquette 1.gif --> www.uga.cernet.fr /WebSilex/images disquette 1.gif
2002.06.25 11:45 B C:\Mes documents\SITESILEX\images\disquette.gif --> www.uga.cernet.fr /WebSilex/images disquette.gif
2002.06.25 11:45 B C:\Mes documents\SITESILEX\images\fleche08.gif --> www.uga.cernet.fr /WebSilex/images fleche08.gif
2002.06.25 11:45 B C:\Mes documents\SITESILEX\images\fond1.jpg --> www.uga.cernet.fr /WebSilex/images fond1.jpg
2002.06.25 11:45 B C:\Mes documents\SITESILEX\images\LogocolorSilex.gif --> www.uga.cernet.fr /WebSilex/images LogocolorSilex.gif
2002.06.25 11:45 B C:\Mes documents\SITESILEX\images\mcer43h.gif --> www.uga.cernet.fr /WebSilex/images mcer43h.gif
2002.06.25 11:45 B C:\Mes documents\SITESILEX\images\millus.jpg --> www.uga.cernet.fr /WebSilex/images millus.jpg
2002.06.25 11:45 B C:\Mes documents\SITESILEX\images\ongletSilex1.gif --> www.uga.cernet.fr /WebSilex/images ongletSilex1.gif
2002.06.25 11:45 B C:\Mes documents\SITESILEX\images\ongletSilex2.gif --> www.uga.cernet.fr /WebSilex/images ongletSilex2.gif
2002.06.25 11:45 B C:\Mes documents\SITESILEX\images\ongletSilex3.gif --> www.uga.cernet.fr /WebSilex/images ongletSilex3.gif
2002.06.25 11:45 B C:\Mes documents\SITESILEX\images\ongletSilex4.gif --> www.uga.cernet.fr /WebSilex/images ongletSilex4.gif
2002.06.25 11:45 B C:\Mes documents\SITESILEX\images\ongletSilex5.gif --> www.uga.cernet.fr /WebSilex/images ongletSilex5.gif
2002.06.25 11:45 B C:\Mes documents\SITESILEX\images\puce.gif --> www.uga.cernet.fr /WebSilex/images puce.gif
2002.06.25 11:45 B C:\Mes documents\SITESILEX\images\WS_FTP.LOG --> www.uga.cernet.fr /WebSilex/images WS_FTP.LOG
2002.06.25 15:34 B C:\Mes documents\SITESILEX\images\Animlogosilex2.gif --> www.uga.cernet.fr /WebSilex/images Animlogosilex2.gif
2002.06.25 15:34 B C:\Mes documents\SITESILEX\images\AnimSilex.gif --> www.uga.cernet.fr /WebSilex/images AnimSilex.gif
2002.06.25 15:34 B C:\Mes documents\SITESILEX\images\ban43.gif --> www.uga.cernet.fr /WebSilex/images ban43.gif
2002.06.25 15:34 B C:\Mes documents\SITESILEX\images\bandorange.jpg --> www.uga.cernet.fr /WebSilex/images bandorange.jpg
2002.06.25 15:34 B C:\Mes documents\SITESILEX\images\CartDepartementWinsilex.gif --> www.uga.cernet.fr /WebSilex/images CartDepartementWinsilex.gif
2002.06.25 15:34 B C:\Mes documents\SITESILEX\images\Cartesilex.jpg --> www.uga.cernet.fr /WebSilex/images Cartesilex.jpg
2002.06.25 15:34 B C:\Mes documents\SITESILEX\images\CarteSilex1.jpg --> www.uga.cernet.fr /WebSilex/images CarteSilex1.jpg
2002.06.25 15:34 B C:\Mes documents\SITESILEX\images\carteSilex3.gif --> www.uga.cernet.fr /WebSilex/images carteSilex3.gif
2002.06.25 15:34 B C:\Mes documents\SITESILEX\images\CartReferenceWinsilex.gif --> www.uga.cernet.fr /WebSilex/images CartReferenceWinsilex.gif
2002.06.25 15:34 B C:\Mes documents\SITESILEX\images\CartWinsilex.gif --> www.uga.cernet.fr /WebSilex/images CartWinsilex.gif
2002.06.25 15:34 B C:\Mes documents\SITESILEX\images\disquette 1.gif --> www.uga.cernet.fr /WebSilex/images disquette 1.gif
2002.06.25 15:34 B C:\Mes documents\SITESILEX\images\disquette.gif --> www.uga.cernet.fr /WebSilex/images disquette.gif
2002.06.25 15:34 B C:\Mes documents\SITESILEX\images\fleche08.gif --> www.uga.cernet.fr /WebSilex/images fleche08.gif
2002.06.25 15:34 B C:\Mes documents\SITESILEX\images\fond1.jpg --> www.uga.cernet.fr /WebSilex/images fond1.jpg
2002.06.25 15:34 B C:\Mes documents\SITESILEX\images\LogocolorSilex.gif --> www.uga.cernet.fr /WebSilex/images LogocolorSilex.gif
2002.06.25 15:34 B C:\Mes documents\SITESILEX\images\mcer43h.gif --> www.uga.cernet.fr /WebSilex/images mcer43h.gif
2002.06.25 15:34 B C:\Mes documents\SITESILEX\images\millus.jpg --> www.uga.cernet.fr /WebSilex/images millus.jpg
2002.06.25 15:34 B C:\Mes documents\SITESILEX\images\ongletSilex1.gif --> www.uga.cernet.fr /WebSilex/images ongletSilex1.gif
2002.06.25 15:34 B C:\Mes documents\SITESILEX\images\ongletSilex2.gif --> www.uga.cernet.fr /WebSilex/images ongletSilex2.gif
2002.06.25 15:34 B C:\Mes documents\SITESILEX\images\ongletSilex3.gif --> www.uga.cernet.fr /WebSilex/images ongletSilex3.gif
2002.06.25 15:34 B C:\Mes documents\SITESILEX\images\ongletSilex4.gif --> www.uga.cernet.fr /WebSilex/images ongletSilex4.gif
2002.06.25 15:34 B C:\Mes documents\SITESILEX\images\ongletSilex5.gif --> www.uga.cernet.fr /WebSilex/images ongletSilex5.gif
2002.06.25 15:34 B C:\Mes documents\SITESILEX\images\puce.gif --> www.uga.cernet.fr /WebSilex/images puce.gif
2002.06.25 15:34 B C:\Mes documents\SITESILEX\images\WS_FTP.LOG --> www.uga.cernet.fr /WebSilex/images WS_FTP.LOG
2002.06.25 17:00 B C:\Mes documents\SITESILEX\images\Animlogosilex2.gif --> www.uga.cernet.fr /WebSilex/images Animlogosilex2.gif
2002.06.25 17:00 B C:\Mes documents\SITESILEX\images\AnimSilex.gif --> www.uga.cernet.fr /WebSilex/images AnimSilex.gif
2002.06.25 17:00 B C:\Mes documents\SITESILEX\images\ban43.gif --> www.uga.cernet.fr /WebSilex/images ban43.gif
2002.06.25 17:00 B C:\Mes documents\SITESILEX\images\bandorange.jpg --> www.uga.cernet.fr /WebSilex/images bandorange.jpg
2002.06.25 17:00 B C:\Mes documents\SITESILEX\images\CarteSilex.jpg --> www.uga.cernet.fr /WebSilex/images CarteSilex.jpg
2002.06.25 17:00 B C:\Mes documents\SITESILEX\images\CarteSilex1.jpg --> www.uga.cernet.fr /WebSilex/images CarteSilex1.jpg
2002.06.25 17:00 B C:\Mes documents\SITESILEX\images\disquette 1.gif --> www.uga.cernet.fr /WebSilex/images disquette 1.gif
2002.06.25 17:00 B C:\Mes documents\SITESILEX\images\fleche08.gif --> www.uga.cernet.fr /WebSilex/images fleche08.gif
2002.06.25 17:00 B C:\Mes documents\SITESILEX\images\fond1.jpg --> www.uga.cernet.fr /WebSilex/images fond1.jpg
2002.06.25 17:00 B C:\Mes documents\SITESILEX\images\LogocolorSilex.gif --> www.uga.cernet.fr /WebSilex/images LogocolorSilex.gif
2002.06.25 17:00 B C:\Mes documents\SITESILEX\images\mcer43h.gif --> www.uga.cernet.fr /WebSilex/images mcer43h.gif
2002.06.25 17:00 B C:\Mes documents\SITESILEX\images\millus.jpg --> www.uga.cernet.fr /WebSilex/images millus.jpg
2002.06.25 17:00 B C:\Mes documents\SITESILEX\images\ongletSilex1.gif --> www.uga.cernet.fr /WebSilex/images ongletSilex1.gif
2002.06.25 17:00 B C:\Mes documents\SITESILEX\images\ongletSilex2.gif --> www.uga.cernet.fr /WebSilex/images ongletSilex2.gif
2002.06.25 17:00 B C:\Mes documents\SITESILEX\images\ongletSilex3.gif --> www.uga.cernet.fr /WebSilex/images ongletSilex3.gif
2002.06.25 17:00 B C:\Mes documents\SITESILEX\images\ongletSilex4.gif --> www.uga.cernet.fr /WebSilex/images ongletSilex4.gif
2002.06.25 17:00 B C:\Mes documents\SITESILEX\images\ongletSilex5.gif --> www.uga.cernet.fr /WebSilex/images ongletSilex5.gif
2002.06.25 17:00 B C:\Mes documents\SITESILEX\images\puce.gif --> www.uga.cernet.fr /WebSilex/images puce.gif
2002.06.25 17:01 B C:\Mes documents\SITESILEX\images\WS_FTP.LOG --> www.uga.cernet.fr /WebSilex/images WS_FTP.LOG
2002.06.26 09:31 B C:\Mes documents\SITESILEX\images\Anim.gif --> www.uga.cernet.fr /WebSilex/images Anim.gif
2002.06.26 09:31 B C:\Mes documents\SITESILEX\images\Animlogosilex2.gif --> www.uga.cernet.fr /WebSilex/images Animlogosilex2.gif
2002.06.26 09:31 B C:\Mes documents\SITESILEX\images\AnimSilex.gif --> www.uga.cernet.fr /WebSilex/images AnimSilex.gif
2002.06.26 09:31 B C:\Mes documents\SITESILEX\images\ban43.gif --> www.uga.cernet.fr /WebSilex/images ban43.gif
2002.06.26 09:31 B C:\Mes documents\SITESILEX\images\bandorange.jpg --> www.uga.cernet.fr /WebSilex/images bandorange.jpg
2002.06.26 09:31 B C:\Mes documents\SITESILEX\images\CarteSilex.jpg --> www.uga.cernet.fr /WebSilex/images CarteSilex.jpg
2002.06.26 09:31 B C:\Mes documents\SITESILEX\images\CarteSilex1.jpg --> www.uga.cernet.fr /WebSilex/images CarteSilex1.jpg
2002.06.26 09:31 B C:\Mes documents\SITESILEX\images\disquette 1.gif --> www.uga.cernet.fr /WebSilex/images disquette 1.gif
2002.06.26 09:31 B C:\Mes documents\SITESILEX\images\fleche08.gif --> www.uga.cernet.fr /WebSilex/images fleche08.gif
2002.06.26 09:31 B C:\Mes documents\SITESILEX\images\fond1.jpg --> www.uga.cernet.fr /WebSilex/images fond1.jpg
2002.06.26 09:31 B C:\Mes documents\SITESILEX\images\LogocolorSilex.gif --> www.uga.cernet.fr /WebSilex/images LogocolorSilex.gif
2002.06.26 09:31 B C:\Mes documents\SITESILEX\images\mcer43h.gif --> www.uga.cernet.fr /WebSilex/images mcer43h.gif
2002.06.26 09:31 B C:\Mes documents\SITESILEX\images\millus.jpg --> www.uga.cernet.fr /WebSilex/images millus.jpg
2002.06.26 09:31 B C:\Mes documents\SITESILEX\images\ongletSilex1.gif --> www.uga.cernet.fr /WebSilex/images ongletSilex1.gif
2002.06.26 09:31 B C:\Mes documents\SITESILEX\images\ongletSilex2.gif --> www.uga.cernet.fr /WebSilex/images ongletSilex2.gif
2002.06.26 09:31 B C:\Mes documents\SITESILEX\images\ongletSilex3.gif --> www.uga.cernet.fr /WebSilex/images ongletSilex3.gif
2002.06.26 09:31 B C:\Mes documents\SITESILEX\images\ongletSilex4.gif --> www.uga.cernet.fr /WebSilex/images ongletSilex4.gif
2002.06.26 09:31 B C:\Mes documents\SITESILEX\images\ongletSilex5.gif --> www.uga.cernet.fr /WebSilex/images ongletSilex5.gif
2002.06.26 09:31 B C:\Mes documents\SITESILEX\images\puce.gif --> www.uga.cernet.fr /WebSilex/images puce.gif
2002.06.26 09:31 B C:\Mes documents\SITESILEX\images\WS_FTP.LOG --> www.uga.cernet.fr /WebSilex/images WS_FTP.LOG
2002.06.26 10:04 B C:\Mes documents\SITESILEX\images\Anim.gif --> www.uga.cernet.fr /WebSilex/images Anim.gif
2002.06.26 10:04 B C:\Mes documents\SITESILEX\images\Animlogosilex2.gif --> www.uga.cernet.fr /WebSilex/images Animlogosilex2.gif
2002.06.26 10:04 B C:\Mes documents\SITESILEX\images\AnimSilex.gif --> www.uga.cernet.fr /WebSilex/images AnimSilex.gif
2002.06.26 10:04 B C:\Mes documents\SITESILEX\images\ban43.gif --> www.uga.cernet.fr /WebSilex/images ban43.gif
2002.06.26 10:04 B C:\Mes documents\SITESILEX\images\bandorange.jpg --> www.uga.cernet.fr /WebSilex/images bandorange.jpg
2002.06.26 10:04 B C:\Mes documents\SITESILEX\images\CarteSilex.jpg --> www.uga.cernet.fr /WebSilex/images CarteSilex.jpg
2002.06.26 10:04 B C:\Mes documents\SITESILEX\images\CarteSilex1.jpg --> www.uga.cernet.fr /WebSilex/images CarteSilex1.jpg
2002.06.26 10:04 B C:\Mes documents\SITESILEX\images\disquette 1.gif --> www.uga.cernet.fr /WebSilex/images disquette 1.gif
2002.06.26 10:04 B C:\Mes documents\SITESILEX\images\fleche08.gif --> www.uga.cernet.fr /WebSilex/images fleche08.gif
2002.06.26 10:04 B C:\Mes documents\SITESILEX\images\fond1.jpg --> www.uga.cernet.fr /WebSilex/images fond1.jpg
2002.06.26 10:04 B C:\Mes documents\SITESILEX\images\LogocolorSilex.gif --> www.uga.cernet.fr /WebSilex/images LogocolorSilex.gif
2002.06.26 10:04 B C:\Mes documents\SITESILEX\images\mcer43h.gif --> www.uga.cernet.fr /WebSilex/images mcer43h.gif
2002.06.26 10:04 B C:\Mes documents\SITESILEX\images\millus.jpg --> www.uga.cernet.fr /WebSilex/images millus.jpg
2002.06.26 10:04 B C:\Mes documents\SITESILEX\images\ongletSilex1.gif --> www.uga.cernet.fr /WebSilex/images ongletSilex1.gif
2002.06.26 10:04 B C:\Mes documents\SITESILEX\images\ongletSilex2.gif --> www.uga.cernet.fr /WebSilex/images ongletSilex2.gif
2002.06.26 10:04 B C:\Mes documents\SITESILEX\images\ongletSilex3.gif --> www.uga.cernet.fr /WebSilex/images ongletSilex3.gif
2002.06.26 10:04 B C:\Mes documents\SITESILEX\images\ongletSilex4.gif --> www.uga.cernet.fr /WebSilex/images ongletSilex4.gif
2002.06.26 10:04 B C:\Mes documents\SITESILEX\images\ongletSilex5.gif --> www.uga.cernet.fr /WebSilex/images ongletSilex5.gif
2002.06.26 10:04 B C:\Mes documents\SITESILEX\images\puce.gif --> www.uga.cernet.fr /WebSilex/images puce.gif
2002.06.28 10:53 B C:\Mes documents\WebSilex\images\WS_FTP.LOG <-- www.uga.cernet.fr /WebSilex/images WS_FTP.LOG
2002.07.25 10:17 B C:\WEBSILEX\images\ParamGraph1.jpg --> www.uga.cernet.fr /WebSilex/images ParamGraph1.jpg
2002.07.25 10:17 B C:\WEBSILEX\images\ParamGraph2.GIF --> www.uga.cernet.fr /WebSilex/images ParamGraph2.GIF
2002.07.25 10:17 B C:\WEBSILEX\images\VisuGraph.jpg --> www.uga.cernet.fr /WebSilex/images VisuGraph.jpg
2002.07.30 08:37 B C:\WEBSILEX\images\carte_france.gif --> www.uga.cernet.fr /WebSilex/images carte_france.gif
2002.08.14 08:37 B C:\WEBSILEX\images\carte_france.gif --> www.uga.cernet.fr /WebSilex/images carte_france.gif
2003.02.07 08:53 B C:\Winsilex\Sildocs\GuideSildocs\images\bannSilDocs.gif --> www.uga.cernet.fr /WEBSILEX/GuideSildocs/images bannSilDocs.gif
2003.02.07 08:54 B C:\Winsilex\Sildocs\GuideSildocs\images\actu.gif --> www.uga.cernet.fr /WEBSILEX/GuideSildocs/images actu.gif
2003.02.07 08:54 B C:\Winsilex\Sildocs\GuideSildocs\images\ActuBas.GIF --> www.uga.cernet.fr /WEBSILEX/GuideSildocs/images ActuBas.GIF
2003.02.07 08:54 B C:\Winsilex\Sildocs\GuideSildocs\images\ActuDroite.GIF --> www.uga.cernet.fr /WEBSILEX/GuideSildocs/images ActuDroite.GIF
2003.02.07 08:54 B C:\Winsilex\Sildocs\GuideSildocs\images\ActuGauche.GIF --> www.uga.cernet.fr /WEBSILEX/GuideSildocs/images ActuGauche.GIF
2003.02.07 08:54 B C:\Winsilex\Sildocs\GuideSildocs\images\ActuHaut.GIF --> www.uga.cernet.fr /WEBSILEX/GuideSildocs/images ActuHaut.GIF
2003.02.07 08:54 B C:\Winsilex\Sildocs\GuideSildocs\images\bannire.gif --> www.uga.cernet.fr /WEBSILEX/GuideSildocs/images bannire.gif
2003.02.07 08:54 B C:\Winsilex\Sildocs\GuideSildocs\images\bannSilDocs.gif --> www.uga.cernet.fr /WEBSILEX/GuideSildocs/images bannSilDocs.gif
2003.02.07 08:54 B C:\Winsilex\Sildocs\GuideSildocs\images\barresGrises.gif --> www.uga.cernet.fr /WEBSILEX/GuideSildocs/images barresGrises.gif
2003.02.07 08:54 B C:\Winsilex\Sildocs\GuideSildocs\images\basCadre.gif --> www.uga.cernet.fr /WEBSILEX/GuideSildocs/images basCadre.gif
2003.02.07 08:54 B C:\Winsilex\Sildocs\GuideSildocs\images\Blocnote.jpg --> www.uga.cernet.fr /WEBSILEX/GuideSildocs/images Blocnote.jpg
2003.02.07 08:54 B C:\Winsilex\Sildocs\GuideSildocs\images\BoutonTab.gif --> www.uga.cernet.fr /WEBSILEX/GuideSildocs/images BoutonTab.gif
2003.02.07 08:54 B C:\Winsilex\Sildocs\GuideSildocs\images\cadreGauche.GIF --> www.uga.cernet.fr /WEBSILEX/GuideSildocs/images cadreGauche.GIF
2003.02.07 08:54 B C:\Winsilex\Sildocs\GuideSildocs\images\Coche.gif --> www.uga.cernet.fr /WEBSILEX/GuideSildocs/images Coche.gif
2003.02.07 08:54 B C:\Winsilex\Sildocs\GuideSildocs\images\contacts.gif --> www.uga.cernet.fr /WEBSILEX/GuideSildocs/images contacts.gif
2003.02.07 08:54 B C:\Winsilex\Sildocs\GuideSildocs\images\DefCell.gif --> www.uga.cernet.fr /WEBSILEX/GuideSildocs/images DefCell.gif
2003.02.07 08:54 B C:\Winsilex\Sildocs\GuideSildocs\images\diskOrange.GIF --> www.uga.cernet.fr /WEBSILEX/GuideSildocs/images diskOrange.GIF
2003.02.07 08:54 B C:\Winsilex\Sildocs\GuideSildocs\images\diskVert.GIF --> www.uga.cernet.fr /WEBSILEX/GuideSildocs/images diskVert.GIF
2003.02.07 08:54 B C:\Winsilex\Sildocs\GuideSildocs\images\droiteCadre.gif --> www.uga.cernet.fr /WEBSILEX/GuideSildocs/images droiteCadre.gif
2003.02.07 08:54 B C:\Winsilex\Sildocs\GuideSildocs\images\EditeFormule.gif --> www.uga.cernet.fr /WEBSILEX/GuideSildocs/images EditeFormule.gif
2003.02.07 08:54 B C:\Winsilex\Sildocs\GuideSildocs\images\fnd_menu3.gif --> www.uga.cernet.fr /WEBSILEX/GuideSildocs/images fnd_menu3.gif
2003.02.07 08:54 B C:\Winsilex\Sildocs\GuideSildocs\images\fondOrange.bmp --> www.uga.cernet.fr /WEBSILEX/GuideSildocs/images fondOrange.bmp
2003.02.07 08:54 B C:\Winsilex\Sildocs\GuideSildocs\images\gaucheCadre.gif --> www.uga.cernet.fr /WEBSILEX/GuideSildocs/images gaucheCadre.gif
2003.02.07 08:54 B C:\Winsilex\Sildocs\GuideSildocs\images\Graphi1.gif --> www.uga.cernet.fr /WEBSILEX/GuideSildocs/images Graphi1.gif
2003.02.07 08:54 B C:\Winsilex\Sildocs\GuideSildocs\images\Graphi10.gif --> www.uga.cernet.fr /WEBSILEX/GuideSildocs/images Graphi10.gif
2003.02.07 08:54 B C:\Winsilex\Sildocs\GuideSildocs\images\Graphi11.gif --> www.uga.cernet.fr /WEBSILEX/GuideSildocs/images Graphi11.gif
2003.02.07 08:54 B C:\Winsilex\Sildocs\GuideSildocs\images\Graphi2.gif --> www.uga.cernet.fr /WEBSILEX/GuideSildocs/images Graphi2.gif
2003.02.07 08:54 B C:\Winsilex\Sildocs\GuideSildocs\images\Graphi3.gif --> www.uga.cernet.fr /WEBSILEX/GuideSildocs/images Graphi3.gif
2003.02.07 08:54 B C:\Winsilex\Sildocs\GuideSildocs\images\Graphi4.gif --> www.uga.cernet.fr /WEBSILEX/GuideSildocs/images Graphi4.gif
2003.02.07 08:54 B C:\Winsilex\Sildocs\GuideSildocs\images\Graphi9.gif --> www.uga.cernet.fr /WEBSILEX/GuideSildocs/images Graphi9.gif
2003.02.07 08:54 B C:\Winsilex\Sildocs\GuideSildocs\images\hautDroiteCadre.gif --> www.uga.cernet.fr /WEBSILEX/GuideSildocs/images hautDroiteCadre.gif
2003.02.07 08:54 B C:\Winsilex\Sildocs\GuideSildocs\images\hautGaucheCadre.gif --> www.uga.cernet.fr /WEBSILEX/GuideSildocs/images hautGaucheCadre.gif
2003.02.07 08:54 B C:\Winsilex\Sildocs\GuideSildocs\images\Import12.gif --> www.uga.cernet.fr /WEBSILEX/GuideSildocs/images Import12.gif
2003.02.07 08:54 B C:\Winsilex\Sildocs\GuideSildocs\images\LgCltP.gif --> www.uga.cernet.fr /WEBSILEX/GuideSildocs/images LgCltP.gif
2003.02.07 08:54 B C:\Winsilex\Sildocs\GuideSildocs\images\LgCult.gif --> www.uga.cernet.fr /WEBSILEX/GuideSildocs/images LgCult.gif
2003.02.07 08:54 B C:\Winsilex\Sildocs\GuideSildocs\images\LigneIntitule.gif --> www.uga.cernet.fr /WEBSILEX/GuideSildocs/images LigneIntitule.gif
2003.02.07 08:54 B C:\Winsilex\Sildocs\GuideSildocs\images\LigneSerie.gif --> www.uga.cernet.fr /WEBSILEX/GuideSildocs/images LigneSerie.gif
2003.02.07 08:54 B C:\Winsilex\Sildocs\GuideSildocs\images\LogocolorSilex.gif --> www.uga.cernet.fr /WEBSILEX/GuideSildocs/images LogocolorSilex.gif
2003.02.07 08:54 B C:\Winsilex\Sildocs\GuideSildocs\images\LogoSildocsFrmG.gif --> www.uga.cernet.fr /WEBSILEX/GuideSildocs/images LogoSildocsFrmG.gif
2003.02.07 08:54 B C:\Winsilex\Sildocs\GuideSildocs\images\m1.gif --> www.uga.cernet.fr /WEBSILEX/GuideSildocs/images m1.gif
2003.02.07 08:54 B C:\Winsilex\Sildocs\GuideSildocs\images\m2.gif --> www.uga.cernet.fr /WEBSILEX/GuideSildocs/images m2.gif
2003.02.07 08:55 B C:\Winsilex\Sildocs\GuideSildocs\images\m_serv_libre.gif --> www.uga.cernet.fr /WEBSILEX/GuideSildocs/images m_serv_libre.gif
2003.02.07 08:55 B C:\Winsilex\Sildocs\GuideSildocs\images\MailHaut.gif --> www.uga.cernet.fr /WEBSILEX/GuideSildocs/images MailHaut.gif
2003.02.07 08:55 B C:\Winsilex\Sildocs\GuideSildocs\images\millus4.GIF --> www.uga.cernet.fr /WEBSILEX/GuideSildocs/images millus4.GIF
2003.02.07 08:55 B C:\Winsilex\Sildocs\GuideSildocs\images\MiseEnForme.bmp --> www.uga.cernet.fr /WEBSILEX/GuideSildocs/images MiseEnForme.bmp
2003.02.07 08:55 B C:\Winsilex\Sildocs\GuideSildocs\images\Modele4.gif --> www.uga.cernet.fr /WEBSILEX/GuideSildocs/images Modele4.gif
2003.02.07 08:55 B C:\Winsilex\Sildocs\GuideSildocs\images\Modele5.gif --> www.uga.cernet.fr /WEBSILEX/GuideSildocs/images Modele5.gif
2003.02.07 08:55 B C:\Winsilex\Sildocs\GuideSildocs\images\Modele6.gif --> www.uga.cernet.fr /WEBSILEX/GuideSildocs/images Modele6.gif
2003.02.07 08:55 B C:\Winsilex\Sildocs\GuideSildocs\images\ParamS14.gif --> www.uga.cernet.fr /WEBSILEX/GuideSildocs/images ParamS14.gif
2003.02.07 08:55 B C:\Winsilex\Sildocs\GuideSildocs\images\ParamS15.gif --> www.uga.cernet.fr /WEBSILEX/GuideSildocs/images ParamS15.gif
2003.02.07 08:55 B C:\Winsilex\Sildocs\GuideSildocs\images\ParamS6.gif --> www.uga.cernet.fr /WEBSILEX/GuideSildocs/images ParamS6.gif
2003.02.07 08:55 B C:\Winsilex\Sildocs\GuideSildocs\images\ParamT13.gif --> www.uga.cernet.fr /WEBSILEX/GuideSildocs/images ParamT13.gif
2003.02.07 08:55 B C:\Winsilex\Sildocs\GuideSildocs\images\ParamT7.gif --> www.uga.cernet.fr /WEBSILEX/GuideSildocs/images ParamT7.gif
2003.02.07 08:55 B C:\Winsilex\Sildocs\GuideSildocs\images\Presen5.gif --> www.uga.cernet.fr /WEBSILEX/GuideSildocs/images Presen5.gif
2003.02.07 08:55 B C:\Winsilex\Sildocs\GuideSildocs\images\pspbrwse.jbf --> www.uga.cernet.fr /WEBSILEX/GuideSildocs/images pspbrwse.jbf
2003.02.07 08:55 B C:\Winsilex\Sildocs\GuideSildocs\images\puce.gif --> www.uga.cernet.fr /WEBSILEX/GuideSildocs/images puce.gif
2003.02.07 08:55 B C:\Winsilex\Sildocs\GuideSildocs\images\retour.GIF --> www.uga.cernet.fr /WEBSILEX/GuideSildocs/images retour.GIF
2003.02.07 08:55 B C:\Winsilex\Sildocs\GuideSildocs\images\Schema.gif --> www.uga.cernet.fr /WEBSILEX/GuideSildocs/images Schema.gif
2003.02.07 08:55 B C:\Winsilex\Sildocs\GuideSildocs\images\SildocsCquoi.bmp --> www.uga.cernet.fr /WEBSILEX/GuideSildocs/images SildocsCquoi.bmp
2003.02.07 08:55 B C:\Winsilex\Sildocs\GuideSildocs\images\silex_references.gif --> www.uga.cernet.fr /WEBSILEX/GuideSildocs/images silex_references.gif
2003.02.07 08:55 B C:\Winsilex\Sildocs\GuideSildocs\images\silexFond.jpg --> www.uga.cernet.fr /WEBSILEX/GuideSildocs/images silexFond.jpg
2003.02.07 08:55 B C:\Winsilex\Sildocs\GuideSildocs\images\sshautGaucheCadre.gif --> www.uga.cernet.fr /WEBSILEX/GuideSildocs/images sshautGaucheCadre.gif
2003.02.07 08:55 B C:\Winsilex\Sildocs\GuideSildocs\images\TabCult.gif --> www.uga.cernet.fr /WEBSILEX/GuideSildocs/images TabCult.gif
2003.02.07 08:55 B C:\Winsilex\Sildocs\GuideSildocs\images\TablCltP.gif --> www.uga.cernet.fr /WEBSILEX/GuideSildocs/images TablCltP.gif
2003.02.07 08:55 B C:\Winsilex\Sildocs\GuideSildocs\images\Tablea8.gif --> www.uga.cernet.fr /WEBSILEX/GuideSildocs/images Tablea8.gif
2003.02.07 08:55 B C:\Winsilex\Sildocs\GuideSildocs\images\Tablea9.gif --> www.uga.cernet.fr /WEBSILEX/GuideSildocs/images Tablea9.gif
2003.02.07 08:55 B C:\Winsilex\Sildocs\GuideSildocs\images\Tableau.gif --> www.uga.cernet.fr /WEBSILEX/GuideSildocs/images Tableau.gif
2003.02.07 08:55 B C:\Winsilex\Sildocs\GuideSildocs\images\TitreBas.GIF --> www.uga.cernet.fr /WEBSILEX/GuideSildocs/images TitreBas.GIF
2003.02.07 08:55 B C:\Winsilex\Sildocs\GuideSildocs\images\TitreDroite.bmp --> www.uga.cernet.fr /WEBSILEX/GuideSildocs/images TitreDroite.bmp
2003.02.07 08:55 B C:\Winsilex\Sildocs\GuideSildocs\images\TitreGauche.bmp --> www.uga.cernet.fr /WEBSILEX/GuideSildocs/images TitreGauche.bmp
2003.02.07 08:55 B C:\Winsilex\Sildocs\GuideSildocs\images\TitreHaut.GIF --> www.uga.cernet.fr /WEBSILEX/GuideSildocs/images TitreHaut.GIF
2003.02.07 08:55 B C:\Winsilex\Sildocs\GuideSildocs\images\TotalC.gif --> www.uga.cernet.fr /WEBSILEX/GuideSildocs/images TotalC.gif
2003.02.07 08:55 B C:\Winsilex\Sildocs\GuideSildocs\images\TotalS.gif --> www.uga.cernet.fr /WEBSILEX/GuideSildocs/images TotalS.gif
2003.02.07 08:55 B C:\Winsilex\Sildocs\GuideSildocs\images\TypeValeur.gif --> www.uga.cernet.fr /WEBSILEX/GuideSildocs/images TypeValeur.gif
2003.02.07 08:55 B C:\Winsilex\Sildocs\GuideSildocs\images\WS_FTP.LOG --> www.uga.cernet.fr /WEBSILEX/GuideSildocs/images WS_FTP.LOG
2003.02.07 11:47 B C:\WEBSILEX\GuideSildocs\images\actu.gif --> www.uga.cernet.fr /WEBSILEX/GuideSildocs/images actu.gif
2003.02.07 11:47 B C:\WEBSILEX\GuideSildocs\images\ActuBas.GIF --> www.uga.cernet.fr /WEBSILEX/GuideSildocs/images ActuBas.GIF
2003.02.07 11:47 B C:\WEBSILEX\GuideSildocs\images\ActuDroite.GIF --> www.uga.cernet.fr /WEBSILEX/GuideSildocs/images ActuDroite.GIF
2003.02.07 11:47 B C:\WEBSILEX\GuideSildocs\images\ActuGauche.GIF --> www.uga.cernet.fr /WEBSILEX/GuideSildocs/images ActuGauche.GIF
2003.02.07 11:47 B C:\WEBSILEX\GuideSildocs\images\ActuHaut.GIF --> www.uga.cernet.fr /WEBSILEX/GuideSildocs/images ActuHaut.GIF
2003.02.07 11:47 B C:\WEBSILEX\GuideSildocs\images\AideTotalC.jpg --> www.uga.cernet.fr /WEBSILEX/GuideSildocs/images AideTotalC.jpg
2003.02.07 11:47 B C:\WEBSILEX\GuideSildocs\images\bannire.gif --> www.uga.cernet.fr /WEBSILEX/GuideSildocs/images bannire.gif
2003.02.07 11:47 B C:\WEBSILEX\GuideSildocs\images\bannSilDocs.gif --> www.uga.cernet.fr /WEBSILEX/GuideSildocs/images bannSilDocs.gif
2003.02.07 11:47 B C:\WEBSILEX\GuideSildocs\images\barresGrises.gif --> www.uga.cernet.fr /WEBSILEX/GuideSildocs/images barresGrises.gif
2003.02.07 11:47 B C:\WEBSILEX\GuideSildocs\images\basCadre.gif --> www.uga.cernet.fr /WEBSILEX/GuideSildocs/images basCadre.gif
2003.02.07 11:47 B C:\WEBSILEX\GuideSildocs\images\Blocnote.jpg --> www.uga.cernet.fr /WEBSILEX/GuideSildocs/images Blocnote.jpg
2003.02.07 11:47 B C:\WEBSILEX\GuideSildocs\images\BoutonTab.gif --> www.uga.cernet.fr /WEBSILEX/GuideSildocs/images BoutonTab.gif
2003.02.07 11:47 B C:\WEBSILEX\GuideSildocs\images\BoutonTotalC.gif --> www.uga.cernet.fr /WEBSILEX/GuideSildocs/images BoutonTotalC.gif
2003.02.07 11:47 B C:\WEBSILEX\GuideSildocs\images\cadreGauche.GIF --> www.uga.cernet.fr /WEBSILEX/GuideSildocs/images cadreGauche.GIF
2003.02.07 11:47 B C:\WEBSILEX\GuideSildocs\images\CentrerTab.gif --> www.uga.cernet.fr /WEBSILEX/GuideSildocs/images CentrerTab.gif
2003.02.07 11:47 B C:\WEBSILEX\GuideSildocs\images\Coche.gif --> www.uga.cernet.fr /WEBSILEX/GuideSildocs/images Coche.gif
2003.02.07 11:47 B C:\WEBSILEX\GuideSildocs\images\contacts.gif --> www.uga.cernet.fr /WEBSILEX/GuideSildocs/images contacts.gif
2003.02.07 11:47 B C:\WEBSILEX\GuideSildocs\images\DefCell.gif --> www.uga.cernet.fr /WEBSILEX/GuideSildocs/images DefCell.gif
2003.02.07 11:47 B C:\WEBSILEX\GuideSildocs\images\diskOrange.GIF --> www.uga.cernet.fr /WEBSILEX/GuideSildocs/images diskOrange.GIF
2003.02.07 11:47 B C:\WEBSILEX\GuideSildocs\images\diskVert.GIF --> www.uga.cernet.fr /WEBSILEX/GuideSildocs/images diskVert.GIF
2003.02.07 11:47 B C:\WEBSILEX\GuideSildocs\images\droiteCadre.gif --> www.uga.cernet.fr /WEBSILEX/GuideSildocs/images droiteCadre.gif
2003.02.07 11:47 B C:\WEBSILEX\GuideSildocs\images\Editab.gif --> www.uga.cernet.fr /WEBSILEX/GuideSildocs/images Editab.gif
2003.02.07 11:47 B C:\WEBSILEX\GuideSildocs\images\Editab.jpg --> www.uga.cernet.fr /WEBSILEX/GuideSildocs/images Editab.jpg
2003.02.07 11:47 B C:\WEBSILEX\GuideSildocs\images\EditeFormule.gif --> www.uga.cernet.fr /WEBSILEX/GuideSildocs/images EditeFormule.gif
2003.02.07 11:47 B C:\WEBSILEX\GuideSildocs\images\Emprunt.gif --> www.uga.cernet.fr /WEBSILEX/GuideSildocs/images Emprunt.gif
2003.02.07 11:47 B C:\WEBSILEX\GuideSildocs\images\fnd_menu3.gif --> www.uga.cernet.fr /WEBSILEX/GuideSildocs/images fnd_menu3.gif
2003.02.07 11:47 B C:\WEBSILEX\GuideSildocs\images\fondOrange.bmp --> www.uga.cernet.fr /WEBSILEX/GuideSildocs/images fondOrange.bmp
2003.02.07 11:47 B C:\WEBSILEX\GuideSildocs\images\gaucheCadre.gif --> www.uga.cernet.fr /WEBSILEX/GuideSildocs/images gaucheCadre.gif
2003.02.07 11:47 B C:\WEBSILEX\GuideSildocs\images\Graphi1.gif --> www.uga.cernet.fr /WEBSILEX/GuideSildocs/images Graphi1.gif
2003.02.07 11:47 B C:\WEBSILEX\GuideSildocs\images\Graphi10.gif --> www.uga.cernet.fr /WEBSILEX/GuideSildocs/images Graphi10.gif
2003.02.07 11:47 B C:\WEBSILEX\GuideSildocs\images\Graphi11.gif --> www.uga.cernet.fr /WEBSILEX/GuideSildocs/images Graphi11.gif
2003.02.07 11:47 B C:\WEBSILEX\GuideSildocs\images\Graphi2.gif --> www.uga.cernet.fr /WEBSILEX/GuideSildocs/images Graphi2.gif
2003.02.07 11:47 B C:\WEBSILEX\GuideSildocs\images\Graphi3.gif --> www.uga.cernet.fr /WEBSILEX/GuideSildocs/images Graphi3.gif
2003.02.07 11:47 B C:\WEBSILEX\GuideSildocs\images\Graphi4.gif --> www.uga.cernet.fr /WEBSILEX/GuideSildocs/images Graphi4.gif
2003.02.07 11:47 B C:\WEBSILEX\GuideSildocs\images\Graphi9.gif --> www.uga.cernet.fr /WEBSILEX/GuideSildocs/images Graphi9.gif
2003.02.07 11:47 B C:\WEBSILEX\GuideSildocs\images\hautDroiteCadre.gif --> www.uga.cernet.fr /WEBSILEX/GuideSildocs/images hautDroiteCadre.gif
2003.02.07 11:47 B C:\WEBSILEX\GuideSildocs\images\hautGaucheCadre.gif --> www.uga.cernet.fr /WEBSILEX/GuideSildocs/images hautGaucheCadre.gif
2003.02.07 11:47 B C:\WEBSILEX\GuideSildocs\images\ImmoSubv.jpg --> www.uga.cernet.fr /WEBSILEX/GuideSildocs/images ImmoSubv.jpg
2003.02.07 11:47 B C:\WEBSILEX\GuideSildocs\images\Import12.gif --> www.uga.cernet.fr /WEBSILEX/GuideSildocs/images Import12.gif
2003.02.07 11:47 B C:\WEBSILEX\GuideSildocs\images\InvFin.gif --> www.uga.cernet.fr /WEBSILEX/GuideSildocs/images InvFin.gif
2003.02.07 11:47 B C:\WEBSILEX\GuideSildocs\images\LargeurTab.gif --> www.uga.cernet.fr /WEBSILEX/GuideSildocs/images LargeurTab.gif
2003.02.07 11:47 B C:\WEBSILEX\GuideSildocs\images\LgCltP.gif --> www.uga.cernet.fr /WEBSILEX/GuideSildocs/images LgCltP.gif
2003.02.07 11:47 B C:\WEBSILEX\GuideSildocs\images\LgCult.gif --> www.uga.cernet.fr /WEBSILEX/GuideSildocs/images LgCult.gif
2003.02.07 11:47 B C:\WEBSILEX\GuideSildocs\images\LigneIntitule.gif --> www.uga.cernet.fr /WEBSILEX/GuideSildocs/images LigneIntitule.gif
2003.02.07 11:47 B C:\WEBSILEX\GuideSildocs\images\LigneSerie.gif --> www.uga.cernet.fr /WEBSILEX/GuideSildocs/images LigneSerie.gif
2003.02.07 11:47 B C:\WEBSILEX\GuideSildocs\images\LogocolorSilex.gif --> www.uga.cernet.fr /WEBSILEX/GuideSildocs/images LogocolorSilex.gif
2003.02.07 11:47 B C:\WEBSILEX\GuideSildocs\images\LogoSildocsFrmG.gif --> www.uga.cernet.fr /WEBSILEX/GuideSildocs/images LogoSildocsFrmG.gif
2003.02.07 11:47 B C:\WEBSILEX\GuideSildocs\images\m1.gif --> www.uga.cernet.fr /WEBSILEX/GuideSildocs/images m1.gif
2003.02.07 11:47 B C:\WEBSILEX\GuideSildocs\images\m2.gif --> www.uga.cernet.fr /WEBSILEX/GuideSildocs/images m2.gif
2003.02.07 11:47 B C:\WEBSILEX\GuideSildocs\images\m_serv_libre.gif --> www.uga.cernet.fr /WEBSILEX/GuideSildocs/images m_serv_libre.gif
2003.02.07 11:47 B C:\WEBSILEX\GuideSildocs\images\MailHaut.gif --> www.uga.cernet.fr /WEBSILEX/GuideSildocs/images MailHaut.gif
2003.02.07 11:47 B C:\WEBSILEX\GuideSildocs\images\MenuDoc.jpg --> www.uga.cernet.fr /WEBSILEX/GuideSildocs/images MenuDoc.jpg
2003.02.07 11:47 B C:\WEBSILEX\GuideSildocs\images\MenuInsert.jpg --> www.uga.cernet.fr /WEBSILEX/GuideSildocs/images MenuInsert.jpg
2003.02.07 11:47 B C:\WEBSILEX\GuideSildocs\images\millus4.GIF --> www.uga.cernet.fr /WEBSILEX/GuideSildocs/images millus4.GIF
2003.02.07 11:47 B C:\WEBSILEX\GuideSildocs\images\MiseEnForme.jpg --> www.uga.cernet.fr /WEBSILEX/GuideSildocs/images MiseEnForme.jpg
2003.02.07 11:47 B C:\WEBSILEX\GuideSildocs\images\Modele4.gif --> www.uga.cernet.fr /WEBSILEX/GuideSildocs/images Modele4.gif
2003.02.07 11:47 B C:\WEBSILEX\GuideSildocs\images\Modele5.gif --> www.uga.cernet.fr /WEBSILEX/GuideSildocs/images Modele5.gif
2003.02.07 11:47 B C:\WEBSILEX\GuideSildocs\images\Modele6.gif --> www.uga.cernet.fr /WEBSILEX/GuideSildocs/images Modele6.gif
2003.02.07 11:47 B C:\WEBSILEX\GuideSildocs\images\MsgChoix.jpg --> www.uga.cernet.fr /WEBSILEX/GuideSildocs/images MsgChoix.jpg
2003.02.07 11:47 B C:\WEBSILEX\GuideSildocs\images\ParamS14.gif --> www.uga.cernet.fr /WEBSILEX/GuideSildocs/images ParamS14.gif
2003.02.07 11:47 B C:\WEBSILEX\GuideSildocs\images\ParamS15.gif --> www.uga.cernet.fr /WEBSILEX/GuideSildocs/images ParamS15.gif
2003.02.07 11:47 B C:\WEBSILEX\GuideSildocs\images\ParamS6.gif --> www.uga.cernet.fr /WEBSILEX/GuideSildocs/images ParamS6.gif
2003.02.07 11:47 B C:\WEBSILEX\GuideSildocs\images\ParamT13.gif --> www.uga.cernet.fr /WEBSILEX/GuideSildocs/images ParamT13.gif
2003.02.07 11:47 B C:\WEBSILEX\GuideSildocs\images\ParamT7.gif --> www.uga.cernet.fr /WEBSILEX/GuideSildocs/images ParamT7.gif
2003.02.07 11:47 B C:\WEBSILEX\GuideSildocs\images\Presen5.gif --> www.uga.cernet.fr /WEBSILEX/GuideSildocs/images Presen5.gif
2003.02.07 11:47 B C:\WEBSILEX\GuideSildocs\images\pspbrwse.jbf --> www.uga.cernet.fr /WEBSILEX/GuideSildocs/images pspbrwse.jbf
2003.02.07 11:47 B C:\WEBSILEX\GuideSildocs\images\puce.gif --> www.uga.cernet.fr /WEBSILEX/GuideSildocs/images puce.gif
2003.02.07 11:47 B C:\WEBSILEX\GuideSildocs\images\PuceOrange.gif --> www.uga.cernet.fr /WEBSILEX/GuideSildocs/images PuceOrange.gif
2003.02.07 11:47 B C:\WEBSILEX\GuideSildocs\images\retour.GIF --> www.uga.cernet.fr /WEBSILEX/GuideSildocs/images retour.GIF
2003.02.07 11:47 B C:\WEBSILEX\GuideSildocs\images\Schema.gif --> www.uga.cernet.fr /WEBSILEX/GuideSildocs/images Schema.gif
2003.02.07 11:47 B C:\WEBSILEX\GuideSildocs\images\SildocsCquoi.bmp --> www.uga.cernet.fr /WEBSILEX/GuideSildocs/images SildocsCquoi.bmp
2003.02.07 11:47 B C:\WEBSILEX\GuideSildocs\images\silex_references.gif --> www.uga.cernet.fr /WEBSILEX/GuideSildocs/images silex_references.gif
2003.02.07 11:47 B C:\WEBSILEX\GuideSildocs\images\silexFond.jpg --> www.uga.cernet.fr /WEBSILEX/GuideSildocs/images silexFond.jpg
2003.02.07 11:47 B C:\WEBSILEX\GuideSildocs\images\sshautGaucheCadre.gif --> www.uga.cernet.fr /WEBSILEX/GuideSildocs/images sshautGaucheCadre.gif
2003.02.07 11:47 B C:\WEBSILEX\GuideSildocs\images\TabCult.gif --> www.uga.cernet.fr /WEBSILEX/GuideSildocs/images TabCult.gif
2003.02.07 11:47 B C:\WEBSILEX\GuideSildocs\images\TablCltP.gif --> www.uga.cernet.fr /WEBSILEX/GuideSildocs/images TablCltP.gif
2003.02.07 11:47 B C:\WEBSILEX\GuideSildocs\images\Tablea8.gif --> www.uga.cernet.fr /WEBSILEX/GuideSildocs/images Tablea8.gif
2003.02.07 11:47 B C:\WEBSILEX\GuideSildocs\images\Tablea9.gif --> www.uga.cernet.fr /WEBSILEX/GuideSildocs/images Tablea9.gif
2003.02.07 11:47 B C:\WEBSILEX\GuideSildocs\images\Tableau.gif --> www.uga.cernet.fr /WEBSILEX/GuideSildocs/images Tableau.gif
2003.02.07 11:47 B C:\WEBSILEX\GuideSildocs\images\TailleLigne.gif --> www.uga.cernet.fr /WEBSILEX/GuideSildocs/images TailleLigne.gif
2003.02.07 11:47 B C:\WEBSILEX\GuideSildocs\images\TailleLigne2.gif --> www.uga.cernet.fr /WEBSILEX/GuideSildocs/images TailleLigne2.gif
2003.02.07 11:47 B C:\WEBSILEX\GuideSildocs\images\TitreBas.GIF --> www.uga.cernet.fr /WEBSILEX/GuideSildocs/images TitreBas.GIF
2003.02.07 11:47 B C:\WEBSILEX\GuideSildocs\images\TitreDroite.bmp --> www.uga.cernet.fr /WEBSILEX/GuideSildocs/images TitreDroite.bmp
2003.02.07 11:47 B C:\WEBSILEX\GuideSildocs\images\TitreGauche.bmp --> www.uga.cernet.fr /WEBSILEX/GuideSildocs/images TitreGauche.bmp
2003.02.07 11:47 B C:\WEBSILEX\GuideSildocs\images\TitreHaut.GIF --> www.uga.cernet.fr /WEBSILEX/GuideSildocs/images TitreHaut.GIF
2003.02.07 11:47 B C:\WEBSILEX\GuideSildocs\images\TotalC.gif --> www.uga.cernet.fr /WEBSILEX/GuideSildocs/images TotalC.gif
2003.02.07 11:47 B C:\WEBSILEX\GuideSildocs\images\TotalS.gif --> www.uga.cernet.fr /WEBSILEX/GuideSildocs/images TotalS.gif
2003.02.07 11:47 B C:\WEBSILEX\GuideSildocs\images\TypeValeur.gif --> www.uga.cernet.fr /WEBSILEX/GuideSildocs/images TypeValeur.gif
2003.02.07 11:47 B C:\WEBSILEX\GuideSildocs\images\WS_FTP.LOG --> www.uga.cernet.fr /WEBSILEX/GuideSildocs/images WS_FTP.LOG
2003.08.13 10:14 B C:\WEBSILEX2003\GuideSildocs\images\actu.gif --> www.uga.cernet.fr /WEBSILEX2003/GuideSildocs/images actu.gif
2003.08.13 10:14 B C:\WEBSILEX2003\GuideSildocs\images\ActuBas.GIF --> www.uga.cernet.fr /WEBSILEX2003/GuideSildocs/images ActuBas.GIF
2003.08.13 10:14 B C:\WEBSILEX2003\GuideSildocs\images\ActuDroite.GIF --> www.uga.cernet.fr /WEBSILEX2003/GuideSildocs/images ActuDroite.GIF
2003.08.13 10:14 B C:\WEBSILEX2003\GuideSildocs\images\ActuGauche.GIF --> www.uga.cernet.fr /WEBSILEX2003/GuideSildocs/images ActuGauche.GIF
2003.08.13 10:14 B C:\WEBSILEX2003\GuideSildocs\images\ActuHaut.GIF --> www.uga.cernet.fr /WEBSILEX2003/GuideSildocs/images ActuHaut.GIF
2003.08.13 10:14 B C:\WEBSILEX2003\GuideSildocs\images\AideTotalC.jpg --> www.uga.cernet.fr /WEBSILEX2003/GuideSildocs/images AideTotalC.jpg
2003.08.13 10:14 B C:\WEBSILEX2003\GuideSildocs\images\bannire.gif --> www.uga.cernet.fr /WEBSILEX2003/GuideSildocs/images bannire.gif
2003.08.13 10:14 B C:\WEBSILEX2003\GuideSildocs\images\bannSilDocs.gif --> www.uga.cernet.fr /WEBSILEX2003/GuideSildocs/images bannSilDocs.gif
2003.08.13 10:14 B C:\WEBSILEX2003\GuideSildocs\images\barresGrises.gif --> www.uga.cernet.fr /WEBSILEX2003/GuideSildocs/images barresGrises.gif
2003.08.13 10:14 B C:\WEBSILEX2003\GuideSildocs\images\basCadre.gif --> www.uga.cernet.fr /WEBSILEX2003/GuideSildocs/images basCadre.gif
2003.08.13 10:14 B C:\WEBSILEX2003\GuideSildocs\images\Blocnote.jpg --> www.uga.cernet.fr /WEBSILEX2003/GuideSildocs/images Blocnote.jpg
2003.08.13 10:14 B C:\WEBSILEX2003\GuideSildocs\images\BoutonTab.gif --> www.uga.cernet.fr /WEBSILEX2003/GuideSildocs/images BoutonTab.gif
2003.08.13 10:14 B C:\WEBSILEX2003\GuideSildocs\images\BoutonTotalC.gif --> www.uga.cernet.fr /WEBSILEX2003/GuideSildocs/images BoutonTotalC.gif
2003.08.13 10:14 B C:\WEBSILEX2003\GuideSildocs\images\cadreGauche.GIF --> www.uga.cernet.fr /WEBSILEX2003/GuideSildocs/images cadreGauche.GIF
2003.08.13 10:14 B C:\WEBSILEX2003\GuideSildocs\images\CentrerTab.gif --> www.uga.cernet.fr /WEBSILEX2003/GuideSildocs/images CentrerTab.gif
2003.08.13 10:14 B C:\WEBSILEX2003\GuideSildocs\images\Coche.gif --> www.uga.cernet.fr /WEBSILEX2003/GuideSildocs/images Coche.gif
2003.08.13 10:14 B C:\WEBSILEX2003\GuideSildocs\images\contacts.gif --> www.uga.cernet.fr /WEBSILEX2003/GuideSildocs/images contacts.gif
2003.08.13 10:14 B C:\WEBSILEX2003\GuideSildocs\images\DefCell.gif --> www.uga.cernet.fr /WEBSILEX2003/GuideSildocs/images DefCell.gif
2003.08.13 10:14 B C:\WEBSILEX2003\GuideSildocs\images\diskOrange.GIF --> www.uga.cernet.fr /WEBSILEX2003/GuideSildocs/images diskOrange.GIF
2003.08.13 10:14 B C:\WEBSILEX2003\GuideSildocs\images\diskVert.GIF --> www.uga.cernet.fr /WEBSILEX2003/GuideSildocs/images diskVert.GIF
2003.08.13 10:14 B C:\WEBSILEX2003\GuideSildocs\images\droiteCadre.gif --> www.uga.cernet.fr /WEBSILEX2003/GuideSildocs/images droiteCadre.gif
2003.08.13 10:14 B C:\WEBSILEX2003\GuideSildocs\images\Editab.gif --> www.uga.cernet.fr /WEBSILEX2003/GuideSildocs/images Editab.gif
2003.08.13 10:14 B C:\WEBSILEX2003\GuideSildocs\images\Editab.jpg --> www.uga.cernet.fr /WEBSILEX2003/GuideSildocs/images Editab.jpg
2003.08.13 10:14 B C:\WEBSILEX2003\GuideSildocs\images\EditeFormule.gif --> www.uga.cernet.fr /WEBSILEX2003/GuideSildocs/images EditeFormule.gif
2003.08.13 10:14 B C:\WEBSILEX2003\GuideSildocs\images\Emprunt.gif --> www.uga.cernet.fr /WEBSILEX2003/GuideSildocs/images Emprunt.gif
2003.08.13 10:14 B C:\WEBSILEX2003\GuideSildocs\images\fnd_menu3.gif --> www.uga.cernet.fr /WEBSILEX2003/GuideSildocs/images fnd_menu3.gif
2003.08.13 10:14 B C:\WEBSILEX2003\GuideSildocs\images\fondOrange.bmp --> www.uga.cernet.fr /WEBSILEX2003/GuideSildocs/images fondOrange.bmp
2003.08.13 10:14 B C:\WEBSILEX2003\GuideSildocs\images\gaucheCadre.gif --> www.uga.cernet.fr /WEBSILEX2003/GuideSildocs/images gaucheCadre.gif
2003.08.13 10:14 B C:\WEBSILEX2003\GuideSildocs\images\Graphi1.gif --> www.uga.cernet.fr /WEBSILEX2003/GuideSildocs/images Graphi1.gif
2003.08.13 10:14 B C:\WEBSILEX2003\GuideSildocs\images\Graphi10.gif --> www.uga.cernet.fr /WEBSILEX2003/GuideSildocs/images Graphi10.gif
2003.08.13 10:14 B C:\WEBSILEX2003\GuideSildocs\images\Graphi11.gif --> www.uga.cernet.fr /WEBSILEX2003/GuideSildocs/images Graphi11.gif
2003.08.13 10:14 B C:\WEBSILEX2003\GuideSildocs\images\Graphi2.gif --> www.uga.cernet.fr /WEBSILEX2003/GuideSildocs/images Graphi2.gif
2003.08.13 10:14 B C:\WEBSILEX2003\GuideSildocs\images\Graphi3.gif --> www.uga.cernet.fr /WEBSILEX2003/GuideSildocs/images Graphi3.gif
2003.08.13 10:14 B C:\WEBSILEX2003\GuideSildocs\images\Graphi4.gif --> www.uga.cernet.fr /WEBSILEX2003/GuideSildocs/images Graphi4.gif
2003.08.13 10:14 B C:\WEBSILEX2003\GuideSildocs\images\Graphi9.gif --> www.uga.cernet.fr /WEBSILEX2003/GuideSildocs/images Graphi9.gif
2003.08.13 10:14 B C:\WEBSILEX2003\GuideSildocs\images\hautDroiteCadre.gif --> www.uga.cernet.fr /WEBSILEX2003/GuideSildocs/images hautDroiteCadre.gif
2003.08.13 10:14 B C:\WEBSILEX2003\GuideSildocs\images\hautGaucheCadre.gif --> www.uga.cernet.fr /WEBSILEX2003/GuideSildocs/images hautGaucheCadre.gif
2003.08.13 10:14 B C:\WEBSILEX2003\GuideSildocs\images\ImmoSubv.jpg --> www.uga.cernet.fr /WEBSILEX2003/GuideSildocs/images ImmoSubv.jpg
2003.08.13 10:14 B C:\WEBSILEX2003\GuideSildocs\images\Import12.gif --> www.uga.cernet.fr /WEBSILEX2003/GuideSildocs/images Import12.gif
2003.08.13 10:14 B C:\WEBSILEX2003\GuideSildocs\images\InvFin.gif --> www.uga.cernet.fr /WEBSILEX2003/GuideSildocs/images InvFin.gif
2003.08.13 10:14 B C:\WEBSILEX2003\GuideSildocs\images\LargeurTab.gif --> www.uga.cernet.fr /WEBSILEX2003/GuideSildocs/images LargeurTab.gif
2003.08.13 10:14 B C:\WEBSILEX2003\GuideSildocs\images\LgCltP.gif --> www.uga.cernet.fr /WEBSILEX2003/GuideSildocs/images LgCltP.gif
2003.08.13 10:14 B C:\WEBSILEX2003\GuideSildocs\images\LgCult.gif --> www.uga.cernet.fr /WEBSILEX2003/GuideSildocs/images LgCult.gif
2003.08.13 10:14 B C:\WEBSILEX2003\GuideSildocs\images\LigneIntitule.gif --> www.uga.cernet.fr /WEBSILEX2003/GuideSildocs/images LigneIntitule.gif
2003.08.13 10:14 B C:\WEBSILEX2003\GuideSildocs\images\LigneSerie.gif --> www.uga.cernet.fr /WEBSILEX2003/GuideSildocs/images LigneSerie.gif
2003.08.13 10:14 B C:\WEBSILEX2003\GuideSildocs\images\LogocolorSilex.gif --> www.uga.cernet.fr /WEBSILEX2003/GuideSildocs/images LogocolorSilex.gif
2003.08.13 10:14 B C:\WEBSILEX2003\GuideSildocs\images\LogoSildocsFrmG.gif --> www.uga.cernet.fr /WEBSILEX2003/GuideSildocs/images LogoSildocsFrmG.gif
2003.08.13 10:14 B C:\WEBSILEX2003\GuideSildocs\images\m1.gif --> www.uga.cernet.fr /WEBSILEX2003/GuideSildocs/images m1.gif
2003.08.13 10:14 B C:\WEBSILEX2003\GuideSildocs\images\m2.gif --> www.uga.cernet.fr /WEBSILEX2003/GuideSildocs/images m2.gif
2003.08.13 10:14 B C:\WEBSILEX2003\GuideSildocs\images\m_serv_libre.gif --> www.uga.cernet.fr /WEBSILEX2003/GuideSildocs/images m_serv_libre.gif
2003.08.13 10:14 B C:\WEBSILEX2003\GuideSildocs\images\MailHaut.gif --> www.uga.cernet.fr /WEBSILEX2003/GuideSildocs/images MailHaut.gif
2003.08.13 10:14 B C:\WEBSILEX2003\GuideSildocs\images\MenuDoc.jpg --> www.uga.cernet.fr /WEBSILEX2003/GuideSildocs/images MenuDoc.jpg
2003.08.13 10:14 B C:\WEBSILEX2003\GuideSildocs\images\MenuInsert.jpg --> www.uga.cernet.fr /WEBSILEX2003/GuideSildocs/images MenuInsert.jpg
2003.08.13 10:14 B C:\WEBSILEX2003\GuideSildocs\images\millus4.GIF --> www.uga.cernet.fr /WEBSILEX2003/GuideSildocs/images millus4.GIF
2003.08.13 10:14 B C:\WEBSILEX2003\GuideSildocs\images\MiseEnForme.jpg --> www.uga.cernet.fr /WEBSILEX2003/GuideSildocs/images MiseEnForme.jpg
2003.08.13 10:14 B C:\WEBSILEX2003\GuideSildocs\images\Modele4.gif --> www.uga.cernet.fr /WEBSILEX2003/GuideSildocs/images Modele4.gif
2003.08.13 10:14 B C:\WEBSILEX2003\GuideSildocs\images\Modele5.gif --> www.uga.cernet.fr /WEBSILEX2003/GuideSildocs/images Modele5.gif
2003.08.13 10:14 B C:\WEBSILEX2003\GuideSildocs\images\Modele6.gif --> www.uga.cernet.fr /WEBSILEX2003/GuideSildocs/images Modele6.gif
2003.08.13 10:14 B C:\WEBSILEX2003\GuideSildocs\images\MsgChoix.jpg --> www.uga.cernet.fr /WEBSILEX2003/GuideSildocs/images MsgChoix.jpg
2003.08.13 10:14 B C:\WEBSILEX2003\GuideSildocs\images\ParamS14.gif --> www.uga.cernet.fr /WEBSILEX2003/GuideSildocs/images ParamS14.gif
2003.08.13 10:14 B C:\WEBSILEX2003\GuideSildocs\images\ParamS15.gif --> www.uga.cernet.fr /WEBSILEX2003/GuideSildocs/images ParamS15.gif
2003.08.13 10:14 B C:\WEBSILEX2003\GuideSildocs\images\ParamS6.gif --> www.uga.cernet.fr /WEBSILEX2003/GuideSildocs/images ParamS6.gif
2003.08.13 10:14 B C:\WEBSILEX2003\GuideSildocs\images\ParamT13.gif --> www.uga.cernet.fr /WEBSILEX2003/GuideSildocs/images ParamT13.gif
2003.08.13 10:14 B C:\WEBSILEX2003\GuideSildocs\images\ParamT7.gif --> www.uga.cernet.fr /WEBSILEX2003/GuideSildocs/images ParamT7.gif
2003.08.13 10:14 B C:\WEBSILEX2003\GuideSildocs\images\PlanFinan.gif --> www.uga.cernet.fr /WEBSILEX2003/GuideSildocs/images PlanFinan.gif
2003.08.13 10:14 B C:\WEBSILEX2003\GuideSildocs\images\Presen5.gif --> www.uga.cernet.fr /WEBSILEX2003/GuideSildocs/images Presen5.gif
2003.08.13 10:14 B C:\WEBSILEX2003\GuideSildocs\images\pspbrwse.jbf --> www.uga.cernet.fr /WEBSILEX2003/GuideSildocs/images pspbrwse.jbf
2003.08.13 10:14 B C:\WEBSILEX2003\GuideSildocs\images\puce.gif --> www.uga.cernet.fr /WEBSILEX2003/GuideSildocs/images puce.gif
2003.08.13 10:14 B C:\WEBSILEX2003\GuideSildocs\images\PuceOrange.gif --> www.uga.cernet.fr /WEBSILEX2003/GuideSildocs/images PuceOrange.gif
2003.08.13 10:14 B C:\WEBSILEX2003\GuideSildocs\images\retour.GIF --> www.uga.cernet.fr /WEBSILEX2003/GuideSildocs/images retour.GIF
2003.08.13 10:14 B C:\WEBSILEX2003\GuideSildocs\images\Schema.gif --> www.uga.cernet.fr /WEBSILEX2003/GuideSildocs/images Schema.gif
2003.08.13 10:14 B C:\WEBSILEX2003\GuideSildocs\images\SildocsCquoi.bmp --> www.uga.cernet.fr /WEBSILEX2003/GuideSildocs/images SildocsCquoi.bmp
2003.08.13 10:14 B C:\WEBSILEX2003\GuideSildocs\images\silex_references.gif --> www.uga.cernet.fr /WEBSILEX2003/GuideSildocs/images silex_references.gif
2003.08.13 10:14 B C:\WEBSILEX2003\GuideSildocs\images\silexFond.jpg --> www.uga.cernet.fr /WEBSILEX2003/GuideSildocs/images silexFond.jpg
2003.08.13 10:14 B C:\WEBSILEX2003\GuideSildocs\images\sshautGaucheCadre.gif --> www.uga.cernet.fr /WEBSILEX2003/GuideSildocs/images sshautGaucheCadre.gif
2003.08.13 10:14 B C:\WEBSILEX2003\GuideSildocs\images\TabCult.gif --> www.uga.cernet.fr /WEBSILEX2003/GuideSildocs/images TabCult.gif
2003.08.13 10:14 B C:\WEBSILEX2003\GuideSildocs\images\TablCltP.gif --> www.uga.cernet.fr /WEBSILEX2003/GuideSildocs/images TablCltP.gif
2003.08.13 10:14 B C:\WEBSILEX2003\GuideSildocs\images\Tablea8.gif --> www.uga.cernet.fr /WEBSILEX2003/GuideSildocs/images Tablea8.gif
2003.08.13 10:14 B C:\WEBSILEX2003\GuideSildocs\images\Tablea9.gif --> www.uga.cernet.fr /WEBSILEX2003/GuideSildocs/images Tablea9.gif
2003.08.13 10:14 B C:\WEBSILEX2003\GuideSildocs\images\Tableau.gif --> www.uga.cernet.fr /WEBSILEX2003/GuideSildocs/images Tableau.gif
2003.08.13 10:14 B C:\WEBSILEX2003\GuideSildocs\images\TailleLigne.gif --> www.uga.cernet.fr /WEBSILEX2003/GuideSildocs/images TailleLigne.gif
2003.08.13 10:14 B C:\WEBSILEX2003\GuideSildocs\images\TailleLigne2.gif --> www.uga.cernet.fr /WEBSILEX2003/GuideSildocs/images TailleLigne2.gif
2003.08.13 10:14 B C:\WEBSILEX2003\GuideSildocs\images\TitreBas.GIF --> www.uga.cernet.fr /WEBSILEX2003/GuideSildocs/images TitreBas.GIF
2003.08.13 10:14 B C:\WEBSILEX2003\GuideSildocs\images\TitreDroite.bmp --> www.uga.cernet.fr /WEBSILEX2003/GuideSildocs/images TitreDroite.bmp
2003.08.13 10:14 B C:\WEBSILEX2003\GuideSildocs\images\TitreGauche.bmp --> www.uga.cernet.fr /WEBSILEX2003/GuideSildocs/images TitreGauche.bmp
2003.08.13 10:14 B C:\WEBSILEX2003\GuideSildocs\images\TitreHaut.GIF --> www.uga.cernet.fr /WEBSILEX2003/GuideSildocs/images TitreHaut.GIF
2003.08.13 10:14 B C:\WEBSILEX2003\GuideSildocs\images\TotalC.gif --> www.uga.cernet.fr /WEBSILEX2003/GuideSildocs/images TotalC.gif
2003.08.13 10:14 B C:\WEBSILEX2003\GuideSildocs\images\TotalS.gif --> www.uga.cernet.fr /WEBSILEX2003/GuideSildocs/images TotalS.gif
2003.08.13 10:14 B C:\WEBSILEX2003\GuideSildocs\images\TypeValeur.gif --> www.uga.cernet.fr /WEBSILEX2003/GuideSildocs/images TypeValeur.gif
2003.08.13 10:14 B C:\WEBSILEX2003\GuideSildocs\images\WS_FTP.LOG --> www.uga.cernet.fr /WEBSILEX2003/GuideSildocs/images WS_FTP.LOG
