vti_encoding:SR|utf8-nl
2002.06.25 17:00 B C:\\Mes documents\\SITESILEX\\images\\_vti_cnf\\CarteSilex.jpg --> www.uga.cernet.fr /WebSilex/images/_vti_cnf CarteSilex.jpg
2002.06.26 09:31 B C:\\Mes documents\\SITESILEX\\images\\_vti_cnf\\WS_FTP.LOG --> www.uga.cernet.fr /WebSilex/images/_vti_cnf WS_FTP.LOG
2002.06.26 10:04 B C:\\Mes documents\\SITESILEX\\images\\_vti_cnf\\CarteSilex.jpg --> www.uga.cernet.fr /WebSilex/images/_vti_cnf CarteSilex.jpg
2002.06.28 10:52 B C:\\Mes documents\\WebSilex\\images\\_vti_cnf\\WS_FTP.LOG <-- www.uga.cernet.fr /WebSilex/images/_vti_cnf WS_FTP.LOG
vti_timelastmodified:TR|28 Jun 2002 08:53:02 -0000
vti_extenderversion:SR|4.0.2.2717
2002.07.25 10:17 B C:
2002.07.30 08:37 B C:
2003.02.07 08:54 B C:
2003.02.07 11:47 B C:
2003.08.13 10:14 B C:\WEBSILEX2003\GuideSildocs\images\_vti_cnf\actu.gif --> www.uga.cernet.fr /WEBSILEX2003/GuideSildocs/images/_vti_cnf actu.gif
2003.08.13 10:14 B C:\WEBSILEX2003\GuideSildocs\images\_vti_cnf\ActuBas.GIF --> www.uga.cernet.fr /WEBSILEX2003/GuideSildocs/images/_vti_cnf ActuBas.GIF
2003.08.13 10:14 B C:\WEBSILEX2003\GuideSildocs\images\_vti_cnf\ActuDroite.GIF --> www.uga.cernet.fr /WEBSILEX2003/GuideSildocs/images/_vti_cnf ActuDroite.GIF
2003.08.13 10:14 B C:\WEBSILEX2003\GuideSildocs\images\_vti_cnf\ActuGauche.GIF --> www.uga.cernet.fr /WEBSILEX2003/GuideSildocs/images/_vti_cnf ActuGauche.GIF
2003.08.13 10:14 B C:\WEBSILEX2003\GuideSildocs\images\_vti_cnf\ActuHaut.GIF --> www.uga.cernet.fr /WEBSILEX2003/GuideSildocs/images/_vti_cnf ActuHaut.GIF
2003.08.13 10:14 B C:\WEBSILEX2003\GuideSildocs\images\_vti_cnf\AideTotalC.jpg --> www.uga.cernet.fr /WEBSILEX2003/GuideSildocs/images/_vti_cnf AideTotalC.jpg
2003.08.13 10:14 B C:\WEBSILEX2003\GuideSildocs\images\_vti_cnf\bannière.gif --> www.uga.cernet.fr /WEBSILEX2003/GuideSildocs/images/_vti_cnf bannière.gif
2003.08.13 10:14 B C:\WEBSILEX2003\GuideSildocs\images\_vti_cnf\bannSilDocs.gif --> www.uga.cernet.fr /WEBSILEX2003/GuideSildocs/images/_vti_cnf bannSilDocs.gif
2003.08.13 10:14 B C:\WEBSILEX2003\GuideSildocs\images\_vti_cnf\barresGrises.gif --> www.uga.cernet.fr /WEBSILEX2003/GuideSildocs/images/_vti_cnf barresGrises.gif
2003.08.13 10:14 B C:\WEBSILEX2003\GuideSildocs\images\_vti_cnf\basCadre.gif --> www.uga.cernet.fr /WEBSILEX2003/GuideSildocs/images/_vti_cnf basCadre.gif
2003.08.13 10:14 B C:\WEBSILEX2003\GuideSildocs\images\_vti_cnf\Blocnote.jpg --> www.uga.cernet.fr /WEBSILEX2003/GuideSildocs/images/_vti_cnf Blocnote.jpg
2003.08.13 10:14 B C:\WEBSILEX2003\GuideSildocs\images\_vti_cnf\BoutonTab.gif --> www.uga.cernet.fr /WEBSILEX2003/GuideSildocs/images/_vti_cnf BoutonTab.gif
2003.08.13 10:14 B C:\WEBSILEX2003\GuideSildocs\images\_vti_cnf\BoutonTotalC.gif --> www.uga.cernet.fr /WEBSILEX2003/GuideSildocs/images/_vti_cnf BoutonTotalC.gif
2003.08.13 10:14 B C:\WEBSILEX2003\GuideSildocs\images\_vti_cnf\cadreGauche.GIF --> www.uga.cernet.fr /WEBSILEX2003/GuideSildocs/images/_vti_cnf cadreGauche.GIF
2003.08.13 10:14 B C:\WEBSILEX2003\GuideSildocs\images\_vti_cnf\CentrerTab.gif --> www.uga.cernet.fr /WEBSILEX2003/GuideSildocs/images/_vti_cnf CentrerTab.gif
2003.08.13 10:14 B C:\WEBSILEX2003\GuideSildocs\images\_vti_cnf\Coche.gif --> www.uga.cernet.fr /WEBSILEX2003/GuideSildocs/images/_vti_cnf Coche.gif
2003.08.13 10:14 B C:\WEBSILEX2003\GuideSildocs\images\_vti_cnf\contacts.gif --> www.uga.cernet.fr /WEBSILEX2003/GuideSildocs/images/_vti_cnf contacts.gif
2003.08.13 10:14 B C:\WEBSILEX2003\GuideSildocs\images\_vti_cnf\DefCell.gif --> www.uga.cernet.fr /WEBSILEX2003/GuideSildocs/images/_vti_cnf DefCell.gif
2003.08.13 10:14 B C:\WEBSILEX2003\GuideSildocs\images\_vti_cnf\diskOrange.gif --> www.uga.cernet.fr /WEBSILEX2003/GuideSildocs/images/_vti_cnf diskOrange.gif
2003.08.13 10:14 B C:\WEBSILEX2003\GuideSildocs\images\_vti_cnf\diskVert.gif --> www.uga.cernet.fr /WEBSILEX2003/GuideSildocs/images/_vti_cnf diskVert.gif
2003.08.13 10:14 B C:\WEBSILEX2003\GuideSildocs\images\_vti_cnf\droiteCadre.gif --> www.uga.cernet.fr /WEBSILEX2003/GuideSildocs/images/_vti_cnf droiteCadre.gif
2003.08.13 10:14 B C:\WEBSILEX2003\GuideSildocs\images\_vti_cnf\Editab.gif --> www.uga.cernet.fr /WEBSILEX2003/GuideSildocs/images/_vti_cnf Editab.gif
2003.08.13 10:14 B C:\WEBSILEX2003\GuideSildocs\images\_vti_cnf\Editab.jpg --> www.uga.cernet.fr /WEBSILEX2003/GuideSildocs/images/_vti_cnf Editab.jpg
2003.08.13 10:14 B C:\WEBSILEX2003\GuideSildocs\images\_vti_cnf\EditeFormule.gif --> www.uga.cernet.fr /WEBSILEX2003/GuideSildocs/images/_vti_cnf EditeFormule.gif
2003.08.13 10:14 B C:\WEBSILEX2003\GuideSildocs\images\_vti_cnf\Emprunt.gif --> www.uga.cernet.fr /WEBSILEX2003/GuideSildocs/images/_vti_cnf Emprunt.gif
2003.08.13 10:14 B C:\WEBSILEX2003\GuideSildocs\images\_vti_cnf\fnd_menu3.gif --> www.uga.cernet.fr /WEBSILEX2003/GuideSildocs/images/_vti_cnf fnd_menu3.gif
2003.08.13 10:14 B C:\WEBSILEX2003\GuideSildocs\images\_vti_cnf\fondOrange.bmp --> www.uga.cernet.fr /WEBSILEX2003/GuideSildocs/images/_vti_cnf fondOrange.bmp
2003.08.13 10:14 B C:\WEBSILEX2003\GuideSildocs\images\_vti_cnf\gaucheCadre.gif --> www.uga.cernet.fr /WEBSILEX2003/GuideSildocs/images/_vti_cnf gaucheCadre.gif
2003.08.13 10:14 B C:\WEBSILEX2003\GuideSildocs\images\_vti_cnf\Graphi1.gif --> www.uga.cernet.fr /WEBSILEX2003/GuideSildocs/images/_vti_cnf Graphi1.gif
2003.08.13 10:14 B C:\WEBSILEX2003\GuideSildocs\images\_vti_cnf\Graphi10.gif --> www.uga.cernet.fr /WEBSILEX2003/GuideSildocs/images/_vti_cnf Graphi10.gif
2003.08.13 10:14 B C:\WEBSILEX2003\GuideSildocs\images\_vti_cnf\Graphi11.gif --> www.uga.cernet.fr /WEBSILEX2003/GuideSildocs/images/_vti_cnf Graphi11.gif
2003.08.13 10:14 B C:\WEBSILEX2003\GuideSildocs\images\_vti_cnf\Graphi2.gif --> www.uga.cernet.fr /WEBSILEX2003/GuideSildocs/images/_vti_cnf Graphi2.gif
2003.08.13 10:14 B C:\WEBSILEX2003\GuideSildocs\images\_vti_cnf\Graphi3.gif --> www.uga.cernet.fr /WEBSILEX2003/GuideSildocs/images/_vti_cnf Graphi3.gif
2003.08.13 10:14 B C:\WEBSILEX2003\GuideSildocs\images\_vti_cnf\Graphi4.gif --> www.uga.cernet.fr /WEBSILEX2003/GuideSildocs/images/_vti_cnf Graphi4.gif
2003.08.13 10:14 B C:\WEBSILEX2003\GuideSildocs\images\_vti_cnf\Graphi9.gif --> www.uga.cernet.fr /WEBSILEX2003/GuideSildocs/images/_vti_cnf Graphi9.gif
2003.08.13 10:14 B C:\WEBSILEX2003\GuideSildocs\images\_vti_cnf\hautDroiteCadre.gif --> www.uga.cernet.fr /WEBSILEX2003/GuideSildocs/images/_vti_cnf hautDroiteCadre.gif
2003.08.13 10:14 B C:\WEBSILEX2003\GuideSildocs\images\_vti_cnf\hautGaucheCadre.gif --> www.uga.cernet.fr /WEBSILEX2003/GuideSildocs/images/_vti_cnf hautGaucheCadre.gif
2003.08.13 10:14 B C:\WEBSILEX2003\GuideSildocs\images\_vti_cnf\ImmoSubv.jpg --> www.uga.cernet.fr /WEBSILEX2003/GuideSildocs/images/_vti_cnf ImmoSubv.jpg
2003.08.13 10:14 B C:\WEBSILEX2003\GuideSildocs\images\_vti_cnf\Import12.gif --> www.uga.cernet.fr /WEBSILEX2003/GuideSildocs/images/_vti_cnf Import12.gif
2003.08.13 10:14 B C:\WEBSILEX2003\GuideSildocs\images\_vti_cnf\InvFin.gif --> www.uga.cernet.fr /WEBSILEX2003/GuideSildocs/images/_vti_cnf InvFin.gif
2003.08.13 10:14 B C:\WEBSILEX2003\GuideSildocs\images\_vti_cnf\LargeurTab.gif --> www.uga.cernet.fr /WEBSILEX2003/GuideSildocs/images/_vti_cnf LargeurTab.gif
2003.08.13 10:14 B C:\WEBSILEX2003\GuideSildocs\images\_vti_cnf\LgCltP.gif --> www.uga.cernet.fr /WEBSILEX2003/GuideSildocs/images/_vti_cnf LgCltP.gif
2003.08.13 10:14 B C:\WEBSILEX2003\GuideSildocs\images\_vti_cnf\LgCult.gif --> www.uga.cernet.fr /WEBSILEX2003/GuideSildocs/images/_vti_cnf LgCult.gif
2003.08.13 10:14 B C:\WEBSILEX2003\GuideSildocs\images\_vti_cnf\LigneIntitule.gif --> www.uga.cernet.fr /WEBSILEX2003/GuideSildocs/images/_vti_cnf LigneIntitule.gif
2003.08.13 10:14 B C:\WEBSILEX2003\GuideSildocs\images\_vti_cnf\LigneSerie.gif --> www.uga.cernet.fr /WEBSILEX2003/GuideSildocs/images/_vti_cnf LigneSerie.gif
2003.08.13 10:14 B C:\WEBSILEX2003\GuideSildocs\images\_vti_cnf\LogocolorSilex.gif --> www.uga.cernet.fr /WEBSILEX2003/GuideSildocs/images/_vti_cnf LogocolorSilex.gif
2003.08.13 10:14 B C:\WEBSILEX2003\GuideSildocs\images\_vti_cnf\LogoSildocsFrmG.gif --> www.uga.cernet.fr /WEBSILEX2003/GuideSildocs/images/_vti_cnf LogoSildocsFrmG.gif
2003.08.13 10:14 B C:\WEBSILEX2003\GuideSildocs\images\_vti_cnf\m1.gif --> www.uga.cernet.fr /WEBSILEX2003/GuideSildocs/images/_vti_cnf m1.gif
2003.08.13 10:14 B C:\WEBSILEX2003\GuideSildocs\images\_vti_cnf\m2.gif --> www.uga.cernet.fr /WEBSILEX2003/GuideSildocs/images/_vti_cnf m2.gif
2003.08.13 10:14 B C:\WEBSILEX2003\GuideSildocs\images\_vti_cnf\m_serv_libre.gif --> www.uga.cernet.fr /WEBSILEX2003/GuideSildocs/images/_vti_cnf m_serv_libre.gif
2003.08.13 10:14 B C:\WEBSILEX2003\GuideSildocs\images\_vti_cnf\MailHaut.GIF --> www.uga.cernet.fr /WEBSILEX2003/GuideSildocs/images/_vti_cnf MailHaut.GIF
2003.08.13 10:14 B C:\WEBSILEX2003\GuideSildocs\images\_vti_cnf\MenuDoc.jpg --> www.uga.cernet.fr /WEBSILEX2003/GuideSildocs/images/_vti_cnf MenuDoc.jpg
2003.08.13 10:14 B C:\WEBSILEX2003\GuideSildocs\images\_vti_cnf\MenuInsert.jpg --> www.uga.cernet.fr /WEBSILEX2003/GuideSildocs/images/_vti_cnf MenuInsert.jpg
2003.08.13 10:14 B C:\WEBSILEX2003\GuideSildocs\images\_vti_cnf\millus4.gif --> www.uga.cernet.fr /WEBSILEX2003/GuideSildocs/images/_vti_cnf millus4.gif
2003.08.13 10:14 B C:\WEBSILEX2003\GuideSildocs\images\_vti_cnf\MiseEnForme.jpg --> www.uga.cernet.fr /WEBSILEX2003/GuideSildocs/images/_vti_cnf MiseEnForme.jpg
2003.08.13 10:14 B C:\WEBSILEX2003\GuideSildocs\images\_vti_cnf\Modele4.gif --> www.uga.cernet.fr /WEBSILEX2003/GuideSildocs/images/_vti_cnf Modele4.gif
2003.08.13 10:14 B C:\WEBSILEX2003\GuideSildocs\images\_vti_cnf\Modele5.gif --> www.uga.cernet.fr /WEBSILEX2003/GuideSildocs/images/_vti_cnf Modele5.gif
2003.08.13 10:14 B C:\WEBSILEX2003\GuideSildocs\images\_vti_cnf\Modele6.gif --> www.uga.cernet.fr /WEBSILEX2003/GuideSildocs/images/_vti_cnf Modele6.gif
2003.08.13 10:14 B C:\WEBSILEX2003\GuideSildocs\images\_vti_cnf\MsgChoix.jpg --> www.uga.cernet.fr /WEBSILEX2003/GuideSildocs/images/_vti_cnf MsgChoix.jpg
2003.08.13 10:14 B C:\WEBSILEX2003\GuideSildocs\images\_vti_cnf\ParamS14.gif --> www.uga.cernet.fr /WEBSILEX2003/GuideSildocs/images/_vti_cnf ParamS14.gif
2003.08.13 10:14 B C:\WEBSILEX2003\GuideSildocs\images\_vti_cnf\ParamS15.gif --> www.uga.cernet.fr /WEBSILEX2003/GuideSildocs/images/_vti_cnf ParamS15.gif
2003.08.13 10:14 B C:\WEBSILEX2003\GuideSildocs\images\_vti_cnf\ParamS6.gif --> www.uga.cernet.fr /WEBSILEX2003/GuideSildocs/images/_vti_cnf ParamS6.gif
2003.08.13 10:14 B C:\WEBSILEX2003\GuideSildocs\images\_vti_cnf\ParamT13.gif --> www.uga.cernet.fr /WEBSILEX2003/GuideSildocs/images/_vti_cnf ParamT13.gif
2003.08.13 10:14 B C:\WEBSILEX2003\GuideSildocs\images\_vti_cnf\ParamT7.gif --> www.uga.cernet.fr /WEBSILEX2003/GuideSildocs/images/_vti_cnf ParamT7.gif
2003.08.13 10:14 B C:\WEBSILEX2003\GuideSildocs\images\_vti_cnf\PlanFinan.gif --> www.uga.cernet.fr /WEBSILEX2003/GuideSildocs/images/_vti_cnf PlanFinan.gif
2003.08.13 10:14 B C:\WEBSILEX2003\GuideSildocs\images\_vti_cnf\Presen5.gif --> www.uga.cernet.fr /WEBSILEX2003/GuideSildocs/images/_vti_cnf Presen5.gif
2003.08.13 10:14 B C:\WEBSILEX2003\GuideSildocs\images\_vti_cnf\pspbrwse.jbf --> www.uga.cernet.fr /WEBSILEX2003/GuideSildocs/images/_vti_cnf pspbrwse.jbf
2003.08.13 10:14 B C:\WEBSILEX2003\GuideSildocs\images\_vti_cnf\puce.gif --> www.uga.cernet.fr /WEBSILEX2003/GuideSildocs/images/_vti_cnf puce.gif
2003.08.13 10:14 B C:\WEBSILEX2003\GuideSildocs\images\_vti_cnf\PuceOrange.gif --> www.uga.cernet.fr /WEBSILEX2003/GuideSildocs/images/_vti_cnf PuceOrange.gif
2003.08.13 10:14 B C:\WEBSILEX2003\GuideSildocs\images\_vti_cnf\retour.gif --> www.uga.cernet.fr /WEBSILEX2003/GuideSildocs/images/_vti_cnf retour.gif
2003.08.13 10:14 B C:\WEBSILEX2003\GuideSildocs\images\_vti_cnf\Schema.gif --> www.uga.cernet.fr /WEBSILEX2003/GuideSildocs/images/_vti_cnf Schema.gif
2003.08.13 10:14 B C:\WEBSILEX2003\GuideSildocs\images\_vti_cnf\SildocsCquoi.bmp --> www.uga.cernet.fr /WEBSILEX2003/GuideSildocs/images/_vti_cnf SildocsCquoi.bmp
2003.08.13 10:14 B C:\WEBSILEX2003\GuideSildocs\images\_vti_cnf\silex_references.gif --> www.uga.cernet.fr /WEBSILEX2003/GuideSildocs/images/_vti_cnf silex_references.gif
2003.08.13 10:14 B C:\WEBSILEX2003\GuideSildocs\images\_vti_cnf\silexFond.jpg --> www.uga.cernet.fr /WEBSILEX2003/GuideSildocs/images/_vti_cnf silexFond.jpg
2003.08.13 10:14 B C:\WEBSILEX2003\GuideSildocs\images\_vti_cnf\sshautGaucheCadre.gif --> www.uga.cernet.fr /WEBSILEX2003/GuideSildocs/images/_vti_cnf sshautGaucheCadre.gif
2003.08.13 10:14 B C:\WEBSILEX2003\GuideSildocs\images\_vti_cnf\TabCult.gif --> www.uga.cernet.fr /WEBSILEX2003/GuideSildocs/images/_vti_cnf TabCult.gif
2003.08.13 10:14 B C:\WEBSILEX2003\GuideSildocs\images\_vti_cnf\TablCltP.gif --> www.uga.cernet.fr /WEBSILEX2003/GuideSildocs/images/_vti_cnf TablCltP.gif
2003.08.13 10:14 B C:\WEBSILEX2003\GuideSildocs\images\_vti_cnf\Tablea8.gif --> www.uga.cernet.fr /WEBSILEX2003/GuideSildocs/images/_vti_cnf Tablea8.gif
2003.08.13 10:14 B C:\WEBSILEX2003\GuideSildocs\images\_vti_cnf\Tablea9.gif --> www.uga.cernet.fr /WEBSILEX2003/GuideSildocs/images/_vti_cnf Tablea9.gif
2003.08.13 10:14 B C:\WEBSILEX2003\GuideSildocs\images\_vti_cnf\Tableau.gif --> www.uga.cernet.fr /WEBSILEX2003/GuideSildocs/images/_vti_cnf Tableau.gif
2003.08.13 10:14 B C:\WEBSILEX2003\GuideSildocs\images\_vti_cnf\TailleLigne.gif --> www.uga.cernet.fr /WEBSILEX2003/GuideSildocs/images/_vti_cnf TailleLigne.gif
2003.08.13 10:14 B C:\WEBSILEX2003\GuideSildocs\images\_vti_cnf\TailleLigne2.gif --> www.uga.cernet.fr /WEBSILEX2003/GuideSildocs/images/_vti_cnf TailleLigne2.gif
2003.08.13 10:14 B C:\WEBSILEX2003\GuideSildocs\images\_vti_cnf\TitreBas.gif --> www.uga.cernet.fr /WEBSILEX2003/GuideSildocs/images/_vti_cnf TitreBas.gif
2003.08.13 10:14 B C:\WEBSILEX2003\GuideSildocs\images\_vti_cnf\TitreDroite.bmp --> www.uga.cernet.fr /WEBSILEX2003/GuideSildocs/images/_vti_cnf TitreDroite.bmp
2003.08.13 10:14 B C:\WEBSILEX2003\GuideSildocs\images\_vti_cnf\TitreGauche.bmp --> www.uga.cernet.fr /WEBSILEX2003/GuideSildocs/images/_vti_cnf TitreGauche.bmp
2003.08.13 10:14 B C:\WEBSILEX2003\GuideSildocs\images\_vti_cnf\TitreHaut.gif --> www.uga.cernet.fr /WEBSILEX2003/GuideSildocs/images/_vti_cnf TitreHaut.gif
2003.08.13 10:14 B C:\WEBSILEX2003\GuideSildocs\images\_vti_cnf\TotalC.gif --> www.uga.cernet.fr /WEBSILEX2003/GuideSildocs/images/_vti_cnf TotalC.gif
2003.08.13 10:14 B C:\WEBSILEX2003\GuideSildocs\images\_vti_cnf\TotalS.gif --> www.uga.cernet.fr /WEBSILEX2003/GuideSildocs/images/_vti_cnf TotalS.gif
2003.08.13 10:14 B C:\WEBSILEX2003\GuideSildocs\images\_vti_cnf\TypeValeur.gif --> www.uga.cernet.fr /WEBSILEX2003/GuideSildocs/images/_vti_cnf TypeValeur.gif
2003.08.13 10:14 B C:\WEBSILEX2003\GuideSildocs\images\_vti_cnf\WS_FTP.LOG --> www.uga.cernet.fr /WEBSILEX2003/GuideSildocs/images/_vti_cnf WS_FTP.LOG
