vti_encoding:SR|utf8-nl
vti_timelastmodified:TR|05 Jul 2002 12:37:48 -0000
vti_extenderversion:SR|4.0.2.2717
2002.07.30 08:38 B C:
2003.02.07 08:54 B C:
2003.02.07 11:46 B C:
2003.08.13 10:13 B C:\WEBSILEX2003\GuideSildocs\_vti_cnf\Contacts.htm --> www.uga.cernet.fr /WEBSILEX2003/GuideSildocs/_vti_cnf Contacts.htm
2003.08.13 10:13 B C:\WEBSILEX2003\GuideSildocs\_vti_cnf\Entete.htm --> www.uga.cernet.fr /WEBSILEX2003/GuideSildocs/_vti_cnf Entete.htm
2003.08.13 10:13 B C:\WEBSILEX2003\GuideSildocs\_vti_cnf\FrmGauche.htm --> www.uga.cernet.fr /WEBSILEX2003/GuideSildocs/_vti_cnf FrmGauche.htm
2003.08.13 10:13 B C:\WEBSILEX2003\GuideSildocs\_vti_cnf\FrmVide1024.htm --> www.uga.cernet.fr /WEBSILEX2003/GuideSildocs/_vti_cnf FrmVide1024.htm
2003.08.13 10:13 B C:\WEBSILEX2003\GuideSildocs\_vti_cnf\Graphiques.htm --> www.uga.cernet.fr /WEBSILEX2003/GuideSildocs/_vti_cnf Graphiques.htm
2003.08.13 10:13 B C:\WEBSILEX2003\GuideSildocs\_vti_cnf\ImmosEmprunts.htm --> www.uga.cernet.fr /WEBSILEX2003/GuideSildocs/_vti_cnf ImmosEmprunts.htm
2003.08.13 10:13 B C:\WEBSILEX2003\GuideSildocs\_vti_cnf\ImportExport.htm --> www.uga.cernet.fr /WEBSILEX2003/GuideSildocs/_vti_cnf ImportExport.htm
2003.08.13 10:13 B C:\WEBSILEX2003\GuideSildocs\_vti_cnf\index.htm --> www.uga.cernet.fr /WEBSILEX2003/GuideSildocs/_vti_cnf index.htm
2003.08.13 10:13 B C:\WEBSILEX2003\GuideSildocs\_vti_cnf\index1024.htm --> www.uga.cernet.fr /WEBSILEX2003/GuideSildocs/_vti_cnf index1024.htm
2003.08.13 10:13 B C:\WEBSILEX2003\GuideSildocs\_vti_cnf\index800.htm --> www.uga.cernet.fr /WEBSILEX2003/GuideSildocs/_vti_cnf index800.htm
2003.08.13 10:13 B C:\WEBSILEX2003\GuideSildocs\_vti_cnf\InvestFinanc.htm --> www.uga.cernet.fr /WEBSILEX2003/GuideSildocs/_vti_cnf InvestFinanc.htm
2003.08.13 10:13 B C:\WEBSILEX2003\GuideSildocs\_vti_cnf\ModeleDoc.htm --> www.uga.cernet.fr /WEBSILEX2003/GuideSildocs/_vti_cnf ModeleDoc.htm
2003.08.13 10:13 B C:\WEBSILEX2003\GuideSildocs\_vti_cnf\ParamSd.htm --> www.uga.cernet.fr /WEBSILEX2003/GuideSildocs/_vti_cnf ParamSd.htm
2003.08.13 10:13 B C:\WEBSILEX2003\GuideSildocs\_vti_cnf\ParamTab.htm --> www.uga.cernet.fr /WEBSILEX2003/GuideSildocs/_vti_cnf ParamTab.htm
2003.08.13 10:13 B C:\WEBSILEX2003\GuideSildocs\_vti_cnf\PlanFinan.htm --> www.uga.cernet.fr /WEBSILEX2003/GuideSildocs/_vti_cnf PlanFinan.htm
2003.08.13 10:13 B C:\WEBSILEX2003\GuideSildocs\_vti_cnf\Present.htm --> www.uga.cernet.fr /WEBSILEX2003/GuideSildocs/_vti_cnf Present.htm
2003.08.13 10:13 B C:\WEBSILEX2003\GuideSildocs\_vti_cnf\Tableaux.htm --> www.uga.cernet.fr /WEBSILEX2003/GuideSildocs/_vti_cnf Tableaux.htm
2003.08.13 10:13 B C:\WEBSILEX2003\GuideSildocs\_vti_cnf\WS_FTP.LOG --> www.uga.cernet.fr /WEBSILEX2003/GuideSildocs/_vti_cnf WS_FTP.LOG
