2002.07.05 11:37 B C:\WebSilex\Actualite.htm --> www.uga.cernet.fr /WebSilex Actualite.htm
2002.07.05 11:37 B C:\WebSilex\Inscription.htm --> www.uga.cernet.fr /WebSilex Inscription.htm
2002.07.05 11:37 B C:\WebSilex\Telecharge.htm --> www.uga.cernet.fr /WebSilex Telecharge.htm
2002.07.05 11:43 B C:\WebSilex\Actualite.htm --> www.uga.cernet.fr /WebSilex Actualite.htm
2002.07.05 13:47 B C:\WebSilex\Actualite.htm --> www.uga.cernet.fr /WebSilex Actualite.htm
2002.07.05 13:48 B C:\WebSilex\fenetredownload.htm --> www.uga.cernet.fr /WebSilex fenetredownload.htm
2002.07.05 13:52 B C:\WebSilex\fenetredownload.htm --> www.uga.cernet.fr /WebSilex fenetredownload.htm
2002.07.05 14:37 B C:\WebSilex\FrmGauche.htm --> www.uga.cernet.fr /WebSilex FrmGauche.htm
2002.07.05 14:37 B C:\WebSilex\WS_FTP.LOG --> www.uga.cernet.fr /WebSilex WS_FTP.LOG
2002.07.05 14:37 B C:\WebSilex\Contacts.htm --> www.uga.cernet.fr /WebSilex Contacts.htm
2002.07.30 08:37 B C:\WEBSILEX\Reference.htm --> www.uga.cernet.fr /WebSilex Reference.htm
2002.10.02 16:06 B C:\WEBSILEX\Actualite.htm --> www.uga.cernet.fr /WebSilex Actualite.htm
2002.10.02 16:11 B C:\WEBSILEX\Actualite.htm --> www.uga.cernet.fr /WebSilex Actualite.htm
2002.10.03 14:40 B C:\WEBSILEX\ActDiversSilex.htm <-- uga /WebSilex ActDiversSilex.htm
2002.10.03 14:40 B C:\WEBSILEX\Actualite.htm <-- uga /WebSilex Actualite.htm
2002.10.03 14:40 B C:\WEBSILEX\Contacts.htm <-- uga /WebSilex Contacts.htm
2002.10.03 14:40 B C:\WEBSILEX\Entete.htm <-- uga /WebSilex Entete.htm
2002.10.03 14:40 B C:\WEBSILEX\ExempleSilex.htm <-- uga /WebSilex ExempleSilex.htm
2002.10.03 14:40 B C:\WEBSILEX\fenetredownload.htm <-- uga /WebSilex fenetredownload.htm
2002.10.03 14:40 B C:\WEBSILEX\FrmGauche.htm <-- uga /WebSilex FrmGauche.htm
2002.10.03 14:40 B C:\WEBSILEX\FrmVide1024.htm <-- uga /WebSilex FrmVide1024.htm
2002.10.03 14:40 B C:\WEBSILEX\index.htm <-- uga /WebSilex index.htm
2002.10.03 14:40 B C:\WEBSILEX\index1024.htm <-- uga /WebSilex index1024.htm
2002.10.03 14:40 B C:\WEBSILEX\index800.htm <-- uga /WebSilex index800.htm
2002.10.03 14:40 B C:\WEBSILEX\Inscription.htm <-- uga /WebSilex Inscription.htm
2002.10.03 14:40 B C:\WEBSILEX\Present.htm <-- uga /WebSilex Present.htm
2002.10.03 14:40 B C:\WEBSILEX\Recherche.htm <-- uga /WebSilex Recherche.htm
2002.10.03 14:40 B C:\WEBSILEX\Reference.htm <-- uga /WebSilex Reference.htm
2002.10.03 14:40 B C:\WEBSILEX\Telecharge.htm <-- uga /WebSilex Telecharge.htm
2003.02.07 08:55 B C:\Winsilex\Sildocs\GuideSildocs\Contacts.htm --> www.uga.cernet.fr /WEBSILEX/GuideSildocs Contacts.htm
2003.02.07 08:55 B C:\Winsilex\Sildocs\GuideSildocs\Entete.htm --> www.uga.cernet.fr /WEBSILEX/GuideSildocs Entete.htm
2003.02.07 08:55 B C:\Winsilex\Sildocs\GuideSildocs\FrmGauche.htm --> www.uga.cernet.fr /WEBSILEX/GuideSildocs FrmGauche.htm
2003.02.07 08:55 B C:\Winsilex\Sildocs\GuideSildocs\FrmVide1024.htm --> www.uga.cernet.fr /WEBSILEX/GuideSildocs FrmVide1024.htm
2003.02.07 08:55 B C:\Winsilex\Sildocs\GuideSildocs\Graphiques.htm --> www.uga.cernet.fr /WEBSILEX/GuideSildocs Graphiques.htm
2003.02.07 08:55 B C:\Winsilex\Sildocs\GuideSildocs\ImportExport.htm --> www.uga.cernet.fr /WEBSILEX/GuideSildocs ImportExport.htm
2003.02.07 08:55 B C:\Winsilex\Sildocs\GuideSildocs\index.htm --> www.uga.cernet.fr /WEBSILEX/GuideSildocs index.htm
2003.02.07 08:55 B C:\Winsilex\Sildocs\GuideSildocs\index1024.htm --> www.uga.cernet.fr /WEBSILEX/GuideSildocs index1024.htm
2003.02.07 08:55 B C:\Winsilex\Sildocs\GuideSildocs\index800.htm --> www.uga.cernet.fr /WEBSILEX/GuideSildocs index800.htm
2003.02.07 08:55 B C:\Winsilex\Sildocs\GuideSildocs\ModeleDoc.htm --> www.uga.cernet.fr /WEBSILEX/GuideSildocs ModeleDoc.htm
2003.02.07 08:55 B C:\Winsilex\Sildocs\GuideSildocs\ParamSd.htm --> www.uga.cernet.fr /WEBSILEX/GuideSildocs ParamSd.htm
2003.02.07 08:55 B C:\Winsilex\Sildocs\GuideSildocs\ParamTab.htm --> www.uga.cernet.fr /WEBSILEX/GuideSildocs ParamTab.htm
2003.02.07 08:55 B C:\Winsilex\Sildocs\GuideSildocs\Present.htm --> www.uga.cernet.fr /WEBSILEX/GuideSildocs Present.htm
2003.02.07 08:55 B C:\Winsilex\Sildocs\GuideSildocs\Tableaux.htm --> www.uga.cernet.fr /WEBSILEX/GuideSildocs Tableaux.htm
2003.02.07 08:55 B C:\Winsilex\Sildocs\GuideSildocs\WS_FTP.LOG --> www.uga.cernet.fr /WEBSILEX/GuideSildocs WS_FTP.LOG
2003.02.07 11:47 B C:\WEBSILEX\GuideSildocs\Contacts.htm --> www.uga.cernet.fr /WEBSILEX/GuideSildocs Contacts.htm
2003.02.07 11:47 B C:\WEBSILEX\GuideSildocs\Entete.htm --> www.uga.cernet.fr /WEBSILEX/GuideSildocs Entete.htm
2003.02.07 11:47 B C:\WEBSILEX\GuideSildocs\FrmGauche.htm --> www.uga.cernet.fr /WEBSILEX/GuideSildocs FrmGauche.htm
2003.02.07 11:47 B C:\WEBSILEX\GuideSildocs\FrmVide1024.htm --> www.uga.cernet.fr /WEBSILEX/GuideSildocs FrmVide1024.htm
2003.02.07 11:47 B C:\WEBSILEX\GuideSildocs\Graphiques.htm --> www.uga.cernet.fr /WEBSILEX/GuideSildocs Graphiques.htm
2003.02.07 11:47 B C:\WEBSILEX\GuideSildocs\ImmosEmprunts.htm --> www.uga.cernet.fr /WEBSILEX/GuideSildocs ImmosEmprunts.htm
2003.02.07 11:47 B C:\WEBSILEX\GuideSildocs\ImportExport.htm --> www.uga.cernet.fr /WEBSILEX/GuideSildocs ImportExport.htm
2003.02.07 11:47 B C:\WEBSILEX\GuideSildocs\index.htm --> www.uga.cernet.fr /WEBSILEX/GuideSildocs index.htm
2003.02.07 11:47 B C:\WEBSILEX\GuideSildocs\index1024.htm --> www.uga.cernet.fr /WEBSILEX/GuideSildocs index1024.htm
2003.02.07 11:47 B C:\WEBSILEX\GuideSildocs\index800.htm --> www.uga.cernet.fr /WEBSILEX/GuideSildocs index800.htm
2003.02.07 11:47 B C:\WEBSILEX\GuideSildocs\InvestFinanc.htm --> www.uga.cernet.fr /WEBSILEX/GuideSildocs InvestFinanc.htm
2003.02.07 11:47 B C:\WEBSILEX\GuideSildocs\ModeleDoc.htm --> www.uga.cernet.fr /WEBSILEX/GuideSildocs ModeleDoc.htm
2003.02.07 11:47 B C:\WEBSILEX\GuideSildocs\ParamSd.htm --> www.uga.cernet.fr /WEBSILEX/GuideSildocs ParamSd.htm
2003.02.07 11:47 B C:\WEBSILEX\GuideSildocs\ParamTab.htm --> www.uga.cernet.fr /WEBSILEX/GuideSildocs ParamTab.htm
2003.02.07 11:47 B C:\WEBSILEX\GuideSildocs\Present.htm --> www.uga.cernet.fr /WEBSILEX/GuideSildocs Present.htm
2003.02.07 11:47 B C:\WEBSILEX\GuideSildocs\Tableaux.htm --> www.uga.cernet.fr /WEBSILEX/GuideSildocs Tableaux.htm
2003.02.07 11:47 B C:\WEBSILEX\GuideSildocs\WS_FTP.LOG --> www.uga.cernet.fr /WEBSILEX/GuideSildocs WS_FTP.LOG
2003.08.13 10:14 B C:\WEBSILEX2003\GuideSildocs\Contacts.htm --> www.uga.cernet.fr /WEBSILEX2003/GuideSildocs Contacts.htm
2003.08.13 10:14 B C:\WEBSILEX2003\GuideSildocs\Entete.htm --> www.uga.cernet.fr /WEBSILEX2003/GuideSildocs Entete.htm
2003.08.13 10:14 B C:\WEBSILEX2003\GuideSildocs\FrmGauche.htm --> www.uga.cernet.fr /WEBSILEX2003/GuideSildocs FrmGauche.htm
2003.08.13 10:14 B C:\WEBSILEX2003\GuideSildocs\FrmVide1024.htm --> www.uga.cernet.fr /WEBSILEX2003/GuideSildocs FrmVide1024.htm
2003.08.13 10:14 B C:\WEBSILEX2003\GuideSildocs\Graphiques.htm --> www.uga.cernet.fr /WEBSILEX2003/GuideSildocs Graphiques.htm
2003.08.13 10:14 B C:\WEBSILEX2003\GuideSildocs\ImmosEmprunts.htm --> www.uga.cernet.fr /WEBSILEX2003/GuideSildocs ImmosEmprunts.htm
2003.08.13 10:14 B C:\WEBSILEX2003\GuideSildocs\ImportExport.htm --> www.uga.cernet.fr /WEBSILEX2003/GuideSildocs ImportExport.htm
2003.08.13 10:14 B C:\WEBSILEX2003\GuideSildocs\index.htm --> www.uga.cernet.fr /WEBSILEX2003/GuideSildocs index.htm
2003.08.13 10:14 B C:\WEBSILEX2003\GuideSildocs\index1024.htm --> www.uga.cernet.fr /WEBSILEX2003/GuideSildocs index1024.htm
2003.08.13 10:14 B C:\WEBSILEX2003\GuideSildocs\index800.htm --> www.uga.cernet.fr /WEBSILEX2003/GuideSildocs index800.htm
2003.08.13 10:14 B C:\WEBSILEX2003\GuideSildocs\InvestFinanc.htm --> www.uga.cernet.fr /WEBSILEX2003/GuideSildocs InvestFinanc.htm
2003.08.13 10:14 B C:\WEBSILEX2003\GuideSildocs\ModeleDoc.htm --> www.uga.cernet.fr /WEBSILEX2003/GuideSildocs ModeleDoc.htm
2003.08.13 10:14 B C:\WEBSILEX2003\GuideSildocs\ParamSd.htm --> www.uga.cernet.fr /WEBSILEX2003/GuideSildocs ParamSd.htm
2003.08.13 10:14 B C:\WEBSILEX2003\GuideSildocs\ParamTab.htm --> www.uga.cernet.fr /WEBSILEX2003/GuideSildocs ParamTab.htm
2003.08.13 10:14 B C:\WEBSILEX2003\GuideSildocs\PlanFinan.htm --> www.uga.cernet.fr /WEBSILEX2003/GuideSildocs PlanFinan.htm
2003.08.13 10:14 B C:\WEBSILEX2003\GuideSildocs\Present.htm --> www.uga.cernet.fr /WEBSILEX2003/GuideSildocs Present.htm
2003.08.13 10:14 B C:\WEBSILEX2003\GuideSildocs\Tableaux.htm --> www.uga.cernet.fr /WEBSILEX2003/GuideSildocs Tableaux.htm
2003.08.13 10:14 B C:\WEBSILEX2003\GuideSildocs\WS_FTP.LOG --> www.uga.cernet.fr /WEBSILEX2003/GuideSildocs WS_FTP.LOG
