2002.06.20 16:02 B C:\Mes documents\WebSilex\_vti_pvt\botinfs.cnf --> www.uga.cernet.fr /WebSilex/_vti_pvt botinfs.cnf
2002.06.20 16:02 B C:\Mes documents\WebSilex\_vti_pvt\bots.cnf --> www.uga.cernet.fr /WebSilex/_vti_pvt bots.cnf
2002.06.20 16:02 B C:\Mes documents\WebSilex\_vti_pvt\deptodoc.btr --> www.uga.cernet.fr /WebSilex/_vti_pvt deptodoc.btr
2002.06.20 16:02 B C:\Mes documents\WebSilex\_vti_pvt\doctodep.btr --> www.uga.cernet.fr /WebSilex/_vti_pvt doctodep.btr
2002.06.20 16:02 B C:\Mes documents\WebSilex\_vti_pvt\linkinfo.cnf --> www.uga.cernet.fr /WebSilex/_vti_pvt linkinfo.cnf
2002.06.20 16:02 B C:\Mes documents\WebSilex\_vti_pvt\service.cnf --> www.uga.cernet.fr /WebSilex/_vti_pvt service.cnf
2002.06.20 16:02 B C:\Mes documents\WebSilex\_vti_pvt\service.lck --> www.uga.cernet.fr /WebSilex/_vti_pvt service.lck
2002.06.20 16:02 B C:\Mes documents\WebSilex\_vti_pvt\services.cnf --> www.uga.cernet.fr /WebSilex/_vti_pvt services.cnf
2002.06.20 16:02 B C:\Mes documents\WebSilex\_vti_pvt\structure.cnf --> www.uga.cernet.fr /WebSilex/_vti_pvt structure.cnf
2002.06.20 16:34 B C:\Mes documents\WebSilex\_vti_pvt\_x_todo.htm --> www.uga.cernet.fr /WebSilex/_vti_pvt _x_todo.htm
2002.06.20 16:34 B C:\Mes documents\WebSilex\_vti_pvt\_x_todoh.htm --> www.uga.cernet.fr /WebSilex/_vti_pvt _x_todoh.htm
2002.06.20 16:34 B C:\Mes documents\WebSilex\_vti_pvt\botinfs.cnf --> www.uga.cernet.fr /WebSilex/_vti_pvt botinfs.cnf
2002.06.20 16:34 B C:\Mes documents\WebSilex\_vti_pvt\bots.cnf --> www.uga.cernet.fr /WebSilex/_vti_pvt bots.cnf
2002.06.20 16:34 B C:\Mes documents\WebSilex\_vti_pvt\deptodoc.btr --> www.uga.cernet.fr /WebSilex/_vti_pvt deptodoc.btr
2002.06.20 16:34 B C:\Mes documents\WebSilex\_vti_pvt\doctodep.btr --> www.uga.cernet.fr /WebSilex/_vti_pvt doctodep.btr
2002.06.20 16:34 B C:\Mes documents\WebSilex\_vti_pvt\linkinfo.cnf --> www.uga.cernet.fr /WebSilex/_vti_pvt linkinfo.cnf
2002.06.20 16:34 B C:\Mes documents\WebSilex\_vti_pvt\service.cnf --> www.uga.cernet.fr /WebSilex/_vti_pvt service.cnf
2002.06.20 16:34 B C:\Mes documents\WebSilex\_vti_pvt\service.lck --> www.uga.cernet.fr /WebSilex/_vti_pvt service.lck
2002.06.20 16:34 B C:\Mes documents\WebSilex\_vti_pvt\services.cnf --> www.uga.cernet.fr /WebSilex/_vti_pvt services.cnf
2002.06.20 16:34 B C:\Mes documents\WebSilex\_vti_pvt\structure.cnf --> www.uga.cernet.fr /WebSilex/_vti_pvt structure.cnf
2002.06.20 16:34 B C:\Mes documents\WebSilex\_vti_pvt\WS_FTP.LOG --> www.uga.cernet.fr /WebSilex/_vti_pvt WS_FTP.LOG
2002.06.20 17:19 B C:\Mes documents\WebSilex\_vti_pvt\_x_todo.htm --> www.uga.cernet.fr /WebSilex/_vti_pvt _x_todo.htm
2002.06.20 17:19 B C:\Mes documents\WebSilex\_vti_pvt\_x_todoh.htm --> www.uga.cernet.fr /WebSilex/_vti_pvt _x_todoh.htm
2002.06.20 17:19 B C:\Mes documents\WebSilex\_vti_pvt\botinfs.cnf --> www.uga.cernet.fr /WebSilex/_vti_pvt botinfs.cnf
2002.06.20 17:19 B C:\Mes documents\WebSilex\_vti_pvt\bots.cnf --> www.uga.cernet.fr /WebSilex/_vti_pvt bots.cnf
2002.06.20 17:19 B C:\Mes documents\WebSilex\_vti_pvt\deptodoc.btr --> www.uga.cernet.fr /WebSilex/_vti_pvt deptodoc.btr
2002.06.20 17:19 B C:\Mes documents\WebSilex\_vti_pvt\doctodep.btr --> www.uga.cernet.fr /WebSilex/_vti_pvt doctodep.btr
2002.06.20 17:19 B C:\Mes documents\WebSilex\_vti_pvt\linkinfo.cnf --> www.uga.cernet.fr /WebSilex/_vti_pvt linkinfo.cnf
2002.06.20 17:19 B C:\Mes documents\WebSilex\_vti_pvt\service.cnf --> www.uga.cernet.fr /WebSilex/_vti_pvt service.cnf
2002.06.20 17:19 B C:\Mes documents\WebSilex\_vti_pvt\service.lck --> www.uga.cernet.fr /WebSilex/_vti_pvt service.lck
2002.06.20 17:19 B C:\Mes documents\WebSilex\_vti_pvt\services.cnf --> www.uga.cernet.fr /WebSilex/_vti_pvt services.cnf
2002.06.20 17:20 B C:\Mes documents\WebSilex\_vti_pvt\structure.cnf --> www.uga.cernet.fr /WebSilex/_vti_pvt structure.cnf
2002.06.21 10:00 B C:\Mes documents\SITESILEX\_vti_pvt\WS_FTP.LOG <-- www.uga.cernet.fr /WebSilex/_vti_pvt WS_FTP.LOG
2002.06.21 17:01 B C:\Mes documents\SITESILEX\_vti_pvt\_x_todo.htm --> www.uga.cernet.fr /WebSilex/_vti_pvt _x_todo.htm
2002.06.21 17:01 B C:\Mes documents\SITESILEX\_vti_pvt\_x_todoh.htm --> www.uga.cernet.fr /WebSilex/_vti_pvt _x_todoh.htm
2002.06.21 17:01 B C:\Mes documents\SITESILEX\_vti_pvt\botinfs.cnf --> www.uga.cernet.fr /WebSilex/_vti_pvt botinfs.cnf
2002.06.21 17:01 B C:\Mes documents\SITESILEX\_vti_pvt\bots.cnf --> www.uga.cernet.fr /WebSilex/_vti_pvt bots.cnf
2002.06.21 17:02 B C:\Mes documents\SITESILEX\_vti_pvt\deptodoc.btr --> www.uga.cernet.fr /WebSilex/_vti_pvt deptodoc.btr
2002.06.21 17:02 B C:\Mes documents\SITESILEX\_vti_pvt\doctodep.btr --> www.uga.cernet.fr /WebSilex/_vti_pvt doctodep.btr
2002.06.21 17:02 B C:\Mes documents\SITESILEX\_vti_pvt\linkinfo.cnf --> www.uga.cernet.fr /WebSilex/_vti_pvt linkinfo.cnf
2002.06.21 17:02 B C:\Mes documents\SITESILEX\_vti_pvt\service.cnf --> www.uga.cernet.fr /WebSilex/_vti_pvt service.cnf
2002.06.21 17:02 B C:\Mes documents\SITESILEX\_vti_pvt\service.lck --> www.uga.cernet.fr /WebSilex/_vti_pvt service.lck
2002.06.21 17:02 B C:\Mes documents\SITESILEX\_vti_pvt\services.cnf --> www.uga.cernet.fr /WebSilex/_vti_pvt services.cnf
2002.06.21 17:02 B C:\Mes documents\SITESILEX\_vti_pvt\structure.cnf --> www.uga.cernet.fr /WebSilex/_vti_pvt structure.cnf
2002.06.21 17:02 B C:\Mes documents\SITESILEX\_vti_pvt\WS_FTP.LOG --> www.uga.cernet.fr /WebSilex/_vti_pvt WS_FTP.LOG
2002.06.21 17:37 B C:\Mes documents\SITESILEX\_vti_pvt\_x_todo.htm --> www.uga.cernet.fr /WebSilex/_vti_pvt _x_todo.htm
2002.06.21 17:37 B C:\Mes documents\SITESILEX\_vti_pvt\_x_todoh.htm --> www.uga.cernet.fr /WebSilex/_vti_pvt _x_todoh.htm
2002.06.21 17:37 B C:\Mes documents\SITESILEX\_vti_pvt\botinfs.cnf --> www.uga.cernet.fr /WebSilex/_vti_pvt botinfs.cnf
2002.06.21 17:37 B C:\Mes documents\SITESILEX\_vti_pvt\bots.cnf --> www.uga.cernet.fr /WebSilex/_vti_pvt bots.cnf
2002.06.21 17:37 B C:\Mes documents\SITESILEX\_vti_pvt\deptodoc.btr --> www.uga.cernet.fr /WebSilex/_vti_pvt deptodoc.btr
2002.06.21 17:37 B C:\Mes documents\SITESILEX\_vti_pvt\doctodep.btr --> www.uga.cernet.fr /WebSilex/_vti_pvt doctodep.btr
2002.06.21 17:37 B C:\Mes documents\SITESILEX\_vti_pvt\linkinfo.cnf --> www.uga.cernet.fr /WebSilex/_vti_pvt linkinfo.cnf
2002.06.21 17:37 B C:\Mes documents\SITESILEX\_vti_pvt\service.cnf --> www.uga.cernet.fr /WebSilex/_vti_pvt service.cnf
2002.06.21 17:37 B C:\Mes documents\SITESILEX\_vti_pvt\service.lck --> www.uga.cernet.fr /WebSilex/_vti_pvt service.lck
2002.06.21 17:37 B C:\Mes documents\SITESILEX\_vti_pvt\services.cnf --> www.uga.cernet.fr /WebSilex/_vti_pvt services.cnf
2002.06.21 17:37 B C:\Mes documents\SITESILEX\_vti_pvt\structure.cnf --> www.uga.cernet.fr /WebSilex/_vti_pvt structure.cnf
2002.06.21 17:37 B C:\Mes documents\SITESILEX\_vti_pvt\WS_FTP.LOG --> www.uga.cernet.fr /WebSilex/_vti_pvt WS_FTP.LOG
2002.06.21 18:00 B C:\Mes documents\SITESILEX\_vti_pvt\_x_todo.htm --> www.uga.cernet.fr /WebSilex/_vti_pvt _x_todo.htm
2002.06.21 18:00 B C:\Mes documents\SITESILEX\_vti_pvt\_x_todoh.htm --> www.uga.cernet.fr /WebSilex/_vti_pvt _x_todoh.htm
2002.06.21 18:00 B C:\Mes documents\SITESILEX\_vti_pvt\botinfs.cnf --> www.uga.cernet.fr /WebSilex/_vti_pvt botinfs.cnf
2002.06.21 18:00 B C:\Mes documents\SITESILEX\_vti_pvt\bots.cnf --> www.uga.cernet.fr /WebSilex/_vti_pvt bots.cnf
2002.06.21 18:00 B C:\Mes documents\SITESILEX\_vti_pvt\deptodoc.btr --> www.uga.cernet.fr /WebSilex/_vti_pvt deptodoc.btr
2002.06.21 18:00 B C:\Mes documents\SITESILEX\_vti_pvt\doctodep.btr --> www.uga.cernet.fr /WebSilex/_vti_pvt doctodep.btr
2002.06.21 18:00 B C:\Mes documents\SITESILEX\_vti_pvt\linkinfo.cnf --> www.uga.cernet.fr /WebSilex/_vti_pvt linkinfo.cnf
2002.06.21 18:00 B C:\Mes documents\SITESILEX\_vti_pvt\service.cnf --> www.uga.cernet.fr /WebSilex/_vti_pvt service.cnf
2002.06.21 18:00 B C:\Mes documents\SITESILEX\_vti_pvt\service.lck --> www.uga.cernet.fr /WebSilex/_vti_pvt service.lck
2002.06.21 18:00 B C:\Mes documents\SITESILEX\_vti_pvt\services.cnf --> www.uga.cernet.fr /WebSilex/_vti_pvt services.cnf
2002.06.21 18:00 B C:\Mes documents\SITESILEX\_vti_pvt\structure.cnf --> www.uga.cernet.fr /WebSilex/_vti_pvt structure.cnf
2002.06.21 18:00 B C:\Mes documents\SITESILEX\_vti_pvt\WS_FTP.LOG --> www.uga.cernet.fr /WebSilex/_vti_pvt WS_FTP.LOG
2002.06.24 14:44 B C:\Mes documents\SITESILEX\_vti_pvt\_x_todo.htm --> www.uga.cernet.fr /WebSilex/_vti_pvt _x_todo.htm
2002.06.24 14:44 B C:\Mes documents\SITESILEX\_vti_pvt\_x_todoh.htm --> www.uga.cernet.fr /WebSilex/_vti_pvt _x_todoh.htm
2002.06.24 14:44 B C:\Mes documents\SITESILEX\_vti_pvt\botinfs.cnf --> www.uga.cernet.fr /WebSilex/_vti_pvt botinfs.cnf
2002.06.24 14:44 B C:\Mes documents\SITESILEX\_vti_pvt\bots.cnf --> www.uga.cernet.fr /WebSilex/_vti_pvt bots.cnf
2002.06.24 14:44 B C:\Mes documents\SITESILEX\_vti_pvt\deptodoc.btr --> www.uga.cernet.fr /WebSilex/_vti_pvt deptodoc.btr
2002.06.24 14:44 B C:\Mes documents\SITESILEX\_vti_pvt\doctodep.btr --> www.uga.cernet.fr /WebSilex/_vti_pvt doctodep.btr
2002.06.24 14:44 B C:\Mes documents\SITESILEX\_vti_pvt\linkinfo.cnf --> www.uga.cernet.fr /WebSilex/_vti_pvt linkinfo.cnf
2002.06.24 14:44 B C:\Mes documents\SITESILEX\_vti_pvt\service.cnf --> www.uga.cernet.fr /WebSilex/_vti_pvt service.cnf
2002.06.24 14:44 B C:\Mes documents\SITESILEX\_vti_pvt\service.lck --> www.uga.cernet.fr /WebSilex/_vti_pvt service.lck
2002.06.24 14:44 B C:\Mes documents\SITESILEX\_vti_pvt\services.cnf --> www.uga.cernet.fr /WebSilex/_vti_pvt services.cnf
2002.06.24 14:44 B C:\Mes documents\SITESILEX\_vti_pvt\structure.cnf --> www.uga.cernet.fr /WebSilex/_vti_pvt structure.cnf
2002.06.24 14:44 B C:\Mes documents\SITESILEX\_vti_pvt\WS_FTP.LOG --> www.uga.cernet.fr /WebSilex/_vti_pvt WS_FTP.LOG
2002.06.24 15:14 B C:\Mes documents\SITESILEX\_vti_pvt\_x_todo.htm --> www.uga.cernet.fr /WebSilex/_vti_pvt _x_todo.htm
2002.06.24 15:14 B C:\Mes documents\SITESILEX\_vti_pvt\_x_todoh.htm --> www.uga.cernet.fr /WebSilex/_vti_pvt _x_todoh.htm
2002.06.24 15:14 B C:\Mes documents\SITESILEX\_vti_pvt\botinfs.cnf --> www.uga.cernet.fr /WebSilex/_vti_pvt botinfs.cnf
2002.06.24 15:14 B C:\Mes documents\SITESILEX\_vti_pvt\bots.cnf --> www.uga.cernet.fr /WebSilex/_vti_pvt bots.cnf
2002.06.24 15:14 B C:\Mes documents\SITESILEX\_vti_pvt\deptodoc.btr --> www.uga.cernet.fr /WebSilex/_vti_pvt deptodoc.btr
2002.06.24 15:14 B C:\Mes documents\SITESILEX\_vti_pvt\doctodep.btr --> www.uga.cernet.fr /WebSilex/_vti_pvt doctodep.btr
2002.06.24 15:14 B C:\Mes documents\SITESILEX\_vti_pvt\linkinfo.cnf --> www.uga.cernet.fr /WebSilex/_vti_pvt linkinfo.cnf
2002.06.24 15:14 B C:\Mes documents\SITESILEX\_vti_pvt\service.cnf --> www.uga.cernet.fr /WebSilex/_vti_pvt service.cnf
2002.06.24 15:14 B C:\Mes documents\SITESILEX\_vti_pvt\service.lck --> www.uga.cernet.fr /WebSilex/_vti_pvt service.lck
2002.06.24 15:14 B C:\Mes documents\SITESILEX\_vti_pvt\services.cnf --> www.uga.cernet.fr /WebSilex/_vti_pvt services.cnf
2002.06.24 15:14 B C:\Mes documents\SITESILEX\_vti_pvt\structure.cnf --> www.uga.cernet.fr /WebSilex/_vti_pvt structure.cnf
2002.06.24 15:14 B C:\Mes documents\SITESILEX\_vti_pvt\WS_FTP.LOG --> www.uga.cernet.fr /WebSilex/_vti_pvt WS_FTP.LOG
2002.06.24 15:44 B C:\Mes documents\SITESILEX\_vti_pvt\_x_todo.htm --> www.uga.cernet.fr /WebSilex/_vti_pvt _x_todo.htm
2002.06.24 15:44 B C:\Mes documents\SITESILEX\_vti_pvt\_x_todoh.htm --> www.uga.cernet.fr /WebSilex/_vti_pvt _x_todoh.htm
2002.06.24 15:44 B C:\Mes documents\SITESILEX\_vti_pvt\botinfs.cnf --> www.uga.cernet.fr /WebSilex/_vti_pvt botinfs.cnf
2002.06.24 15:44 B C:\Mes documents\SITESILEX\_vti_pvt\bots.cnf --> www.uga.cernet.fr /WebSilex/_vti_pvt bots.cnf
2002.06.24 15:44 B C:\Mes documents\SITESILEX\_vti_pvt\deptodoc.btr --> www.uga.cernet.fr /WebSilex/_vti_pvt deptodoc.btr
2002.06.24 15:44 B C:\Mes documents\SITESILEX\_vti_pvt\doctodep.btr --> www.uga.cernet.fr /WebSilex/_vti_pvt doctodep.btr
2002.06.24 15:44 B C:\Mes documents\SITESILEX\_vti_pvt\linkinfo.cnf --> www.uga.cernet.fr /WebSilex/_vti_pvt linkinfo.cnf
2002.06.24 15:44 B C:\Mes documents\SITESILEX\_vti_pvt\service.cnf --> www.uga.cernet.fr /WebSilex/_vti_pvt service.cnf
2002.06.24 15:44 B C:\Mes documents\SITESILEX\_vti_pvt\service.lck --> www.uga.cernet.fr /WebSilex/_vti_pvt service.lck
2002.06.24 15:44 B C:\Mes documents\SITESILEX\_vti_pvt\services.cnf --> www.uga.cernet.fr /WebSilex/_vti_pvt services.cnf
2002.06.24 15:44 B C:\Mes documents\SITESILEX\_vti_pvt\structure.cnf --> www.uga.cernet.fr /WebSilex/_vti_pvt structure.cnf
2002.06.24 15:44 B C:\Mes documents\SITESILEX\_vti_pvt\WS_FTP.LOG --> www.uga.cernet.fr /WebSilex/_vti_pvt WS_FTP.LOG
2002.06.24 16:17 B C:\Mes documents\SITESILEX\_vti_pvt\_x_todo.htm --> www.uga.cernet.fr /WebSilex/_vti_pvt _x_todo.htm
2002.06.24 16:17 B C:\Mes documents\SITESILEX\_vti_pvt\_x_todoh.htm --> www.uga.cernet.fr /WebSilex/_vti_pvt _x_todoh.htm
2002.06.24 16:17 B C:\Mes documents\SITESILEX\_vti_pvt\botinfs.cnf --> www.uga.cernet.fr /WebSilex/_vti_pvt botinfs.cnf
2002.06.24 16:17 B C:\Mes documents\SITESILEX\_vti_pvt\bots.cnf --> www.uga.cernet.fr /WebSilex/_vti_pvt bots.cnf
2002.06.24 16:17 B C:\Mes documents\SITESILEX\_vti_pvt\deptodoc.btr --> www.uga.cernet.fr /WebSilex/_vti_pvt deptodoc.btr
2002.06.24 16:17 B C:\Mes documents\SITESILEX\_vti_pvt\doctodep.btr --> www.uga.cernet.fr /WebSilex/_vti_pvt doctodep.btr
2002.06.24 16:17 B C:\Mes documents\SITESILEX\_vti_pvt\linkinfo.cnf --> www.uga.cernet.fr /WebSilex/_vti_pvt linkinfo.cnf
2002.06.24 16:17 B C:\Mes documents\SITESILEX\_vti_pvt\service.cnf --> www.uga.cernet.fr /WebSilex/_vti_pvt service.cnf
2002.06.24 16:17 B C:\Mes documents\SITESILEX\_vti_pvt\service.lck --> www.uga.cernet.fr /WebSilex/_vti_pvt service.lck
2002.06.24 16:17 B C:\Mes documents\SITESILEX\_vti_pvt\services.cnf --> www.uga.cernet.fr /WebSilex/_vti_pvt services.cnf
2002.06.24 16:17 B C:\Mes documents\SITESILEX\_vti_pvt\structure.cnf --> www.uga.cernet.fr /WebSilex/_vti_pvt structure.cnf
2002.06.24 16:17 B C:\Mes documents\SITESILEX\_vti_pvt\WS_FTP.LOG --> www.uga.cernet.fr /WebSilex/_vti_pvt WS_FTP.LOG
2002.06.24 16:48 B C:\Mes documents\SITESILEX\_vti_pvt\_x_todo.htm --> www.uga.cernet.fr /WebSilex/_vti_pvt _x_todo.htm
2002.06.24 16:48 B C:\Mes documents\SITESILEX\_vti_pvt\_x_todoh.htm --> www.uga.cernet.fr /WebSilex/_vti_pvt _x_todoh.htm
2002.06.24 16:48 B C:\Mes documents\SITESILEX\_vti_pvt\botinfs.cnf --> www.uga.cernet.fr /WebSilex/_vti_pvt botinfs.cnf
2002.06.24 16:48 B C:\Mes documents\SITESILEX\_vti_pvt\bots.cnf --> www.uga.cernet.fr /WebSilex/_vti_pvt bots.cnf
2002.06.24 16:48 B C:\Mes documents\SITESILEX\_vti_pvt\deptodoc.btr --> www.uga.cernet.fr /WebSilex/_vti_pvt deptodoc.btr
2002.06.24 16:48 B C:\Mes documents\SITESILEX\_vti_pvt\doctodep.btr --> www.uga.cernet.fr /WebSilex/_vti_pvt doctodep.btr
2002.06.24 16:48 B C:\Mes documents\SITESILEX\_vti_pvt\linkinfo.cnf --> www.uga.cernet.fr /WebSilex/_vti_pvt linkinfo.cnf
2002.06.24 16:48 B C:\Mes documents\SITESILEX\_vti_pvt\service.cnf --> www.uga.cernet.fr /WebSilex/_vti_pvt service.cnf
2002.06.24 16:48 B C:\Mes documents\SITESILEX\_vti_pvt\service.lck --> www.uga.cernet.fr /WebSilex/_vti_pvt service.lck
2002.06.24 16:48 B C:\Mes documents\SITESILEX\_vti_pvt\services.cnf --> www.uga.cernet.fr /WebSilex/_vti_pvt services.cnf
2002.06.24 16:48 B C:\Mes documents\SITESILEX\_vti_pvt\structure.cnf --> www.uga.cernet.fr /WebSilex/_vti_pvt structure.cnf
2002.06.24 16:48 B C:\Mes documents\SITESILEX\_vti_pvt\WS_FTP.LOG --> www.uga.cernet.fr /WebSilex/_vti_pvt WS_FTP.LOG
2002.06.25 10:19 B C:\Mes documents\SITESILEX\_vti_pvt\_x_todo.htm --> www.uga.cernet.fr /WebSilex/_vti_pvt _x_todo.htm
2002.06.25 10:19 B C:\Mes documents\SITESILEX\_vti_pvt\_x_todoh.htm --> www.uga.cernet.fr /WebSilex/_vti_pvt _x_todoh.htm
2002.06.25 10:19 B C:\Mes documents\SITESILEX\_vti_pvt\botinfs.cnf --> www.uga.cernet.fr /WebSilex/_vti_pvt botinfs.cnf
2002.06.25 10:19 B C:\Mes documents\SITESILEX\_vti_pvt\bots.cnf --> www.uga.cernet.fr /WebSilex/_vti_pvt bots.cnf
2002.06.25 10:19 B C:\Mes documents\SITESILEX\_vti_pvt\deptodoc.btr --> www.uga.cernet.fr /WebSilex/_vti_pvt deptodoc.btr
2002.06.25 10:19 B C:\Mes documents\SITESILEX\_vti_pvt\doctodep.btr --> www.uga.cernet.fr /WebSilex/_vti_pvt doctodep.btr
2002.06.25 10:19 B C:\Mes documents\SITESILEX\_vti_pvt\linkinfo.cnf --> www.uga.cernet.fr /WebSilex/_vti_pvt linkinfo.cnf
2002.06.25 10:19 B C:\Mes documents\SITESILEX\_vti_pvt\service.cnf --> www.uga.cernet.fr /WebSilex/_vti_pvt service.cnf
2002.06.25 10:19 B C:\Mes documents\SITESILEX\_vti_pvt\service.lck --> www.uga.cernet.fr /WebSilex/_vti_pvt service.lck
2002.06.25 10:19 B C:\Mes documents\SITESILEX\_vti_pvt\services.cnf --> www.uga.cernet.fr /WebSilex/_vti_pvt services.cnf
2002.06.25 10:19 B C:\Mes documents\SITESILEX\_vti_pvt\structure.cnf --> www.uga.cernet.fr /WebSilex/_vti_pvt structure.cnf
2002.06.25 10:19 B C:\Mes documents\SITESILEX\_vti_pvt\WS_FTP.LOG --> www.uga.cernet.fr /WebSilex/_vti_pvt WS_FTP.LOG
2002.06.25 11:19 B C:\Mes documents\SITESILEX\_vti_pvt\_x_todo.htm --> www.uga.cernet.fr /WebSilex/_vti_pvt _x_todo.htm
2002.06.25 11:19 B C:\Mes documents\SITESILEX\_vti_pvt\_x_todoh.htm --> www.uga.cernet.fr /WebSilex/_vti_pvt _x_todoh.htm
2002.06.25 11:19 B C:\Mes documents\SITESILEX\_vti_pvt\botinfs.cnf --> www.uga.cernet.fr /WebSilex/_vti_pvt botinfs.cnf
2002.06.25 11:19 B C:\Mes documents\SITESILEX\_vti_pvt\bots.cnf --> www.uga.cernet.fr /WebSilex/_vti_pvt bots.cnf
2002.06.25 11:19 B C:\Mes documents\SITESILEX\_vti_pvt\deptodoc.btr --> www.uga.cernet.fr /WebSilex/_vti_pvt deptodoc.btr
2002.06.25 11:19 B C:\Mes documents\SITESILEX\_vti_pvt\doctodep.btr --> www.uga.cernet.fr /WebSilex/_vti_pvt doctodep.btr
2002.06.25 11:19 B C:\Mes documents\SITESILEX\_vti_pvt\linkinfo.cnf --> www.uga.cernet.fr /WebSilex/_vti_pvt linkinfo.cnf
2002.06.25 11:20 B C:\Mes documents\SITESILEX\_vti_pvt\service.cnf --> www.uga.cernet.fr /WebSilex/_vti_pvt service.cnf
2002.06.25 11:20 B C:\Mes documents\SITESILEX\_vti_pvt\service.lck --> www.uga.cernet.fr /WebSilex/_vti_pvt service.lck
2002.06.25 11:20 B C:\Mes documents\SITESILEX\_vti_pvt\services.cnf --> www.uga.cernet.fr /WebSilex/_vti_pvt services.cnf
2002.06.25 11:20 B C:\Mes documents\SITESILEX\_vti_pvt\structure.cnf --> www.uga.cernet.fr /WebSilex/_vti_pvt structure.cnf
2002.06.25 11:20 B C:\Mes documents\SITESILEX\_vti_pvt\writeto.cnf --> www.uga.cernet.fr /WebSilex/_vti_pvt writeto.cnf
2002.06.25 11:20 B C:\Mes documents\SITESILEX\_vti_pvt\WS_FTP.LOG --> www.uga.cernet.fr /WebSilex/_vti_pvt WS_FTP.LOG
2002.06.25 11:41 B C:\Mes documents\SITESILEX\_vti_pvt\deptodoc.btr --> www.uga.cernet.fr /WebSilex/_vti_pvt deptodoc.btr
2002.06.25 11:41 B C:\Mes documents\SITESILEX\_vti_pvt\doctodep.btr --> www.uga.cernet.fr /WebSilex/_vti_pvt doctodep.btr
2002.06.25 11:41 B C:\Mes documents\SITESILEX\_vti_pvt\linkinfo.cnf --> www.uga.cernet.fr /WebSilex/_vti_pvt linkinfo.cnf
2002.06.25 11:41 B C:\Mes documents\SITESILEX\_vti_pvt\service.lck --> www.uga.cernet.fr /WebSilex/_vti_pvt service.lck
2002.06.25 11:41 B C:\Mes documents\SITESILEX\_vti_pvt\writeto.cnf --> www.uga.cernet.fr /WebSilex/_vti_pvt writeto.cnf
2002.06.25 11:41 B C:\Mes documents\SITESILEX\_vti_pvt\WS_FTP.LOG --> www.uga.cernet.fr /WebSilex/_vti_pvt WS_FTP.LOG
2002.06.25 11:44 B C:\Mes documents\SITESILEX\_vti_pvt\_x_todo.htm --> www.uga.cernet.fr /WebSilex/_vti_pvt _x_todo.htm
2002.06.25 11:44 B C:\Mes documents\SITESILEX\_vti_pvt\_x_todoh.htm --> www.uga.cernet.fr /WebSilex/_vti_pvt _x_todoh.htm
2002.06.25 11:44 B C:\Mes documents\SITESILEX\_vti_pvt\botinfs.cnf --> www.uga.cernet.fr /WebSilex/_vti_pvt botinfs.cnf
2002.06.25 11:44 B C:\Mes documents\SITESILEX\_vti_pvt\bots.cnf --> www.uga.cernet.fr /WebSilex/_vti_pvt bots.cnf
2002.06.25 11:44 B C:\Mes documents\SITESILEX\_vti_pvt\deptodoc.btr --> www.uga.cernet.fr /WebSilex/_vti_pvt deptodoc.btr
2002.06.25 11:44 B C:\Mes documents\SITESILEX\_vti_pvt\doctodep.btr --> www.uga.cernet.fr /WebSilex/_vti_pvt doctodep.btr
2002.06.25 11:44 B C:\Mes documents\SITESILEX\_vti_pvt\linkinfo.cnf --> www.uga.cernet.fr /WebSilex/_vti_pvt linkinfo.cnf
2002.06.25 11:44 B C:\Mes documents\SITESILEX\_vti_pvt\service.cnf --> www.uga.cernet.fr /WebSilex/_vti_pvt service.cnf
2002.06.25 11:44 B C:\Mes documents\SITESILEX\_vti_pvt\service.lck --> www.uga.cernet.fr /WebSilex/_vti_pvt service.lck
2002.06.25 11:44 B C:\Mes documents\SITESILEX\_vti_pvt\services.cnf --> www.uga.cernet.fr /WebSilex/_vti_pvt services.cnf
2002.06.25 11:44 B C:\Mes documents\SITESILEX\_vti_pvt\structure.cnf --> www.uga.cernet.fr /WebSilex/_vti_pvt structure.cnf
2002.06.25 11:44 B C:\Mes documents\SITESILEX\_vti_pvt\writeto.cnf --> www.uga.cernet.fr /WebSilex/_vti_pvt writeto.cnf
2002.06.25 11:44 B C:\Mes documents\SITESILEX\_vti_pvt\WS_FTP.LOG --> www.uga.cernet.fr /WebSilex/_vti_pvt WS_FTP.LOG
2002.06.25 15:32 B C:\Mes documents\SITESILEX\_vti_pvt\_x_todo.htm --> www.uga.cernet.fr /WebSilex/_vti_pvt _x_todo.htm
2002.06.25 15:32 B C:\Mes documents\SITESILEX\_vti_pvt\_x_todoh.htm --> www.uga.cernet.fr /WebSilex/_vti_pvt _x_todoh.htm
2002.06.25 15:32 B C:\Mes documents\SITESILEX\_vti_pvt\botinfs.cnf --> www.uga.cernet.fr /WebSilex/_vti_pvt botinfs.cnf
2002.06.25 15:32 B C:\Mes documents\SITESILEX\_vti_pvt\bots.cnf --> www.uga.cernet.fr /WebSilex/_vti_pvt bots.cnf
2002.06.25 15:32 B C:\Mes documents\SITESILEX\_vti_pvt\deptodoc.btr --> www.uga.cernet.fr /WebSilex/_vti_pvt deptodoc.btr
2002.06.25 15:32 B C:\Mes documents\SITESILEX\_vti_pvt\doctodep.btr --> www.uga.cernet.fr /WebSilex/_vti_pvt doctodep.btr
2002.06.25 15:32 B C:\Mes documents\SITESILEX\_vti_pvt\linkinfo.cnf --> www.uga.cernet.fr /WebSilex/_vti_pvt linkinfo.cnf
2002.06.25 15:32 B C:\Mes documents\SITESILEX\_vti_pvt\service.cnf --> www.uga.cernet.fr /WebSilex/_vti_pvt service.cnf
2002.06.25 15:32 B C:\Mes documents\SITESILEX\_vti_pvt\service.lck --> www.uga.cernet.fr /WebSilex/_vti_pvt service.lck
2002.06.25 15:32 B C:\Mes documents\SITESILEX\_vti_pvt\services.cnf --> www.uga.cernet.fr /WebSilex/_vti_pvt services.cnf
2002.06.25 15:32 B C:\Mes documents\SITESILEX\_vti_pvt\structure.cnf --> www.uga.cernet.fr /WebSilex/_vti_pvt structure.cnf
2002.06.25 15:32 B C:\Mes documents\SITESILEX\_vti_pvt\writeto.cnf --> www.uga.cernet.fr /WebSilex/_vti_pvt writeto.cnf
2002.06.25 15:32 B C:\Mes documents\SITESILEX\_vti_pvt\WS_FTP.LOG --> www.uga.cernet.fr /WebSilex/_vti_pvt WS_FTP.LOG
2002.06.25 16:59 B C:\Mes documents\SITESILEX\_vti_pvt\_x_todo.htm --> www.uga.cernet.fr /WebSilex/_vti_pvt _x_todo.htm
2002.06.25 16:59 B C:\Mes documents\SITESILEX\_vti_pvt\_x_todoh.htm --> www.uga.cernet.fr /WebSilex/_vti_pvt _x_todoh.htm
2002.06.25 16:59 B C:\Mes documents\SITESILEX\_vti_pvt\botinfs.cnf --> www.uga.cernet.fr /WebSilex/_vti_pvt botinfs.cnf
2002.06.25 16:59 B C:\Mes documents\SITESILEX\_vti_pvt\bots.cnf --> www.uga.cernet.fr /WebSilex/_vti_pvt bots.cnf
2002.06.25 16:59 B C:\Mes documents\SITESILEX\_vti_pvt\deptodoc.btr --> www.uga.cernet.fr /WebSilex/_vti_pvt deptodoc.btr
2002.06.25 16:59 B C:\Mes documents\SITESILEX\_vti_pvt\doctodep.btr --> www.uga.cernet.fr /WebSilex/_vti_pvt doctodep.btr
2002.06.25 16:59 B C:\Mes documents\SITESILEX\_vti_pvt\linkinfo.cnf --> www.uga.cernet.fr /WebSilex/_vti_pvt linkinfo.cnf
2002.06.25 16:59 B C:\Mes documents\SITESILEX\_vti_pvt\service.cnf --> www.uga.cernet.fr /WebSilex/_vti_pvt service.cnf
2002.06.25 16:59 B C:\Mes documents\SITESILEX\_vti_pvt\service.lck --> www.uga.cernet.fr /WebSilex/_vti_pvt service.lck
2002.06.25 16:59 B C:\Mes documents\SITESILEX\_vti_pvt\services.cnf --> www.uga.cernet.fr /WebSilex/_vti_pvt services.cnf
2002.06.25 16:59 B C:\Mes documents\SITESILEX\_vti_pvt\structure.cnf --> www.uga.cernet.fr /WebSilex/_vti_pvt structure.cnf
2002.06.25 16:59 B C:\Mes documents\SITESILEX\_vti_pvt\writeto.cnf --> www.uga.cernet.fr /WebSilex/_vti_pvt writeto.cnf
2002.06.25 16:59 B C:\Mes documents\SITESILEX\_vti_pvt\WS_FTP.LOG --> www.uga.cernet.fr /WebSilex/_vti_pvt WS_FTP.LOG
2002.06.26 09:30 B C:\Mes documents\SITESILEX\_vti_pvt\_x_todo.htm --> www.uga.cernet.fr /WebSilex/_vti_pvt _x_todo.htm
2002.06.26 09:30 B C:\Mes documents\SITESILEX\_vti_pvt\_x_todoh.htm --> www.uga.cernet.fr /WebSilex/_vti_pvt _x_todoh.htm
2002.06.26 09:30 B C:\Mes documents\SITESILEX\_vti_pvt\botinfs.cnf --> www.uga.cernet.fr /WebSilex/_vti_pvt botinfs.cnf
2002.06.26 09:30 B C:\Mes documents\SITESILEX\_vti_pvt\bots.cnf --> www.uga.cernet.fr /WebSilex/_vti_pvt bots.cnf
2002.06.26 09:30 B C:\Mes documents\SITESILEX\_vti_pvt\deptodoc.btr --> www.uga.cernet.fr /WebSilex/_vti_pvt deptodoc.btr
2002.06.26 09:30 B C:\Mes documents\SITESILEX\_vti_pvt\doctodep.btr --> www.uga.cernet.fr /WebSilex/_vti_pvt doctodep.btr
2002.06.26 09:30 B C:\Mes documents\SITESILEX\_vti_pvt\linkinfo.cnf --> www.uga.cernet.fr /WebSilex/_vti_pvt linkinfo.cnf
2002.06.26 09:30 B C:\Mes documents\SITESILEX\_vti_pvt\service.cnf --> www.uga.cernet.fr /WebSilex/_vti_pvt service.cnf
2002.06.26 09:30 B C:\Mes documents\SITESILEX\_vti_pvt\service.lck --> www.uga.cernet.fr /WebSilex/_vti_pvt service.lck
2002.06.26 09:30 B C:\Mes documents\SITESILEX\_vti_pvt\services.cnf --> www.uga.cernet.fr /WebSilex/_vti_pvt services.cnf
2002.06.26 09:30 B C:\Mes documents\SITESILEX\_vti_pvt\structure.cnf --> www.uga.cernet.fr /WebSilex/_vti_pvt structure.cnf
2002.06.26 09:30 B C:\Mes documents\SITESILEX\_vti_pvt\writeto.cnf --> www.uga.cernet.fr /WebSilex/_vti_pvt writeto.cnf
2002.06.26 09:30 B C:\Mes documents\SITESILEX\_vti_pvt\WS_FTP.LOG --> www.uga.cernet.fr /WebSilex/_vti_pvt WS_FTP.LOG
2002.06.26 10:02 B C:\Mes documents\SITESILEX\_vti_pvt\_x_todo.htm --> www.uga.cernet.fr /WebSilex/_vti_pvt _x_todo.htm
2002.06.26 10:02 B C:\Mes documents\SITESILEX\_vti_pvt\_x_todoh.htm --> www.uga.cernet.fr /WebSilex/_vti_pvt _x_todoh.htm
2002.06.26 10:02 B C:\Mes documents\SITESILEX\_vti_pvt\botinfs.cnf --> www.uga.cernet.fr /WebSilex/_vti_pvt botinfs.cnf
2002.06.26 10:02 B C:\Mes documents\SITESILEX\_vti_pvt\bots.cnf --> www.uga.cernet.fr /WebSilex/_vti_pvt bots.cnf
2002.06.26 10:02 B C:\Mes documents\SITESILEX\_vti_pvt\deptodoc.btr --> www.uga.cernet.fr /WebSilex/_vti_pvt deptodoc.btr
2002.06.26 10:02 B C:\Mes documents\SITESILEX\_vti_pvt\doctodep.btr --> www.uga.cernet.fr /WebSilex/_vti_pvt doctodep.btr
2002.06.26 10:02 B C:\Mes documents\SITESILEX\_vti_pvt\linkinfo.cnf --> www.uga.cernet.fr /WebSilex/_vti_pvt linkinfo.cnf
2002.06.26 10:02 B C:\Mes documents\SITESILEX\_vti_pvt\service.cnf --> www.uga.cernet.fr /WebSilex/_vti_pvt service.cnf
2002.06.26 10:02 B C:\Mes documents\SITESILEX\_vti_pvt\service.lck --> www.uga.cernet.fr /WebSilex/_vti_pvt service.lck
2002.06.26 10:03 B C:\Mes documents\SITESILEX\_vti_pvt\services.cnf --> www.uga.cernet.fr /WebSilex/_vti_pvt services.cnf
2002.06.26 10:03 B C:\Mes documents\SITESILEX\_vti_pvt\structure.cnf --> www.uga.cernet.fr /WebSilex/_vti_pvt structure.cnf
2002.06.26 10:03 B C:\Mes documents\SITESILEX\_vti_pvt\writeto.cnf --> www.uga.cernet.fr /WebSilex/_vti_pvt writeto.cnf
2002.06.28 10:50 B C:\Mes documents\WebSilex\_vti_pvt\WS_FTP.LOG <-- www.uga.cernet.fr /WebSilex/_vti_pvt WS_FTP.LOG
2003.02.07 08:54 B C:\Winsilex\Sildocs\GuideSildocs\_vti_pvt\_x_todo.htm --> www.uga.cernet.fr /WEBSILEX/GuideSildocs/_vti_pvt _x_todo.htm
2003.02.07 08:54 B C:\Winsilex\Sildocs\GuideSildocs\_vti_pvt\_x_todoh.htm --> www.uga.cernet.fr /WEBSILEX/GuideSildocs/_vti_pvt _x_todoh.htm
2003.02.07 08:54 B C:\Winsilex\Sildocs\GuideSildocs\_vti_pvt\botinfs.cnf --> www.uga.cernet.fr /WEBSILEX/GuideSildocs/_vti_pvt botinfs.cnf
2003.02.07 08:54 B C:\Winsilex\Sildocs\GuideSildocs\_vti_pvt\bots.cnf --> www.uga.cernet.fr /WEBSILEX/GuideSildocs/_vti_pvt bots.cnf
2003.02.07 08:54 B C:\Winsilex\Sildocs\GuideSildocs\_vti_pvt\deptodoc.btr --> www.uga.cernet.fr /WEBSILEX/GuideSildocs/_vti_pvt deptodoc.btr
2003.02.07 08:54 B C:\Winsilex\Sildocs\GuideSildocs\_vti_pvt\doctodep.btr --> www.uga.cernet.fr /WEBSILEX/GuideSildocs/_vti_pvt doctodep.btr
2003.02.07 08:54 B C:\Winsilex\Sildocs\GuideSildocs\_vti_pvt\linkinfo.cnf --> www.uga.cernet.fr /WEBSILEX/GuideSildocs/_vti_pvt linkinfo.cnf
2003.02.07 08:54 B C:\Winsilex\Sildocs\GuideSildocs\_vti_pvt\service.cnf --> www.uga.cernet.fr /WEBSILEX/GuideSildocs/_vti_pvt service.cnf
2003.02.07 08:54 B C:\Winsilex\Sildocs\GuideSildocs\_vti_pvt\service.lck --> www.uga.cernet.fr /WEBSILEX/GuideSildocs/_vti_pvt service.lck
2003.02.07 08:54 B C:\Winsilex\Sildocs\GuideSildocs\_vti_pvt\services.cnf --> www.uga.cernet.fr /WEBSILEX/GuideSildocs/_vti_pvt services.cnf
2003.02.07 08:54 B C:\Winsilex\Sildocs\GuideSildocs\_vti_pvt\structure.cnf --> www.uga.cernet.fr /WEBSILEX/GuideSildocs/_vti_pvt structure.cnf
2003.02.07 08:54 B C:\Winsilex\Sildocs\GuideSildocs\_vti_pvt\writeto.cnf --> www.uga.cernet.fr /WEBSILEX/GuideSildocs/_vti_pvt writeto.cnf
2003.02.07 08:54 B C:\Winsilex\Sildocs\GuideSildocs\_vti_pvt\WS_FTP.LOG --> www.uga.cernet.fr /WEBSILEX/GuideSildocs/_vti_pvt WS_FTP.LOG
2003.02.07 11:46 B C:\WEBSILEX\GuideSildocs\_vti_pvt\_x_todo.htm --> www.uga.cernet.fr /WEBSILEX/GuideSildocs/_vti_pvt _x_todo.htm
2003.02.07 11:46 B C:\WEBSILEX\GuideSildocs\_vti_pvt\_x_todoh.htm --> www.uga.cernet.fr /WEBSILEX/GuideSildocs/_vti_pvt _x_todoh.htm
2003.02.07 11:46 B C:\WEBSILEX\GuideSildocs\_vti_pvt\botinfs.cnf --> www.uga.cernet.fr /WEBSILEX/GuideSildocs/_vti_pvt botinfs.cnf
2003.02.07 11:46 B C:\WEBSILEX\GuideSildocs\_vti_pvt\bots.cnf --> www.uga.cernet.fr /WEBSILEX/GuideSildocs/_vti_pvt bots.cnf
2003.02.07 11:46 B C:\WEBSILEX\GuideSildocs\_vti_pvt\deptodoc.btr --> www.uga.cernet.fr /WEBSILEX/GuideSildocs/_vti_pvt deptodoc.btr
2003.02.07 11:46 B C:\WEBSILEX\GuideSildocs\_vti_pvt\doctodep.btr --> www.uga.cernet.fr /WEBSILEX/GuideSildocs/_vti_pvt doctodep.btr
2003.02.07 11:46 B C:\WEBSILEX\GuideSildocs\_vti_pvt\linkinfo.cnf --> www.uga.cernet.fr /WEBSILEX/GuideSildocs/_vti_pvt linkinfo.cnf
2003.02.07 11:46 B C:\WEBSILEX\GuideSildocs\_vti_pvt\service.cnf --> www.uga.cernet.fr /WEBSILEX/GuideSildocs/_vti_pvt service.cnf
2003.02.07 11:46 B C:\WEBSILEX\GuideSildocs\_vti_pvt\service.lck --> www.uga.cernet.fr /WEBSILEX/GuideSildocs/_vti_pvt service.lck
2003.02.07 11:46 B C:\WEBSILEX\GuideSildocs\_vti_pvt\services.cnf --> www.uga.cernet.fr /WEBSILEX/GuideSildocs/_vti_pvt services.cnf
2003.02.07 11:46 B C:\WEBSILEX\GuideSildocs\_vti_pvt\structure.cnf --> www.uga.cernet.fr /WEBSILEX/GuideSildocs/_vti_pvt structure.cnf
2003.02.07 11:46 B C:\WEBSILEX\GuideSildocs\_vti_pvt\writeto.cnf --> www.uga.cernet.fr /WEBSILEX/GuideSildocs/_vti_pvt writeto.cnf
2003.02.07 11:46 B C:\WEBSILEX\GuideSildocs\_vti_pvt\WS_FTP.LOG --> www.uga.cernet.fr /WEBSILEX/GuideSildocs/_vti_pvt WS_FTP.LOG
2003.08.13 10:13 B C:\WEBSILEX2003\GuideSildocs\_vti_pvt\_x_todo.htm --> www.uga.cernet.fr /WEBSILEX2003/GuideSildocs/_vti_pvt _x_todo.htm
2003.08.13 10:13 B C:\WEBSILEX2003\GuideSildocs\_vti_pvt\_x_todoh.htm --> www.uga.cernet.fr /WEBSILEX2003/GuideSildocs/_vti_pvt _x_todoh.htm
2003.08.13 10:13 B C:\WEBSILEX2003\GuideSildocs\_vti_pvt\botinfs.cnf --> www.uga.cernet.fr /WEBSILEX2003/GuideSildocs/_vti_pvt botinfs.cnf
2003.08.13 10:13 B C:\WEBSILEX2003\GuideSildocs\_vti_pvt\bots.cnf --> www.uga.cernet.fr /WEBSILEX2003/GuideSildocs/_vti_pvt bots.cnf
2003.08.13 10:13 B C:\WEBSILEX2003\GuideSildocs\_vti_pvt\deptodoc.btr --> www.uga.cernet.fr /WEBSILEX2003/GuideSildocs/_vti_pvt deptodoc.btr
2003.08.13 10:13 B C:\WEBSILEX2003\GuideSildocs\_vti_pvt\doctodep.btr --> www.uga.cernet.fr /WEBSILEX2003/GuideSildocs/_vti_pvt doctodep.btr
2003.08.13 10:13 B C:\WEBSILEX2003\GuideSildocs\_vti_pvt\linkinfo.cnf --> www.uga.cernet.fr /WEBSILEX2003/GuideSildocs/_vti_pvt linkinfo.cnf
2003.08.13 10:13 B C:\WEBSILEX2003\GuideSildocs\_vti_pvt\service.cnf --> www.uga.cernet.fr /WEBSILEX2003/GuideSildocs/_vti_pvt service.cnf
2003.08.13 10:13 B C:\WEBSILEX2003\GuideSildocs\_vti_pvt\service.lck --> www.uga.cernet.fr /WEBSILEX2003/GuideSildocs/_vti_pvt service.lck
2003.08.13 10:13 B C:\WEBSILEX2003\GuideSildocs\_vti_pvt\services.cnf --> www.uga.cernet.fr /WEBSILEX2003/GuideSildocs/_vti_pvt services.cnf
2003.08.13 10:13 B C:\WEBSILEX2003\GuideSildocs\_vti_pvt\structure.cnf --> www.uga.cernet.fr /WEBSILEX2003/GuideSildocs/_vti_pvt structure.cnf
2003.08.13 10:13 B C:\WEBSILEX2003\GuideSildocs\_vti_pvt\writeto.cnf --> www.uga.cernet.fr /WEBSILEX2003/GuideSildocs/_vti_pvt writeto.cnf
2003.08.13 10:13 B C:\WEBSILEX2003\GuideSildocs\_vti_pvt\WS_FTP.LOG --> www.uga.cernet.fr /WEBSILEX2003/GuideSildocs/_vti_pvt WS_FTP.LOG
